;  LST file generated by mikroListExporter - v.2.0 
; Date/Time: 5/30/2019 5:18:59 AM
;----------------------------------------------

;Address Opcode 	ASM
0x0000	0x2A4E      	GOTO       590
_interrupt:
0x0004	0x00DF      	MOVWF      R15
0x0005	0x0E03      	SWAPF      STATUS, 0
0x0006	0x0183      	CLRF       STATUS
0x0007	0x00A5      	MOVWF      ___saveSTATUS
0x0008	0x080A      	MOVF       PCLATH, 0
0x0009	0x00A6      	MOVWF      ___savePCLATH
0x000A	0x018A      	CLRF       PCLATH
;MyProject.c,4 :: 		void interrupt(){
;MyProject.c,5 :: 		if(TMR0IF_bit){
0x000B	0x1D0B      	BTFSS      TMR0IF_bit, BitPos(TMR0IF_bit+0)
0x000C	0x2845      	GOTO       L_interrupt0
;MyProject.c,7 :: 		TMR0IF_bit = 0x00;
0x000D	0x110B      	BCF        TMR0IF_bit, BitPos(TMR0IF_bit+0)
;MyProject.c,9 :: 		for(i=-180;i<=180;i++){
0x000E	0x304C      	MOVLW      76
0x000F	0x00A3      	MOVWF      _i
0x0010	0x30FF      	MOVLW      255
0x0011	0x00A4      	MOVWF      _i+1
L_interrupt1:
0x0012	0x3080      	MOVLW      128
0x0013	0x00D0      	MOVWF      R0
0x0014	0x3080      	MOVLW      128
0x0015	0x0624      	XORWF      _i+1, 0
0x0016	0x0250      	SUBWF      R0, 0
0x0017	0x1D03      	BTFSS      STATUS, 2
0x0018	0x281B      	GOTO       L__interrupt6
0x0019	0x0823      	MOVF       _i, 0
0x001A	0x3CB4      	SUBLW      180
L__interrupt6:
0x001B	0x1C03      	BTFSS      STATUS, 0
0x001C	0x2845      	GOTO       L_interrupt2
;MyProject.c,10 :: 		saida=  sinE3(i*0.01745)*(127.5);
0x001D	0x0823      	MOVF       _i, 0
0x001E	0x00D0      	MOVWF      R0
0x001F	0x0824      	MOVF       _i+1, 0
0x0020	0x00D1      	MOVWF      R0+1
0x0021	0x21D1      	CALL       _int2double
0x0022	0x304D      	MOVLW      77
0x0023	0x00D4      	MOVWF      R4
0x0024	0x30F3      	MOVLW      243
0x0025	0x00D5      	MOVWF      R4+1
0x0026	0x300E      	MOVLW      14
0x0027	0x00D6      	MOVWF      R4+2
0x0028	0x3079      	MOVLW      121
0x0029	0x00D7      	MOVWF      R4+3
0x002A	0x20CE      	CALL       _Mul_32x32_FP
0x002B	0x212F      	CALL       _double2word
0x002C	0x0850      	MOVF       R0, 0
0x002D	0x00A7      	MOVWF      FARG_sinE3_angle_deg
0x002E	0x0851      	MOVF       R0+1, 0
0x002F	0x00A8      	MOVWF      FARG_sinE3_angle_deg+1
0x0030	0x21EF      	CALL       _sinE3
0x0031	0x21D1      	CALL       _int2double
0x0032	0x3000      	MOVLW      0
0x0033	0x00D4      	MOVWF      R4
0x0034	0x3000      	MOVLW      0
0x0035	0x00D5      	MOVWF      R4+1
0x0036	0x307F      	MOVLW      127
0x0037	0x00D6      	MOVWF      R4+2
0x0038	0x3085      	MOVLW      133
0x0039	0x00D7      	MOVWF      R4+3
0x003A	0x20CE      	CALL       _Mul_32x32_FP
0x003B	0x218E      	CALL       _double2byte
0x003C	0x1850      	BTFSC      R0, 0
0x003D	0x2840      	GOTO       L__interrupt7
0x003E	0x1005      	BCF        GPIO, 0
0x003F	0x2841      	GOTO       L__interrupt8
L__interrupt7:
0x0040	0x1405      	BSF        GPIO, 0
L__interrupt8:
;MyProject.c,9 :: 		for(i=-180;i<=180;i++){
0x0041	0x0AA3      	INCF       _i, 1
0x0042	0x1903      	BTFSC      STATUS, 2
0x0043	0x0AA4      	INCF       _i+1, 1
;MyProject.c,11 :: 		}
0x0044	0x2812      	GOTO       L_interrupt1
L_interrupt2:
;MyProject.c,12 :: 		}
L_interrupt0:
;MyProject.c,13 :: 		}
L_end_interrupt:
L__interrupt5:
0x0045	0x0826      	MOVF       ___savePCLATH, 0
0x0046	0x008A      	MOVWF      PCLATH
0x0047	0x0E25      	SWAPF      ___saveSTATUS, 0
0x0048	0x0083      	MOVWF      STATUS
0x0049	0x0EDF      	SWAPF      R15, 1
0x004A	0x0E5F      	SWAPF      R15, 0
0x004B	0x0009      	RETFIE
; end of _interrupt
_FIXSIGN32:
;__Lib_MathDouble.c,112 :: 		
;__Lib_MathDouble.c,116 :: 		
0x004C	0x1FDA      	BTFSS      R10, 7
;__Lib_MathDouble.c,117 :: 		
0x004D	0x13D2      	BCF        R2, 7
;__Lib_MathDouble.c,118 :: 		
0x004E	0x3000      	MOVLW      0
;__Lib_MathDouble.c,120 :: 		
L_end_FIXSIGN32:
0x004F	0x0008      	RETURN
; end of _FIXSIGN32
_SETFUN32:
;__Lib_MathDouble.c,138 :: 		
;__Lib_MathDouble.c,145 :: 		
0x0050	0x155B      	BSF        R11, 2
;__Lib_MathDouble.c,146 :: 		
0x0051	0x1FDB      	BTFSS      R11, 7
;__Lib_MathDouble.c,147 :: 		
0x0052	0x285A      	GOTO       SETFUN32EEE
;__Lib_MathDouble.c,148 :: 		
0x0053	0x3001      	MOVLW      1
;__Lib_MathDouble.c,149 :: 		
0x0054	0x00D3      	MOVWF      R3
;__Lib_MathDouble.c,150 :: 		
0x0055	0x01D2      	CLRF       R2
;__Lib_MathDouble.c,151 :: 		
0x0056	0x01D1      	CLRF       R1
;__Lib_MathDouble.c,152 :: 		
0x0057	0x01D0      	CLRF       R0
;__Lib_MathDouble.c,153 :: 		
0x0058	0x0DDA      	RLF        R10, 1
;__Lib_MathDouble.c,154 :: 		
0x0059	0x0CD2      	RRF        R2, 1
;__Lib_MathDouble.c,155 :: 		
SETFUN32EEE:
;__Lib_MathDouble.c,156 :: 		
0x005A	0x30FF      	MOVLW      255
;__Lib_MathDouble.c,158 :: 		
L_end_SETFUN32:
0x005B	0x0008      	RETURN
; end of _SETFUN32
_RES032:
;__Lib_MathDouble.c,123 :: 		
;__Lib_MathDouble.c,128 :: 		
0x005C	0x01D2      	CLRF       R2
;__Lib_MathDouble.c,129 :: 		
0x005D	0x01D1      	CLRF       R1
;__Lib_MathDouble.c,130 :: 		
0x005E	0x01D0      	CLRF       R0
;__Lib_MathDouble.c,131 :: 		
0x005F	0x01D8      	CLRF       R8
;__Lib_MathDouble.c,132 :: 		
0x0060	0x01D3      	CLRF       R3
;__Lib_MathDouble.c,133 :: 		
0x0061	0x3000      	MOVLW      0
;__Lib_MathDouble.c,135 :: 		
L_end_RES032:
0x0062	0x0008      	RETURN
; end of _RES032
_NRM3232:
;__Lib_MathDouble.c,167 :: 		
;__Lib_MathDouble.c,173 :: 		
;__Lib_MathDouble.c,175 :: 		
0x0063	0x01A0      	CLRF       __math_tempbD
;__Lib_MathDouble.c,176 :: 		
0x0064	0x0852      	MOVF       R2, 0
;__Lib_MathDouble.c,177 :: 		
0x0065	0x1D03      	BTFSS      STATUS, 2
;__Lib_MathDouble.c,178 :: 		
0x0066	0x2878      	GOTO       NORM3232
;__Lib_MathDouble.c,179 :: 		
0x0067	0x0851      	MOVF       R1, 0
;__Lib_MathDouble.c,180 :: 		
0x0068	0x00D2      	MOVWF      R2
;__Lib_MathDouble.c,181 :: 		
0x0069	0x0850      	MOVF       R0, 0
;__Lib_MathDouble.c,182 :: 		
0x006A	0x00D1      	MOVWF      R1
;__Lib_MathDouble.c,183 :: 		
0x006B	0x01D0      	CLRF       R0
;__Lib_MathDouble.c,184 :: 		
0x006C	0x15A0      	BSF        __math_tempbD, 3
;__Lib_MathDouble.c,186 :: 		
0x006D	0x0852      	MOVF       R2, 0
;__Lib_MathDouble.c,187 :: 		
0x006E	0x1D03      	BTFSS      STATUS, 2
;__Lib_MathDouble.c,188 :: 		
0x006F	0x2878      	GOTO       NORM3232
;__Lib_MathDouble.c,189 :: 		
0x0070	0x0851      	MOVF       R1, 0
;__Lib_MathDouble.c,190 :: 		
0x0071	0x00D2      	MOVWF      R2
;__Lib_MathDouble.c,191 :: 		
0x0072	0x01D1      	CLRF       R1
;__Lib_MathDouble.c,192 :: 		
0x0073	0x11A0      	BCF        __math_tempbD, 3
;__Lib_MathDouble.c,193 :: 		
0x0074	0x1620      	BSF        __math_tempbD, 4
;__Lib_MathDouble.c,195 :: 		
0x0075	0x0852      	MOVF       R2, 0
;__Lib_MathDouble.c,196 :: 		
0x0076	0x1903      	BTFSC      STATUS, 2
;__Lib_MathDouble.c,197 :: 		
0x0077	0x2886      	GOTO       JPNRES032
;__Lib_MathDouble.c,198 :: 		
NORM3232:
;__Lib_MathDouble.c,199 :: 		
0x0078	0x0820      	MOVF       __math_tempbD, 0
;__Lib_MathDouble.c,200 :: 		
0x0079	0x02D3      	SUBWF      R3, 1
;__Lib_MathDouble.c,201 :: 		
0x007A	0x1D03      	BTFSS      STATUS, 2
;__Lib_MathDouble.c,202 :: 		
0x007B	0x1C03      	BTFSS      STATUS, 0
;__Lib_MathDouble.c,203 :: 		
0x007C	0x288A      	GOTO       JPNSETFUN32
;__Lib_MathDouble.c,204 :: 		
0x007D	0x1003      	BCF        STATUS, 0
;__Lib_MathDouble.c,205 :: 		
NORM3232A:
;__Lib_MathDouble.c,206 :: 		
0x007E	0x1BD2      	BTFSC      R2, 7
;__Lib_MathDouble.c,207 :: 		
0x007F	0x288E      	GOTO       JMPNFIXSIGN32
;__Lib_MathDouble.c,208 :: 		
0x0080	0x0DD0      	RLF        R0, 1
;__Lib_MathDouble.c,209 :: 		
0x0081	0x0DD1      	RLF        R1, 1
;__Lib_MathDouble.c,210 :: 		
0x0082	0x0DD2      	RLF        R2, 1
;__Lib_MathDouble.c,211 :: 		
0x0083	0x0BD3      	DECFSZ     R3, 1
;__Lib_MathDouble.c,212 :: 		
0x0084	0x287E      	GOTO       NORM3232A
;__Lib_MathDouble.c,213 :: 		
0x0085	0x288A      	GOTO       JPNSETFUN32
;__Lib_MathDouble.c,214 :: 		
JPNRES032:
;__Lib_MathDouble.c,215 :: 		
0x0086	0x3001      	MOVLW      1
;__Lib_MathDouble.c,216 :: 		
0x0087	0x00DC      	MOVWF      R12
;__Lib_MathDouble.c,218 :: 		
0x0088	0x205C      	CALL       _RES032
;__Lib_MathDouble.c,220 :: 		
0x0089	0x2891      	GOTO       NORM32EEE
;__Lib_MathDouble.c,221 :: 		
JPNSETFUN32:
;__Lib_MathDouble.c,222 :: 		
0x008A	0x3002      	MOVLW      2
;__Lib_MathDouble.c,223 :: 		
0x008B	0x00DC      	MOVWF      R12
;__Lib_MathDouble.c,225 :: 		
0x008C	0x2050      	CALL       _SETFUN32
;__Lib_MathDouble.c,227 :: 		
0x008D	0x2891      	GOTO       NORM32EEE
;__Lib_MathDouble.c,228 :: 		
JMPNFIXSIGN32:
;__Lib_MathDouble.c,229 :: 		
0x008E	0x3004      	MOVLW      4
;__Lib_MathDouble.c,230 :: 		
0x008F	0x00DC      	MOVWF      R12
;__Lib_MathDouble.c,232 :: 		
0x0090	0x204C      	CALL       _FIXSIGN32
;__Lib_MathDouble.c,234 :: 		
NORM32EEE:
;__Lib_MathDouble.c,236 :: 		
L_end_NRM3232:
0x0091	0x0008      	RETURN
; end of _NRM3232
_SETIOV3224:
;__Lib_MathDouble.c,1000 :: 		
;__Lib_MathDouble.c,1006 :: 		
0x0092	0x145B      	BSF        R11, 0
;__Lib_MathDouble.c,1007 :: 		
0x0093	0x1FDB      	BTFSS      R11, 7
;__Lib_MathDouble.c,1008 :: 		
0x0094	0x289D      	GOTO       SETIOV3224EEE
;__Lib_MathDouble.c,1010 :: 		
0x0095	0x01D2      	CLRF       R2
;__Lib_MathDouble.c,1011 :: 		
0x0096	0x1FDA      	BTFSS      R10, 7
;__Lib_MathDouble.c,1012 :: 		
0x0097	0x30FF      	MOVLW      255
;__Lib_MathDouble.c,1013 :: 		
0x0098	0x00D2      	MOVWF      R2
;__Lib_MathDouble.c,1014 :: 		
0x0099	0x00D1      	MOVWF      R1
;__Lib_MathDouble.c,1015 :: 		
0x009A	0x00D0      	MOVWF      R0
;__Lib_MathDouble.c,1016 :: 		
0x009B	0x0DDA      	RLF        R10, 1
;__Lib_MathDouble.c,1017 :: 		
0x009C	0x0CD2      	RRF        R2, 1
;__Lib_MathDouble.c,1018 :: 		
SETIOV3224EEE:
;__Lib_MathDouble.c,1019 :: 		
0x009D	0x30FF      	MOVLW      255
;__Lib_MathDouble.c,1021 :: 		
L_end_SETIOV3224:
0x009E	0x0008      	RETURN
; end of _SETIOV3224
_Div_16X16_U:
;__Lib_Math.c,215 :: 		
;__Lib_Math.c,222 :: 		
0x009F	0x1283      	BCF        STATUS, 5
;__Lib_Math.c,223 :: 		
0x00A0	0x1303      	BCF        STATUS, 6
;__Lib_Math.c,224 :: 		
0x00A1	0x01D8      	CLRF       R8
;__Lib_Math.c,225 :: 		
0x00A2	0x01D9      	CLRF       R9
;__Lib_Math.c,226 :: 		
0x00A3	0x3010      	MOVLW      16
;__Lib_Math.c,227 :: 		
0x00A4	0x00DC      	MOVWF      R12
;__Lib_Math.c,228 :: 		
0x00A5	0x0D51      	RLF        R1, 0
;__Lib_Math.c,229 :: 		
0x00A6	0x0DD8      	RLF        R8, 1
;__Lib_Math.c,230 :: 		
0x00A7	0x0DD9      	RLF        R9, 1
;__Lib_Math.c,231 :: 		
0x00A8	0x0854      	MOVF       R4, 0
;__Lib_Math.c,232 :: 		
0x00A9	0x02D8      	SUBWF      R8, 1
;__Lib_Math.c,233 :: 		
0x00AA	0x0855      	MOVF       R5, 0
;__Lib_Math.c,234 :: 		
0x00AB	0x1C03      	BTFSS      STATUS, 0
;__Lib_Math.c,235 :: 		
0x00AC	0x0F55      	INCFSZ     R5, 0
;__Lib_Math.c,236 :: 		
0x00AD	0x02D9      	SUBWF      R9, 1
;__Lib_Math.c,237 :: 		
0x00AE	0x1803      	BTFSC      STATUS, 0
;__Lib_Math.c,238 :: 		
0x00AF	0x28B7      	GOTO       $+8
;__Lib_Math.c,239 :: 		
0x00B0	0x0854      	MOVF       R4, 0
;__Lib_Math.c,240 :: 		
0x00B1	0x07D8      	ADDWF      R8, 1
;__Lib_Math.c,241 :: 		
0x00B2	0x0855      	MOVF       R5, 0
;__Lib_Math.c,242 :: 		
0x00B3	0x1803      	BTFSC      STATUS, 0
;__Lib_Math.c,243 :: 		
0x00B4	0x0F55      	INCFSZ     R5, 0
;__Lib_Math.c,244 :: 		
0x00B5	0x07D9      	ADDWF      R9, 1
;__Lib_Math.c,245 :: 		
0x00B6	0x1003      	BCF        STATUS, 0
;__Lib_Math.c,246 :: 		
0x00B7	0x0DD0      	RLF        R0, 1
;__Lib_Math.c,247 :: 		
0x00B8	0x0DD1      	RLF        R1, 1
;__Lib_Math.c,248 :: 		
0x00B9	0x0BDC      	DECFSZ     R12, 1
;__Lib_Math.c,249 :: 		
0x00BA	0x28A5      	GOTO       $-21
;__Lib_Math.c,251 :: 		
L_end_Div_16X16_U:
0x00BB	0x0008      	RETURN
; end of _Div_16X16_U
_____DoICP:
;__Lib_System.c,6 :: 		
;__Lib_System.c,9 :: 		
0x00BC	0x1283      	BCF        STATUS, 5
0x00BD	0x0822      	MOVF       ___DoICPAddr+1, 0
0x00BE	0x008A      	MOVWF      PCLATH
;__Lib_System.c,10 :: 		
0x00BF	0x0821      	MOVF       ___DoICPAddr, 0
0x00C0	0x0082      	MOVWF      PCL
;__Lib_System.c,12 :: 		
L_end_____DoICP:
0x00C1	0x0008      	RETURN
; end of _____DoICP
_SETFOV32:
;__Lib_MathDouble.c,79 :: 		
;__Lib_MathDouble.c,86 :: 		
0x00C2	0x14DB      	BSF        R11, 1
;__Lib_MathDouble.c,87 :: 		
0x00C3	0x1FDB      	BTFSS      R11, 7
;__Lib_MathDouble.c,88 :: 		
0x00C4	0x28CC      	GOTO       SETFOV32EEE
;__Lib_MathDouble.c,89 :: 		
0x00C5	0x30FF      	MOVLW      255
;__Lib_MathDouble.c,90 :: 		
0x00C6	0x00D3      	MOVWF      R3
;__Lib_MathDouble.c,91 :: 		
0x00C7	0x00D2      	MOVWF      R2
;__Lib_MathDouble.c,92 :: 		
0x00C8	0x00D1      	MOVWF      R1
;__Lib_MathDouble.c,93 :: 		
0x00C9	0x00D0      	MOVWF      R0
;__Lib_MathDouble.c,94 :: 		
0x00CA	0x0DDA      	RLF        R10, 1
;__Lib_MathDouble.c,95 :: 		
0x00CB	0x0CD2      	RRF        R2, 1
;__Lib_MathDouble.c,96 :: 		
SETFOV32EEE:
;__Lib_MathDouble.c,97 :: 		
0x00CC	0x30FF      	MOVLW      255
;__Lib_MathDouble.c,99 :: 		
L_end_SETFOV32:
0x00CD	0x0008      	RETURN
; end of _SETFOV32
_Mul_32x32_FP:
;__Lib_MathDouble.c,610 :: 		
;__Lib_MathDouble.c,622 :: 		
;__Lib_MathDouble.c,624 :: 		
0x00CE	0x1283      	BCF        STATUS, 5
;__Lib_MathDouble.c,625 :: 		
0x00CF	0x1303      	BCF        STATUS, 6
;__Lib_MathDouble.c,627 :: 		
0x00D0	0x01DB      	CLRF       R11
;__Lib_MathDouble.c,628 :: 		
0x00D1	0x0853      	MOVF       R3, 0
;__Lib_MathDouble.c,629 :: 		
0x00D2	0x1D03      	BTFSS      STATUS, 2
;__Lib_MathDouble.c,630 :: 		
0x00D3	0x0857      	MOVF       R7, 0
;__Lib_MathDouble.c,631 :: 		
0x00D4	0x1903      	BTFSC      STATUS, 2
;__Lib_MathDouble.c,632 :: 		
0x00D5	0x2925      	GOTO       JPMRES032
;__Lib_MathDouble.c,634 :: 		
0x00D6	0x0852      	MOVF       R2, 0
;__Lib_MathDouble.c,635 :: 		
0x00D7	0x0656      	XORWF      R6, 0
;__Lib_MathDouble.c,636 :: 		
0x00D8	0x00DA      	MOVWF      R10
;__Lib_MathDouble.c,637 :: 		
0x00D9	0x0857      	MOVF       R7, 0
;__Lib_MathDouble.c,638 :: 		
0x00DA	0x07D3      	ADDWF      R3, 1
;__Lib_MathDouble.c,639 :: 		
0x00DB	0x307E      	MOVLW      126
;__Lib_MathDouble.c,640 :: 		
0x00DC	0x1C03      	BTFSS      STATUS, 0
;__Lib_MathDouble.c,641 :: 		
0x00DD	0x28E2      	GOTO       MTUN32
;__Lib_MathDouble.c,642 :: 		
0x00DE	0x02D3      	SUBWF      R3, 1
;__Lib_MathDouble.c,643 :: 		
0x00DF	0x1803      	BTFSC      STATUS, 0
;__Lib_MathDouble.c,644 :: 		
0x00E0	0x2928      	GOTO       JPMSETFOV32
;__Lib_MathDouble.c,645 :: 		
0x00E1	0x28E5      	GOTO       MOK32
;__Lib_MathDouble.c,646 :: 		
MTUN32:
;__Lib_MathDouble.c,647 :: 		
0x00E2	0x02D3      	SUBWF      R3, 1
;__Lib_MathDouble.c,648 :: 		
0x00E3	0x1C03      	BTFSS      STATUS, 0
;__Lib_MathDouble.c,649 :: 		
0x00E4	0x292B      	GOTO       JPMSETFUN32
;__Lib_MathDouble.c,650 :: 		
MOK32:
;__Lib_MathDouble.c,651 :: 		
0x00E5	0x0852      	MOVF       R2, 0
;__Lib_MathDouble.c,652 :: 		
0x00E6	0x00D8      	MOVWF      R8
;__Lib_MathDouble.c,653 :: 		
0x00E7	0x0851      	MOVF       R1, 0
;__Lib_MathDouble.c,654 :: 		
0x00E8	0x00DC      	MOVWF      R12
;__Lib_MathDouble.c,655 :: 		
0x00E9	0x0850      	MOVF       R0, 0
;__Lib_MathDouble.c,656 :: 		
0x00EA	0x00DD      	MOVWF      R13
;__Lib_MathDouble.c,657 :: 		
0x00EB	0x17D8      	BSF        R8, 7
;__Lib_MathDouble.c,658 :: 		
0x00EC	0x17D6      	BSF        R6, 7
;__Lib_MathDouble.c,659 :: 		
0x00ED	0x1003      	BCF        STATUS, 0
;__Lib_MathDouble.c,660 :: 		
0x00EE	0x01D2      	CLRF       R2
;__Lib_MathDouble.c,661 :: 		
0x00EF	0x01D1      	CLRF       R1
;__Lib_MathDouble.c,662 :: 		
0x00F0	0x01D0      	CLRF       R0
;__Lib_MathDouble.c,663 :: 		
0x00F1	0x3018      	MOVLW      24
;__Lib_MathDouble.c,664 :: 		
0x00F2	0x00A0      	MOVWF      __math_tempbD
;__Lib_MathDouble.c,665 :: 		
MLOOP32:
;__Lib_MathDouble.c,666 :: 		
0x00F3	0x1C5D      	BTFSS      R13, 0
;__Lib_MathDouble.c,667 :: 		
0x00F4	0x28FF      	GOTO       MNOADD32
;__Lib_MathDouble.c,669 :: 		
0x00F5	0x0854      	MOVF       R4, 0
;__Lib_MathDouble.c,670 :: 		
0x00F6	0x07D0      	ADDWF      R0, 1
;__Lib_MathDouble.c,671 :: 		
0x00F7	0x0855      	MOVF       R5, 0
;__Lib_MathDouble.c,672 :: 		
0x00F8	0x1803      	BTFSC      STATUS, 0
;__Lib_MathDouble.c,673 :: 		
0x00F9	0x0F55      	INCFSZ     R5, 0
;__Lib_MathDouble.c,674 :: 		
0x00FA	0x07D1      	ADDWF      R1, 1
;__Lib_MathDouble.c,675 :: 		
0x00FB	0x0856      	MOVF       R6, 0
;__Lib_MathDouble.c,676 :: 		
0x00FC	0x1803      	BTFSC      STATUS, 0
;__Lib_MathDouble.c,677 :: 		
0x00FD	0x0F56      	INCFSZ     R6, 0
;__Lib_MathDouble.c,678 :: 		
0x00FE	0x07D2      	ADDWF      R2, 1
;__Lib_MathDouble.c,679 :: 		
MNOADD32:
;__Lib_MathDouble.c,680 :: 		
0x00FF	0x0CD2      	RRF        R2, 1
;__Lib_MathDouble.c,681 :: 		
0x0100	0x0CD1      	RRF        R1, 1
;__Lib_MathDouble.c,682 :: 		
0x0101	0x0CD0      	RRF        R0, 1
;__Lib_MathDouble.c,683 :: 		
0x0102	0x0CD8      	RRF        R8, 1
;__Lib_MathDouble.c,684 :: 		
0x0103	0x0CDC      	RRF        R12, 1
;__Lib_MathDouble.c,685 :: 		
0x0104	0x0CDD      	RRF        R13, 1
;__Lib_MathDouble.c,686 :: 		
0x0105	0x1003      	BCF        STATUS, 0
;__Lib_MathDouble.c,687 :: 		
0x0106	0x0BA0      	DECFSZ     __math_tempbD, 1
;__Lib_MathDouble.c,688 :: 		
0x0107	0x28F3      	GOTO       MLOOP32
;__Lib_MathDouble.c,689 :: 		
0x0108	0x1BD2      	BTFSC      R2, 7
;__Lib_MathDouble.c,690 :: 		
0x0109	0x290F      	GOTO       MROUND32
;__Lib_MathDouble.c,691 :: 		
0x010A	0x0DD8      	RLF        R8, 1
;__Lib_MathDouble.c,692 :: 		
0x010B	0x0DD0      	RLF        R0, 1
;__Lib_MathDouble.c,693 :: 		
0x010C	0x0DD1      	RLF        R1, 1
;__Lib_MathDouble.c,694 :: 		
0x010D	0x0DD2      	RLF        R2, 1
;__Lib_MathDouble.c,695 :: 		
0x010E	0x03D3      	DECF       R3, 1
;__Lib_MathDouble.c,696 :: 		
MROUND32:
;__Lib_MathDouble.c,697 :: 		
0x010F	0x1B5B      	BTFSC      R11, 6
;__Lib_MathDouble.c,698 :: 		
0x0110	0x1C50      	BTFSS      R0, 0
;__Lib_MathDouble.c,699 :: 		
0x0111	0x2921      	GOTO       MUL32OK
;__Lib_MathDouble.c,700 :: 		
0x0112	0x1FD8      	BTFSS      R8, 7
;__Lib_MathDouble.c,701 :: 		
0x0113	0x2921      	GOTO       MUL32OK
;__Lib_MathDouble.c,702 :: 		
0x0114	0x0AD0      	INCF       R0, 1
;__Lib_MathDouble.c,703 :: 		
0x0115	0x1903      	BTFSC      STATUS, 2
;__Lib_MathDouble.c,704 :: 		
0x0116	0x0AD1      	INCF       R1, 1
;__Lib_MathDouble.c,705 :: 		
0x0117	0x1903      	BTFSC      STATUS, 2
;__Lib_MathDouble.c,706 :: 		
0x0118	0x0AD2      	INCF       R2, 1
;__Lib_MathDouble.c,707 :: 		
0x0119	0x1D03      	BTFSS      STATUS, 2
;__Lib_MathDouble.c,708 :: 		
0x011A	0x2921      	GOTO       MUL32OK
;__Lib_MathDouble.c,709 :: 		
0x011B	0x0CD2      	RRF        R2, 1
;__Lib_MathDouble.c,710 :: 		
0x011C	0x0CD1      	RRF        R1, 1
;__Lib_MathDouble.c,711 :: 		
0x011D	0x0CD0      	RRF        R0, 1
;__Lib_MathDouble.c,712 :: 		
0x011E	0x0AD3      	INCF       R3, 1
;__Lib_MathDouble.c,713 :: 		
0x011F	0x1903      	BTFSC      STATUS, 2
;__Lib_MathDouble.c,714 :: 		
0x0120	0x2928      	GOTO       JPMSETFOV32
;__Lib_MathDouble.c,715 :: 		
MUL32OK:
;__Lib_MathDouble.c,716 :: 		
0x0121	0x1FDA      	BTFSS      R10, 7
;__Lib_MathDouble.c,717 :: 		
0x0122	0x13D2      	BCF        R2, 7
;__Lib_MathDouble.c,718 :: 		
0x0123	0x3000      	MOVLW      0
;__Lib_MathDouble.c,720 :: 		
0x0124	0x292D      	GOTO       MUL32EEE
;__Lib_MathDouble.c,721 :: 		
JPMRES032:
;__Lib_MathDouble.c,722 :: 		
0x0125	0x3001      	MOVLW      1
;__Lib_MathDouble.c,725 :: 		
0x0126	0x205C      	CALL       _RES032
;__Lib_MathDouble.c,727 :: 		
0x0127	0x292D      	GOTO       MUL32EEE
;__Lib_MathDouble.c,728 :: 		
JPMSETFOV32:
;__Lib_MathDouble.c,729 :: 		
0x0128	0x3002      	MOVLW      2
;__Lib_MathDouble.c,732 :: 		
0x0129	0x20C2      	CALL       _SETFOV32
;__Lib_MathDouble.c,734 :: 		
0x012A	0x292D      	GOTO       MUL32EEE
;__Lib_MathDouble.c,735 :: 		
JPMSETFUN32:
;__Lib_MathDouble.c,736 :: 		
0x012B	0x3004      	MOVLW      4
;__Lib_MathDouble.c,739 :: 		
0x012C	0x2050      	CALL       _SETFUN32
;__Lib_MathDouble.c,741 :: 		
MUL32EEE:
;__Lib_MathDouble.c,742 :: 		
0x012D	0x0000      	NOP
;__Lib_MathDouble.c,749 :: 		
L_end_Mul_32x32_FP:
0x012E	0x0008      	RETURN
; end of _Mul_32x32_FP
_double2word:
;__Lib_MathDouble.c,1529 :: 		
;__Lib_MathDouble.c,1536 :: 		
0x012F	0x1283      	BCF        STATUS, 5
;__Lib_MathDouble.c,1537 :: 		
0x0130	0x1303      	BCF        STATUS, 6
;__Lib_MathDouble.c,1539 :: 		
0x0131	0x01DB      	CLRF       R11
;__Lib_MathDouble.c,1540 :: 		
0x0132	0x01DC      	CLRF       R12
;__Lib_MathDouble.c,1541 :: 		
0x0133	0x01DA      	CLRF       R10
;__Lib_MathDouble.c,1543 :: 		
0x0134	0x0853      	MOVF       R3, 0
;__Lib_MathDouble.c,1544 :: 		
0x0135	0x1903      	BTFSC      STATUS, 2
;__Lib_MathDouble.c,1545 :: 		
0x0136	0x296E      	GOTO       IRES016U
;__Lib_MathDouble.c,1547 :: 		
0x0137	0x17D2      	BSF        R2, 7
;__Lib_MathDouble.c,1549 :: 		
0x0138	0x308E      	MOVLW      142
;__Lib_MathDouble.c,1550 :: 		
0x0139	0x02D3      	SUBWF      R3, 1
;__Lib_MathDouble.c,1551 :: 		
0x013A	0x1BD3      	BTFSC      R3, 7
;__Lib_MathDouble.c,1552 :: 		
0x013B	0x293F      	GOTO       SETEXP16U
;__Lib_MathDouble.c,1553 :: 		
0x013C	0x1903      	BTFSC      STATUS, 2
;__Lib_MathDouble.c,1554 :: 		
0x013D	0x293F      	GOTO       SETEXP16U
;__Lib_MathDouble.c,1555 :: 		
0x013E	0x2971      	GOTO       SETIOV16U
;__Lib_MathDouble.c,1556 :: 		
SETEXP16U:
;__Lib_MathDouble.c,1557 :: 		
0x013F	0x09D3      	COMF       R3, 1
;__Lib_MathDouble.c,1558 :: 		
0x0140	0x0AD3      	INCF       R3, 1
;__Lib_MathDouble.c,1560 :: 		
0x0141	0x3008      	MOVLW      8
;__Lib_MathDouble.c,1561 :: 		
0x0142	0x0253      	SUBWF      R3, 0
;__Lib_MathDouble.c,1562 :: 		
0x0143	0x1C03      	BTFSS      STATUS, 0
;__Lib_MathDouble.c,1563 :: 		
0x0144	0x2954      	GOTO       TSHIFT3216U
;__Lib_MathDouble.c,1564 :: 		
0x0145	0x00D3      	MOVWF      R3
;__Lib_MathDouble.c,1565 :: 		
0x0146	0x0DD1      	RLF        R1, 1
;__Lib_MathDouble.c,1566 :: 		
0x0147	0x0852      	MOVF       R2, 0
;__Lib_MathDouble.c,1567 :: 		
0x0148	0x00D1      	MOVWF      R1
;__Lib_MathDouble.c,1568 :: 		
0x0149	0x01D2      	CLRF       R2
;__Lib_MathDouble.c,1570 :: 		
0x014A	0x3008      	MOVLW      8
;__Lib_MathDouble.c,1571 :: 		
0x014B	0x0253      	SUBWF      R3, 0
;__Lib_MathDouble.c,1572 :: 		
0x014C	0x1C03      	BTFSS      STATUS, 0
;__Lib_MathDouble.c,1573 :: 		
0x014D	0x2954      	GOTO       TSHIFT3216U
;__Lib_MathDouble.c,1574 :: 		
0x014E	0x0DD1      	RLF        R1, 1
;__Lib_MathDouble.c,1575 :: 		
0x014F	0x01D1      	CLRF       R1
;__Lib_MathDouble.c,1577 :: 		
0x0150	0x0853      	MOVF       R3, 0
;__Lib_MathDouble.c,1578 :: 		
0x0151	0x1D03      	BTFSS      STATUS, 2
;__Lib_MathDouble.c,1579 :: 		
0x0152	0x1003      	BCF        STATUS, 0
;__Lib_MathDouble.c,1580 :: 		
0x0153	0x295C      	GOTO       SHIFT3216UOK
;__Lib_MathDouble.c,1581 :: 		
TSHIFT3216U:
;__Lib_MathDouble.c,1582 :: 		
0x0154	0x0853      	MOVF       R3, 0
;__Lib_MathDouble.c,1583 :: 		
0x0155	0x1903      	BTFSC      STATUS, 2
;__Lib_MathDouble.c,1584 :: 		
0x0156	0x295C      	GOTO       SHIFT3216UOK
;__Lib_MathDouble.c,1585 :: 		
SHIFT3216U:
;__Lib_MathDouble.c,1586 :: 		
0x0157	0x1003      	BCF        STATUS, 0
;__Lib_MathDouble.c,1587 :: 		
0x0158	0x0CD2      	RRF        R2, 1
;__Lib_MathDouble.c,1588 :: 		
0x0159	0x0CD1      	RRF        R1, 1
;__Lib_MathDouble.c,1589 :: 		
0x015A	0x0BD3      	DECFSZ     R3, 1
;__Lib_MathDouble.c,1590 :: 		
0x015B	0x2957      	GOTO       SHIFT3216U
;__Lib_MathDouble.c,1591 :: 		
SHIFT3216UOK:
;__Lib_MathDouble.c,1592 :: 		
0x015C	0x1B5B      	BTFSC      R11, 6
;__Lib_MathDouble.c,1593 :: 		
0x015D	0x1C51      	BTFSS      R1, 0
;__Lib_MathDouble.c,1594 :: 		
0x015E	0x2966      	GOTO       INT3216UOK
;__Lib_MathDouble.c,1595 :: 		
0x015F	0x1C03      	BTFSS      STATUS, 0
;__Lib_MathDouble.c,1596 :: 		
0x0160	0x2966      	GOTO       INT3216UOK
;__Lib_MathDouble.c,1597 :: 		
0x0161	0x0AD1      	INCF       R1, 1
;__Lib_MathDouble.c,1598 :: 		
0x0162	0x1903      	BTFSC      STATUS, 2
;__Lib_MathDouble.c,1599 :: 		
0x0163	0x0AD2      	INCF       R2, 1
;__Lib_MathDouble.c,1600 :: 		
0x0164	0x1BD2      	BTFSC      R2, 7
;__Lib_MathDouble.c,1601 :: 		
0x0165	0x297D      	GOTO       JPKSETIOV3224
;__Lib_MathDouble.c,1602 :: 		
INT3216UOK:
;__Lib_MathDouble.c,1603 :: 		
0x0166	0x1FDA      	BTFSS      R10, 7
;__Lib_MathDouble.c,1604 :: 		
0x0167	0x2980      	GOTO       INT3216UEOK
;__Lib_MathDouble.c,1606 :: 		
0x0168	0x09D2      	COMF       R2, 1
;__Lib_MathDouble.c,1607 :: 		
0x0169	0x09D1      	COMF       R1, 1
;__Lib_MathDouble.c,1608 :: 		
0x016A	0x0AD1      	INCF       R1, 1
;__Lib_MathDouble.c,1609 :: 		
0x016B	0x1903      	BTFSC      STATUS, 2
;__Lib_MathDouble.c,1610 :: 		
0x016C	0x0AD2      	INCF       R2, 1
;__Lib_MathDouble.c,1611 :: 		
0x016D	0x2980      	GOTO       INT3216UEOK
;__Lib_MathDouble.c,1613 :: 		
IRES016U:
;__Lib_MathDouble.c,1614 :: 		
0x016E	0x01D2      	CLRF       R2
;__Lib_MathDouble.c,1615 :: 		
0x016F	0x01D1      	CLRF       R1
;__Lib_MathDouble.c,1616 :: 		
0x0170	0x2980      	GOTO       INT3216UEOK
;__Lib_MathDouble.c,1617 :: 		
SETIOV16U:
;__Lib_MathDouble.c,1618 :: 		
0x0171	0x145B      	BSF        R11, 0
;__Lib_MathDouble.c,1619 :: 		
0x0172	0x1FDB      	BTFSS      R11, 7
;__Lib_MathDouble.c,1620 :: 		
0x0173	0x2983      	GOTO       INT3216UEER
;__Lib_MathDouble.c,1622 :: 		
0x0174	0x01D2      	CLRF       R2
;__Lib_MathDouble.c,1623 :: 		
0x0175	0x1FDA      	BTFSS      R10, 7
;__Lib_MathDouble.c,1624 :: 		
0x0176	0x2983      	GOTO       INT3216UEER
;__Lib_MathDouble.c,1625 :: 		
0x0177	0x30FF      	MOVLW      255
;__Lib_MathDouble.c,1626 :: 		
0x0178	0x00D2      	MOVWF      R2
;__Lib_MathDouble.c,1627 :: 		
0x0179	0x00D1      	MOVWF      R1
;__Lib_MathDouble.c,1628 :: 		
0x017A	0x0DDA      	RLF        R10, 1
;__Lib_MathDouble.c,1629 :: 		
0x017B	0x0CD2      	RRF        R2, 1
;__Lib_MathDouble.c,1630 :: 		
0x017C	0x2983      	GOTO       INT3216UEER
;__Lib_MathDouble.c,1632 :: 		
JPKSETIOV3224:
;__Lib_MathDouble.c,1633 :: 		
0x017D	0x3001      	MOVLW      1
;__Lib_MathDouble.c,1634 :: 		
0x017E	0x00DC      	MOVWF      R12
;__Lib_MathDouble.c,1635 :: 		
0x017F	0x2985      	GOTO       INT3216UEEE
;__Lib_MathDouble.c,1636 :: 		
INT3216UEOK:
;__Lib_MathDouble.c,1637 :: 		
0x0180	0x3000      	MOVLW      0
;__Lib_MathDouble.c,1638 :: 		
0x0181	0x00DC      	MOVWF      R12
;__Lib_MathDouble.c,1639 :: 		
0x0182	0x2985      	GOTO       INT3216UEEE
;__Lib_MathDouble.c,1640 :: 		
INT3216UEER:
;__Lib_MathDouble.c,1641 :: 		
0x0183	0x30FF      	MOVLW      255
;__Lib_MathDouble.c,1642 :: 		
0x0184	0x00DC      	MOVWF      R12
;__Lib_MathDouble.c,1643 :: 		
INT3216UEEE:
;__Lib_MathDouble.c,1646 :: 		
0x0185	0x08DC      	MOVF       R12, 1
;__Lib_MathDouble.c,1648 :: 		
0x0186	0x1903      	BTFSC      STATUS, 2
;__Lib_MathDouble.c,1649 :: 		
0x0187	0x2989      	GOTO       L_Double2Word_0
;__Lib_MathDouble.c,1651 :: 		
0x0188	0x2092      	CALL       _SETIOV3224
;__Lib_MathDouble.c,1653 :: 		
L_Double2Word_0:
;__Lib_MathDouble.c,1654 :: 		
0x0189	0x0851      	MOVF       R1, 0
;__Lib_MathDouble.c,1655 :: 		
0x018A	0x00D0      	MOVWF      R0
;__Lib_MathDouble.c,1656 :: 		
0x018B	0x0852      	MOVF       R2, 0
;__Lib_MathDouble.c,1657 :: 		
0x018C	0x00D1      	MOVWF      R1
;__Lib_MathDouble.c,1660 :: 		
L_end_double2word:
0x018D	0x0008      	RETURN
; end of _double2word
_double2byte:
;__Lib_MathDouble.c,1670 :: 		
;__Lib_MathDouble.c,1677 :: 		
0x018E	0x1283      	BCF        STATUS, 5
;__Lib_MathDouble.c,1678 :: 		
0x018F	0x1303      	BCF        STATUS, 6
;__Lib_MathDouble.c,1680 :: 		
0x0190	0x01DB      	CLRF       R11
;__Lib_MathDouble.c,1681 :: 		
0x0191	0x01DC      	CLRF       R12
;__Lib_MathDouble.c,1682 :: 		
0x0192	0x01DA      	CLRF       R10
;__Lib_MathDouble.c,1684 :: 		
0x0193	0x0853      	MOVF       R3, 0
;__Lib_MathDouble.c,1685 :: 		
0x0194	0x1903      	BTFSC      STATUS, 2
;__Lib_MathDouble.c,1686 :: 		
0x0195	0x29BB      	GOTO       IRES008
;__Lib_MathDouble.c,1688 :: 		
0x0196	0x13DA      	BCF        R10, 7
;__Lib_MathDouble.c,1689 :: 		
0x0197	0x17D2      	BSF        R2, 7
;__Lib_MathDouble.c,1691 :: 		
0x0198	0x3086      	MOVLW      134
;__Lib_MathDouble.c,1692 :: 		
0x0199	0x02D3      	SUBWF      R3, 1
;__Lib_MathDouble.c,1693 :: 		
0x019A	0x1BD3      	BTFSC      R3, 7
;__Lib_MathDouble.c,1694 :: 		
0x019B	0x299F      	GOTO       SETEXP08
;__Lib_MathDouble.c,1695 :: 		
0x019C	0x1903      	BTFSC      STATUS, 2
;__Lib_MathDouble.c,1696 :: 		
0x019D	0x299F      	GOTO       SETEXP08
;__Lib_MathDouble.c,1697 :: 		
0x019E	0x29BD      	GOTO       SETIOV08
;__Lib_MathDouble.c,1698 :: 		
SETEXP08:
;__Lib_MathDouble.c,1699 :: 		
0x019F	0x09D3      	COMF       R3, 1
;__Lib_MathDouble.c,1700 :: 		
0x01A0	0x0AD3      	INCF       R3, 1
;__Lib_MathDouble.c,1702 :: 		
0x01A1	0x3008      	MOVLW      8
;__Lib_MathDouble.c,1703 :: 		
0x01A2	0x0253      	SUBWF      R3, 0
;__Lib_MathDouble.c,1704 :: 		
0x01A3	0x1C03      	BTFSS      STATUS, 0
;__Lib_MathDouble.c,1705 :: 		
0x01A4	0x29AC      	GOTO       TSHIFT3208
;__Lib_MathDouble.c,1706 :: 		
0x01A5	0x00D3      	MOVWF      R3
;__Lib_MathDouble.c,1707 :: 		
0x01A6	0x0DD2      	RLF        R2, 1
;__Lib_MathDouble.c,1708 :: 		
0x01A7	0x01D2      	CLRF       R2
;__Lib_MathDouble.c,1710 :: 		
0x01A8	0x0853      	MOVF       R3, 0
;__Lib_MathDouble.c,1711 :: 		
0x01A9	0x1D03      	BTFSS      STATUS, 2
;__Lib_MathDouble.c,1712 :: 		
0x01AA	0x1003      	BCF        STATUS, 0
;__Lib_MathDouble.c,1713 :: 		
0x01AB	0x29B3      	GOTO       SHIFT3208OK
;__Lib_MathDouble.c,1714 :: 		
TSHIFT3208:
;__Lib_MathDouble.c,1715 :: 		
0x01AC	0x0853      	MOVF       R3, 0
;__Lib_MathDouble.c,1716 :: 		
0x01AD	0x1903      	BTFSC      STATUS, 2
;__Lib_MathDouble.c,1717 :: 		
0x01AE	0x29B3      	GOTO       SHIFT3208OK
;__Lib_MathDouble.c,1718 :: 		
SHIFT3208:
;__Lib_MathDouble.c,1719 :: 		
0x01AF	0x1003      	BCF        STATUS, 0
;__Lib_MathDouble.c,1720 :: 		
0x01B0	0x0CD2      	RRF        R2, 1
;__Lib_MathDouble.c,1721 :: 		
0x01B1	0x0BD3      	DECFSZ     R3, 1
;__Lib_MathDouble.c,1722 :: 		
0x01B2	0x29AF      	GOTO       SHIFT3208
;__Lib_MathDouble.c,1723 :: 		
SHIFT3208OK:
;__Lib_MathDouble.c,1724 :: 		
0x01B3	0x1B5B      	BTFSC      R11, 6
;__Lib_MathDouble.c,1725 :: 		
0x01B4	0x1C52      	BTFSS      R2, 0
;__Lib_MathDouble.c,1726 :: 		
0x01B5	0x29BB      	GOTO       INT3208OK
;__Lib_MathDouble.c,1727 :: 		
0x01B6	0x1C03      	BTFSS      STATUS, 0
;__Lib_MathDouble.c,1728 :: 		
0x01B7	0x29BB      	GOTO       INT3208OK
;__Lib_MathDouble.c,1729 :: 		
0x01B8	0x0AD2      	INCF       R2, 1
;__Lib_MathDouble.c,1730 :: 		
0x01B9	0x1903      	BTFSC      STATUS, 2
;__Lib_MathDouble.c,1731 :: 		
0x01BA	0x29C2      	GOTO       D2B_JPKSETIOV3224
;__Lib_MathDouble.c,1732 :: 		
INT3208OK:
;__Lib_MathDouble.c,1733 :: 		
IRES008:
;__Lib_MathDouble.c,1734 :: 		
0x01BB	0x01D1      	CLRF       R1
;__Lib_MathDouble.c,1735 :: 		
0x01BC	0x29C5      	GOTO       INT3208EOK
;__Lib_MathDouble.c,1736 :: 		
SETIOV08:
;__Lib_MathDouble.c,1737 :: 		
0x01BD	0x145B      	BSF        R11, 0
;__Lib_MathDouble.c,1738 :: 		
0x01BE	0x1FDB      	BTFSS      R11, 7
;__Lib_MathDouble.c,1739 :: 		
0x01BF	0x29C8      	GOTO       INT3208EER
;__Lib_MathDouble.c,1741 :: 		
0x01C0	0x01D1      	CLRF       R1
;__Lib_MathDouble.c,1742 :: 		
0x01C1	0x29C8      	GOTO       INT3208EER
;__Lib_MathDouble.c,1743 :: 		
D2B_JPKSETIOV3224:
;__Lib_MathDouble.c,1744 :: 		
0x01C2	0x3001      	MOVLW      1
;__Lib_MathDouble.c,1745 :: 		
0x01C3	0x00DC      	MOVWF      R12
;__Lib_MathDouble.c,1746 :: 		
0x01C4	0x29CA      	GOTO       INT3208EEE
;__Lib_MathDouble.c,1747 :: 		
INT3208EOK:
;__Lib_MathDouble.c,1748 :: 		
0x01C5	0x3000      	MOVLW      0
;__Lib_MathDouble.c,1749 :: 		
0x01C6	0x00DC      	MOVWF      R12
;__Lib_MathDouble.c,1750 :: 		
0x01C7	0x29CA      	GOTO       INT3208EEE
;__Lib_MathDouble.c,1751 :: 		
INT3208EER:
;__Lib_MathDouble.c,1752 :: 		
0x01C8	0x30FF      	MOVLW      255
;__Lib_MathDouble.c,1753 :: 		
0x01C9	0x00DC      	MOVWF      R12
;__Lib_MathDouble.c,1754 :: 		
INT3208EEE:
;__Lib_MathDouble.c,1757 :: 		
0x01CA	0x08DC      	MOVF       R12, 1
;__Lib_MathDouble.c,1759 :: 		
0x01CB	0x1903      	BTFSC      STATUS, 2
;__Lib_MathDouble.c,1760 :: 		
0x01CC	0x29CE      	GOTO       L_Double2Byte_0
;__Lib_MathDouble.c,1762 :: 		
0x01CD	0x2092      	CALL       _SETIOV3224
;__Lib_MathDouble.c,1764 :: 		
L_Double2Byte_0:
;__Lib_MathDouble.c,1765 :: 		
0x01CE	0x0852      	MOVF       R2, 0
;__Lib_MathDouble.c,1766 :: 		
0x01CF	0x00D0      	MOVWF      R0
;__Lib_MathDouble.c,1770 :: 		
L_end_double2byte:
0x01D0	0x0008      	RETURN
; end of _double2byte
_int2double:
;__Lib_MathDouble.c,1812 :: 		
;__Lib_MathDouble.c,1818 :: 		
0x01D1	0x1283      	BCF        STATUS, 5
;__Lib_MathDouble.c,1819 :: 		
0x01D2	0x1303      	BCF        STATUS, 6
;__Lib_MathDouble.c,1820 :: 		
0x01D3	0x0850      	MOVF       R0, 0
;__Lib_MathDouble.c,1821 :: 		
0x01D4	0x00D8      	MOVWF      R8
;__Lib_MathDouble.c,1822 :: 		
0x01D5	0x0851      	MOVF       R1, 0
;__Lib_MathDouble.c,1823 :: 		
0x01D6	0x00D0      	MOVWF      R0
;__Lib_MathDouble.c,1824 :: 		
0x01D7	0x01D1      	CLRF       R1
;__Lib_MathDouble.c,1825 :: 		
0x01D8	0x01D2      	CLRF       R2
;__Lib_MathDouble.c,1826 :: 		
0x01D9	0x01D3      	CLRF       R3
;__Lib_MathDouble.c,1829 :: 		
0x01DA	0x01DB      	CLRF       R11
;__Lib_MathDouble.c,1830 :: 		
0x01DB	0x01DC      	CLRF       R12
;__Lib_MathDouble.c,1832 :: 		
0x01DC	0x3096      	MOVLW      150
;__Lib_MathDouble.c,1833 :: 		
0x01DD	0x00D3      	MOVWF      R3
;__Lib_MathDouble.c,1834 :: 		
0x01DE	0x01DA      	CLRF       R10
;__Lib_MathDouble.c,1835 :: 		
0x01DF	0x1FD0      	BTFSS      R0, 7
;__Lib_MathDouble.c,1836 :: 		
0x01E0	0x29E7      	GOTO       FLO1632EEE
;__Lib_MathDouble.c,1838 :: 		
0x01E1	0x09D8      	COMF       R8, 1
;__Lib_MathDouble.c,1839 :: 		
0x01E2	0x09D0      	COMF       R0, 1
;__Lib_MathDouble.c,1841 :: 		
0x01E3	0x0AD8      	INCF       R8, 1
;__Lib_MathDouble.c,1842 :: 		
0x01E4	0x1903      	BTFSC      STATUS, 2
;__Lib_MathDouble.c,1843 :: 		
0x01E5	0x0AD0      	INCF       R0, 1
;__Lib_MathDouble.c,1845 :: 		
0x01E6	0x17DA      	BSF        R10, 7
;__Lib_MathDouble.c,1846 :: 		
FLO1632EEE:
;__Lib_MathDouble.c,1847 :: 		
0x01E7	0x0850      	MOVF       R0, 0
;__Lib_MathDouble.c,1848 :: 		
0x01E8	0x00D1      	MOVWF      R1
;__Lib_MathDouble.c,1849 :: 		
0x01E9	0x0858      	MOVF       R8, 0
;__Lib_MathDouble.c,1850 :: 		
0x01EA	0x00D0      	MOVWF      R0
;__Lib_MathDouble.c,1851 :: 		
0x01EB	0x01D8      	CLRF       R8
;__Lib_MathDouble.c,1852 :: 		
0x01EC	0x01D2      	CLRF       R2
;__Lib_MathDouble.c,1854 :: 		
0x01ED	0x2063      	CALL       _NRM3232
;__Lib_MathDouble.c,1855 :: 		
L_end_int2double:
0x01EE	0x0008      	RETURN
; end of _int2double
_sinE3:
;__Lib_Trigonometry.c,17 :: 		
;__Lib_Trigonometry.c,21 :: 		
0x01EF	0x3068      	MOVLW      104
0x01F0	0x1283      	BCF        STATUS, 5
0x01F1	0x00D4      	MOVWF      R4
0x01F2	0x3001      	MOVLW      1
0x01F3	0x00D5      	MOVWF      R4+1
0x01F4	0x0827      	MOVF       FARG_sinE3_angle_deg, 0
0x01F5	0x00D0      	MOVWF      R0
0x01F6	0x0828      	MOVF       FARG_sinE3_angle_deg+1, 0
0x01F7	0x00D1      	MOVWF      R0+1
0x01F8	0x209F      	CALL       _Div_16X16_U
0x01F9	0x0858      	MOVF       R8, 0
0x01FA	0x00D0      	MOVWF      R0
0x01FB	0x0859      	MOVF       R8+1, 0
0x01FC	0x00D1      	MOVWF      R0+1
0x01FD	0x0850      	MOVF       R0, 0
0x01FE	0x00A7      	MOVWF      FARG_sinE3_angle_deg
0x01FF	0x0851      	MOVF       R0+1, 0
0x0200	0x00A8      	MOVWF      FARG_sinE3_angle_deg+1
;__Lib_Trigonometry.c,23 :: 		
0x0201	0x0851      	MOVF       R0+1, 0
0x0202	0x3C00      	SUBLW      0
0x0203	0x1D03      	BTFSS      STATUS, 2
0x0204	0x2A07      	GOTO       L__sinE36
0x0205	0x0850      	MOVF       R0, 0
0x0206	0x3CB4      	SUBLW      180
L__sinE36:
0x0207	0x1803      	BTFSC      STATUS, 0
0x0208	0x2A10      	GOTO       L_sinE30
;__Lib_Trigonometry.c,24 :: 		
0x0209	0x3001      	MOVLW      1
0x020A	0x00A9      	MOVWF      sinE3_odd_L0
;__Lib_Trigonometry.c,25 :: 		
0x020B	0x30B4      	MOVLW      180
0x020C	0x02A7      	SUBWF      FARG_sinE3_angle_deg, 1
0x020D	0x1C03      	BTFSS      STATUS, 0
0x020E	0x03A8      	DECF       FARG_sinE3_angle_deg+1, 1
;__Lib_Trigonometry.c,26 :: 		
0x020F	0x2A11      	GOTO       L_sinE31
L_sinE30:
;__Lib_Trigonometry.c,28 :: 		
0x0210	0x01A9      	CLRF       sinE3_odd_L0
L_sinE31:
;__Lib_Trigonometry.c,30 :: 		
0x0211	0x0828      	MOVF       FARG_sinE3_angle_deg+1, 0
0x0212	0x3C00      	SUBLW      0
0x0213	0x1D03      	BTFSS      STATUS, 2
0x0214	0x2A17      	GOTO       L__sinE37
0x0215	0x0827      	MOVF       FARG_sinE3_angle_deg, 0
0x0216	0x3C5A      	SUBLW      90
L__sinE37:
0x0217	0x1803      	BTFSC      STATUS, 0
0x0218	0x2A21      	GOTO       L_sinE32
;__Lib_Trigonometry.c,31 :: 		
0x0219	0x0827      	MOVF       FARG_sinE3_angle_deg, 0
0x021A	0x3CB4      	SUBLW      180
0x021B	0x00A7      	MOVWF      FARG_sinE3_angle_deg
0x021C	0x0828      	MOVF       FARG_sinE3_angle_deg+1, 0
0x021D	0x1C03      	BTFSS      STATUS, 0
0x021E	0x3E01      	ADDLW      1
0x021F	0x01A8      	CLRF       FARG_sinE3_angle_deg+1
0x0220	0x02A8      	SUBWF      FARG_sinE3_angle_deg+1, 1
L_sinE32:
;__Lib_Trigonometry.c,33 :: 		
0x0221	0x0827      	MOVF       FARG_sinE3_angle_deg, 0
0x0222	0x00D0      	MOVWF      R0
0x0223	0x0828      	MOVF       FARG_sinE3_angle_deg+1, 0
0x0224	0x00D1      	MOVWF      R0+1
0x0225	0x0DD0      	RLF        R0, 1
0x0226	0x0DD1      	RLF        R0+1, 1
0x0227	0x1050      	BCF        R0, 0
0x0228	0x305D      	MOVLW      __SIN_DEG
0x0229	0x07D0      	ADDWF      R0, 1
0x022A	0x3002      	MOVLW      hi_addr(__SIN_DEG)
0x022B	0x1803      	BTFSC      STATUS, 0
0x022C	0x3E01      	ADDLW      1
0x022D	0x07D1      	ADDWF      R0+1, 1
0x022E	0x0850      	MOVF       R0, 0
0x022F	0x00A1      	MOVWF      ___DoICPAddr
0x0230	0x0851      	MOVF       R0+1, 0
0x0231	0x00A2      	MOVWF      ___DoICPAddr+1
0x0232	0x20BC      	CALL       _____DoICP
0x0233	0x118A      	BCF        PCLATH, 3
0x0234	0x120A      	BCF        PCLATH, 4
0x0235	0x00AA      	MOVWF      sinE3_tmpR_L0
0x0236	0x0AA1      	INCF       ___DoICPAddr, 1
0x0237	0x1903      	BTFSC      STATUS, 2
0x0238	0x0AA2      	INCF       ___DoICPAddr+1, 1
0x0239	0x20BC      	CALL       _____DoICP
0x023A	0x118A      	BCF        PCLATH, 3
0x023B	0x120A      	BCF        PCLATH, 4
0x023C	0x00AB      	MOVWF      sinE3_tmpR_L0+1
;__Lib_Trigonometry.c,35 :: 		
0x023D	0x0829      	MOVF       sinE3_odd_L0, 0
0x023E	0x1903      	BTFSC      STATUS, 2
0x023F	0x2A49      	GOTO       L_sinE33
0x0240	0x082A      	MOVF       sinE3_tmpR_L0, 0
0x0241	0x3C00      	SUBLW      0
0x0242	0x00D0      	MOVWF      R0
0x0243	0x082B      	MOVF       sinE3_tmpR_L0+1, 0
0x0244	0x1C03      	BTFSS      STATUS, 0
0x0245	0x3E01      	ADDLW      1
0x0246	0x01D1      	CLRF       R0+1
0x0247	0x02D1      	SUBWF      R0+1, 1
0x0248	0x2A4D      	GOTO       L_end_sinE3
L_sinE33:
;__Lib_Trigonometry.c,36 :: 		
0x0249	0x082A      	MOVF       sinE3_tmpR_L0, 0
0x024A	0x00D0      	MOVWF      R0
0x024B	0x082B      	MOVF       sinE3_tmpR_L0+1, 0
0x024C	0x00D1      	MOVWF      R0+1
;__Lib_Trigonometry.c,37 :: 		
L_end_sinE3:
0x024D	0x0008      	RETURN
; end of _sinE3
_main:
;MyProject.c,15 :: 		void main() {
;MyProject.c,17 :: 		CMCON  = 0x07; // Disable Comparator
0x024E	0x3007      	MOVLW      7
0x024F	0x1283      	BCF        STATUS, 5
0x0250	0x0099      	MOVWF      CMCON
;MyProject.c,18 :: 		ADCON0 = 0x00; // Disable ADC
0x0251	0x019F      	CLRF       ADCON0
;MyProject.c,19 :: 		ANSEL  = 0x00; // All ports in digital
0x0252	0x1683      	BSF        STATUS, 5
0x0253	0x019F      	CLRF       ANSEL
;MyProject.c,20 :: 		TRISIO = 0x00; // All pins in OUT
0x0254	0x0185      	CLRF       TRISIO
;MyProject.c,22 :: 		OPTION_REG  = 0b10000000;  // Configuration 1000 0101
0x0255	0x3080      	MOVLW      128
0x0256	0x0081      	MOVWF      OPTION_REG
;MyProject.c,25 :: 		TMR0        = 100;   // 100Hz or 9,984ms ~ 10ms (10ms x 100 = 1000ms)
0x0257	0x3064      	MOVLW      100
0x0258	0x1283      	BCF        STATUS, 5
0x0259	0x0081      	MOVWF      TMR0
;MyProject.c,26 :: 		INTCON      = 0xA0;  //
0x025A	0x30A0      	MOVLW      160
0x025B	0x008B      	MOVWF      INTCON
;MyProject.c,29 :: 		}
L_end_main:
0x025C	0x2A5C      	GOTO       $+0
; end of _main
;__Lib_Trigonometry.c,5 :: __SIN_DEG
0x025D	0x3400 ;__SIN_DEG+0
0x025E	0x3400 ;__SIN_DEG+1
0x025F	0x3411 ;__SIN_DEG+2
0x0260	0x3400 ;__SIN_DEG+3
0x0261	0x3423 ;__SIN_DEG+4
0x0262	0x3400 ;__SIN_DEG+5
0x0263	0x3434 ;__SIN_DEG+6
0x0264	0x3400 ;__SIN_DEG+7
0x0265	0x3446 ;__SIN_DEG+8
0x0266	0x3400 ;__SIN_DEG+9
0x0267	0x3457 ;__SIN_DEG+10
0x0268	0x3400 ;__SIN_DEG+11
0x0269	0x3468 ;__SIN_DEG+12
0x026A	0x3400 ;__SIN_DEG+13
0x026B	0x347A ;__SIN_DEG+14
0x026C	0x3400 ;__SIN_DEG+15
0x026D	0x348B ;__SIN_DEG+16
0x026E	0x3400 ;__SIN_DEG+17
0x026F	0x349C ;__SIN_DEG+18
0x0270	0x3400 ;__SIN_DEG+19
0x0271	0x34AE ;__SIN_DEG+20
0x0272	0x3400 ;__SIN_DEG+21
0x0273	0x34BF ;__SIN_DEG+22
0x0274	0x3400 ;__SIN_DEG+23
0x0275	0x34D0 ;__SIN_DEG+24
0x0276	0x3400 ;__SIN_DEG+25
0x0277	0x34E1 ;__SIN_DEG+26
0x0278	0x3400 ;__SIN_DEG+27
0x0279	0x34F2 ;__SIN_DEG+28
0x027A	0x3400 ;__SIN_DEG+29
0x027B	0x3403 ;__SIN_DEG+30
0x027C	0x3401 ;__SIN_DEG+31
0x027D	0x3414 ;__SIN_DEG+32
0x027E	0x3401 ;__SIN_DEG+33
0x027F	0x3424 ;__SIN_DEG+34
0x0280	0x3401 ;__SIN_DEG+35
0x0281	0x3435 ;__SIN_DEG+36
0x0282	0x3401 ;__SIN_DEG+37
0x0283	0x3445 ;__SIN_DEG+38
0x0284	0x3401 ;__SIN_DEG+39
0x0285	0x3456 ;__SIN_DEG+40
0x0286	0x3401 ;__SIN_DEG+41
0x0287	0x3466 ;__SIN_DEG+42
0x0288	0x3401 ;__SIN_DEG+43
0x0289	0x3476 ;__SIN_DEG+44
0x028A	0x3401 ;__SIN_DEG+45
0x028B	0x3487 ;__SIN_DEG+46
0x028C	0x3401 ;__SIN_DEG+47
0x028D	0x3497 ;__SIN_DEG+48
0x028E	0x3401 ;__SIN_DEG+49
0x028F	0x34A6 ;__SIN_DEG+50
0x0290	0x3401 ;__SIN_DEG+51
0x0291	0x34B6 ;__SIN_DEG+52
0x0292	0x3401 ;__SIN_DEG+53
0x0293	0x34C6 ;__SIN_DEG+54
0x0294	0x3401 ;__SIN_DEG+55
0x0295	0x34D5 ;__SIN_DEG+56
0x0296	0x3401 ;__SIN_DEG+57
0x0297	0x34E5 ;__SIN_DEG+58
0x0298	0x3401 ;__SIN_DEG+59
0x0299	0x34F4 ;__SIN_DEG+60
0x029A	0x3401 ;__SIN_DEG+61
0x029B	0x3403 ;__SIN_DEG+62
0x029C	0x3402 ;__SIN_DEG+63
0x029D	0x3412 ;__SIN_DEG+64
0x029E	0x3402 ;__SIN_DEG+65
0x029F	0x3420 ;__SIN_DEG+66
0x02A0	0x3402 ;__SIN_DEG+67
0x02A1	0x342F ;__SIN_DEG+68
0x02A2	0x3402 ;__SIN_DEG+69
0x02A3	0x343D ;__SIN_DEG+70
0x02A4	0x3402 ;__SIN_DEG+71
0x02A5	0x344C ;__SIN_DEG+72
0x02A6	0x3402 ;__SIN_DEG+73
0x02A7	0x345A ;__SIN_DEG+74
0x02A8	0x3402 ;__SIN_DEG+75
0x02A9	0x3467 ;__SIN_DEG+76
0x02AA	0x3402 ;__SIN_DEG+77
0x02AB	0x3475 ;__SIN_DEG+78
0x02AC	0x3402 ;__SIN_DEG+79
0x02AD	0x3483 ;__SIN_DEG+80
0x02AE	0x3402 ;__SIN_DEG+81
0x02AF	0x3490 ;__SIN_DEG+82
0x02B0	0x3402 ;__SIN_DEG+83
0x02B1	0x349D ;__SIN_DEG+84
0x02B2	0x3402 ;__SIN_DEG+85
0x02B3	0x34AA ;__SIN_DEG+86
0x02B4	0x3402 ;__SIN_DEG+87
0x02B5	0x34B6 ;__SIN_DEG+88
0x02B6	0x3402 ;__SIN_DEG+89
0x02B7	0x34C3 ;__SIN_DEG+90
0x02B8	0x3402 ;__SIN_DEG+91
0x02B9	0x34CF ;__SIN_DEG+92
0x02BA	0x3402 ;__SIN_DEG+93
0x02BB	0x34DB ;__SIN_DEG+94
0x02BC	0x3402 ;__SIN_DEG+95
0x02BD	0x34E7 ;__SIN_DEG+96
0x02BE	0x3402 ;__SIN_DEG+97
0x02BF	0x34F2 ;__SIN_DEG+98
0x02C0	0x3402 ;__SIN_DEG+99
0x02C1	0x34FE ;__SIN_DEG+100
0x02C2	0x3402 ;__SIN_DEG+101
0x02C3	0x3409 ;__SIN_DEG+102
0x02C4	0x3403 ;__SIN_DEG+103
0x02C5	0x3414 ;__SIN_DEG+104
0x02C6	0x3403 ;__SIN_DEG+105
0x02C7	0x341E ;__SIN_DEG+106
0x02C8	0x3403 ;__SIN_DEG+107
0x02C9	0x3429 ;__SIN_DEG+108
0x02CA	0x3403 ;__SIN_DEG+109
0x02CB	0x3433 ;__SIN_DEG+110
0x02CC	0x3403 ;__SIN_DEG+111
0x02CD	0x343D ;__SIN_DEG+112
0x02CE	0x3403 ;__SIN_DEG+113
0x02CF	0x3446 ;__SIN_DEG+114
0x02D0	0x3403 ;__SIN_DEG+115
0x02D1	0x3450 ;__SIN_DEG+116
0x02D2	0x3403 ;__SIN_DEG+117
0x02D3	0x3459 ;__SIN_DEG+118
0x02D4	0x3403 ;__SIN_DEG+119
0x02D5	0x3462 ;__SIN_DEG+120
0x02D6	0x3403 ;__SIN_DEG+121
0x02D7	0x346A ;__SIN_DEG+122
0x02D8	0x3403 ;__SIN_DEG+123
0x02D9	0x3473 ;__SIN_DEG+124
0x02DA	0x3403 ;__SIN_DEG+125
0x02DB	0x347B ;__SIN_DEG+126
0x02DC	0x3403 ;__SIN_DEG+127
0x02DD	0x3483 ;__SIN_DEG+128
0x02DE	0x3403 ;__SIN_DEG+129
0x02DF	0x348A ;__SIN_DEG+130
0x02E0	0x3403 ;__SIN_DEG+131
0x02E1	0x3491 ;__SIN_DEG+132
0x02E2	0x3403 ;__SIN_DEG+133
0x02E3	0x3498 ;__SIN_DEG+134
0x02E4	0x3403 ;__SIN_DEG+135
0x02E5	0x349F ;__SIN_DEG+136
0x02E6	0x3403 ;__SIN_DEG+137
0x02E7	0x34A5 ;__SIN_DEG+138
0x02E8	0x3403 ;__SIN_DEG+139
0x02E9	0x34AB ;__SIN_DEG+140
0x02EA	0x3403 ;__SIN_DEG+141
0x02EB	0x34B1 ;__SIN_DEG+142
0x02EC	0x3403 ;__SIN_DEG+143
0x02ED	0x34B7 ;__SIN_DEG+144
0x02EE	0x3403 ;__SIN_DEG+145
0x02EF	0x34BC ;__SIN_DEG+146
0x02F0	0x3403 ;__SIN_DEG+147
0x02F1	0x34C1 ;__SIN_DEG+148
0x02F2	0x3403 ;__SIN_DEG+149
0x02F3	0x34C6 ;__SIN_DEG+150
0x02F4	0x3403 ;__SIN_DEG+151
0x02F5	0x34CA ;__SIN_DEG+152
0x02F6	0x3403 ;__SIN_DEG+153
0x02F7	0x34CE ;__SIN_DEG+154
0x02F8	0x3403 ;__SIN_DEG+155
0x02F9	0x34D2 ;__SIN_DEG+156
0x02FA	0x3403 ;__SIN_DEG+157
0x02FB	0x34D5 ;__SIN_DEG+158
0x02FC	0x3403 ;__SIN_DEG+159
0x02FD	0x34D9 ;__SIN_DEG+160
0x02FE	0x3403 ;__SIN_DEG+161
0x02FF	0x34DC ;__SIN_DEG+162
0x0300	0x3403 ;__SIN_DEG+163
0x0301	0x34DE ;__SIN_DEG+164
0x0302	0x3403 ;__SIN_DEG+165
0x0303	0x34E0 ;__SIN_DEG+166
0x0304	0x3403 ;__SIN_DEG+167
0x0305	0x34E2 ;__SIN_DEG+168
0x0306	0x3403 ;__SIN_DEG+169
0x0307	0x34E4 ;__SIN_DEG+170
0x0308	0x3403 ;__SIN_DEG+171
0x0309	0x34E6 ;__SIN_DEG+172
0x030A	0x3403 ;__SIN_DEG+173
0x030B	0x34E7 ;__SIN_DEG+174
0x030C	0x3403 ;__SIN_DEG+175
0x030D	0x34E7 ;__SIN_DEG+176
0x030E	0x3403 ;__SIN_DEG+177
0x030F	0x34E8 ;__SIN_DEG+178
0x0310	0x3403 ;__SIN_DEG+179
0x0311	0x34E8 ;__SIN_DEG+180
0x0312	0x3403 ;__SIN_DEG+181
; end of __SIN_DEG
Symbol List:
//** Routines locations **
//ADDRESS    SIZE    PROCEDURE
//----------------------------------------------
0x0004      [72]    _interrupt
0x004C       [4]    _FIXSIGN32
0x0050      [12]    _SETFUN32
0x005C       [7]    _RES032
0x0063      [47]    _NRM3232
0x0092      [13]    _SETIOV3224
0x009F      [29]    _Div_16X16_U
0x00BC       [6]    _____DoICP
0x00C2      [12]    _SETFOV32
0x00CE      [97]    _Mul_32x32_FP
0x012F      [95]    _double2word
0x018E      [67]    _double2byte
0x01D1      [30]    _int2double
0x01EF      [95]    _sinE3
0x024E      [15]    _main
//** Variables locations ** 
//ADDRESS    SIZE    VARIABLE
//----------------------------------------------
0x0000       [1]    INDF
0x0001       [1]    TMR0
0x0002       [1]    PCL
0x0003       [1]    STATUS
0x0004       [1]    FSR
0x0005       [1]    GPIO
0x000A       [1]    PCLATH
0x000B       [1]    INTCON
0x000B       [0]    TMR0IF_bit
0x0019       [1]    CMCON
0x001F       [1]    ADCON0
0x0020       [1]    __math_tempbD
0x0021       [2]    ___DoICPAddr
0x0023       [2]    _i
0x0025       [1]    ___saveSTATUS
0x0026       [1]    ___savePCLATH
0x0027       [2]    FARG_sinE3_angle_deg
0x0029       [1]    sinE3_odd_L0
0x002A       [2]    sinE3_tmpR_L0
0x0050       [1]    R0
0x0051       [1]    R1
0x0052       [1]    R2
0x0053       [1]    R3
0x0054       [1]    R4
0x0055       [1]    R5
0x0056       [1]    R6
0x0057       [1]    R7
0x0058       [1]    R8
0x0059       [1]    R9
0x005A       [1]    R10
0x005B       [1]    R11
0x005C       [1]    R12
0x005D       [1]    R13
0x005E       [1]    R14
0x005F       [1]    R15
0x0081       [1]    OPTION_REG
0x0085       [1]    TRISIO
0x009F       [1]    ANSEL
//** Constants locations ** 
//ADDRESS    SIZE    CONSTANT
//----------------------------------------------
0x025D     [182]    __SIN_DEG
