;  LST file generated by mikroListExporter - v.2.0 
; Date/Time: 2/23/2019 5:08:20 AM
;----------------------------------------------

;Address Opcode 	ASM
0x0000	0xF004EFCA  	GOTO        2452
_interrupt:
;PIC_PWM.c,5 :: 		void interrupt(){
;PIC_PWM.c,7 :: 		if(TMR2IF_bit){
0x0008	0xA29E      	BTFSS       TMR2IF_bit, BitPos(TMR2IF_bit+0) 
0x000A	0xD004      	BRA         L_interrupt0
;PIC_PWM.c,9 :: 		PORTC.RC2 = ~PORTC.RC2;
0x000C	0x7482      	BTG         PORTC, 2 
;PIC_PWM.c,10 :: 		CCPR1L=adc;
0x000E	0xFFBEC016  	MOVFF       _adc, CCPR1L
;PIC_PWM.c,11 :: 		TMR2IF_bit = 0x00;
0x0012	0x929E      	BCF         TMR2IF_bit, BitPos(TMR2IF_bit+0) 
;PIC_PWM.c,12 :: 		}
L_interrupt0:
;PIC_PWM.c,13 :: 		}
L_end_interrupt:
L__interrupt4:
0x0014	0x0011      	RETFIE      1
; end of _interrupt
_FIXSIGN32:
;__Lib_MathDouble.c,117 :: 		
;__Lib_MathDouble.c,121 :: 		
0x0016	0xAE0A      	BTFSS       R10, 7, 0
;__Lib_MathDouble.c,122 :: 		
0x0018	0x9E02      	BCF         R2, 7, 0
;__Lib_MathDouble.c,123 :: 		
0x001A	0x0E00      	MOVLW       0
;__Lib_MathDouble.c,125 :: 		
L_end_FIXSIGN32:
0x001C	0x0012      	RETURN      0
; end of _FIXSIGN32
_SETFOV32:
;__Lib_MathDouble.c,82 :: 		
;__Lib_MathDouble.c,90 :: 		
0x001E	0x820B      	BSF         R11, 1, 0
;__Lib_MathDouble.c,91 :: 		
0x0020	0xAE0B      	BTFSS       R11, 7, 0
;__Lib_MathDouble.c,92 :: 		
0x0022	0xF000EF19  	GOTO        SETFOV32EEE
;__Lib_MathDouble.c,94 :: 		
0x0026	0x6803      	SETF        R3, 0
;__Lib_MathDouble.c,95 :: 		
0x0028	0x6802      	SETF        R2, 0
;__Lib_MathDouble.c,96 :: 		
0x002A	0x6801      	SETF        R1, 0
;__Lib_MathDouble.c,97 :: 		
0x002C	0x6800      	SETF        R0, 0
;__Lib_MathDouble.c,98 :: 		
0x002E	0x360A      	RLCF        R10, 1, 0
;__Lib_MathDouble.c,99 :: 		
0x0030	0x3202      	RRCF        R2, 1, 0
;__Lib_MathDouble.c,100 :: 		
SETFOV32EEE:
;__Lib_MathDouble.c,101 :: 		
0x0032	0x0EFF      	MOVLW       255
;__Lib_MathDouble.c,103 :: 		
L_end_SETFOV32:
0x0034	0x0012      	RETURN      0
; end of _SETFOV32
_RES032:
;__Lib_MathDouble.c,128 :: 		
;__Lib_MathDouble.c,134 :: 		
0x0036	0x6A02      	CLRF        R2, 0
;__Lib_MathDouble.c,135 :: 		
0x0038	0x6A01      	CLRF        R1, 0
;__Lib_MathDouble.c,136 :: 		
0x003A	0x6A00      	CLRF        R0, 0
;__Lib_MathDouble.c,137 :: 		
0x003C	0x6A08      	CLRF        R8, 0
;__Lib_MathDouble.c,138 :: 		
0x003E	0x6A03      	CLRF        R3, 0
;__Lib_MathDouble.c,139 :: 		
0x0040	0x0E00      	MOVLW       0
;__Lib_MathDouble.c,141 :: 		
L_end_RES032:
0x0042	0x0012      	RETURN      0
; end of _RES032
_SETFUN32:
;__Lib_MathDouble.c,144 :: 		
;__Lib_MathDouble.c,152 :: 		
0x0044	0x840B      	BSF         R11, 2, 0
;__Lib_MathDouble.c,153 :: 		
0x0046	0xAE0B      	BTFSS       R11, 7, 0
;__Lib_MathDouble.c,154 :: 		
0x0048	0xF000EF2D  	GOTO        SETFUN32EEE
;__Lib_MathDouble.c,156 :: 		
0x004C	0x0E01      	MOVLW       1
;__Lib_MathDouble.c,157 :: 		
0x004E	0x6E03      	MOVWF       R3, 0
;__Lib_MathDouble.c,158 :: 		
0x0050	0x6A02      	CLRF        R2, 0
;__Lib_MathDouble.c,159 :: 		
0x0052	0x6A01      	CLRF        R1, 0
;__Lib_MathDouble.c,160 :: 		
0x0054	0x6A00      	CLRF        R0, 0
;__Lib_MathDouble.c,161 :: 		
0x0056	0x360A      	RLCF        R10, 1, 0
;__Lib_MathDouble.c,162 :: 		
0x0058	0x3202      	RRCF        R2, 1, 0
;__Lib_MathDouble.c,163 :: 		
SETFUN32EEE:
;__Lib_MathDouble.c,164 :: 		
0x005A	0x0EFF      	MOVLW       255
;__Lib_MathDouble.c,166 :: 		
L_end_SETFUN32:
0x005C	0x0012      	RETURN      0
; end of _SETFUN32
_SETIOV3224:
;__Lib_MathDouble.c,530 :: 		
;__Lib_MathDouble.c,537 :: 		
0x005E	0x800B      	BSF         R11, 0, 0
;__Lib_MathDouble.c,538 :: 		
0x0060	0xAE0B      	BTFSS       R11, 7, 0
;__Lib_MathDouble.c,539 :: 		
0x0062	0xF000EF3B  	GOTO        SETIOV3224EEE
;__Lib_MathDouble.c,541 :: 		
0x0066	0x6A02      	CLRF        R2, 0
;__Lib_MathDouble.c,542 :: 		
0x0068	0xAE0A      	BTFSS       R10, 7, 0
;__Lib_MathDouble.c,543 :: 		
0x006A	0x0EFF      	MOVLW       255
;__Lib_MathDouble.c,544 :: 		
0x006C	0x6E02      	MOVWF       R2, 0
;__Lib_MathDouble.c,545 :: 		
0x006E	0x6E01      	MOVWF       R1, 0
;__Lib_MathDouble.c,546 :: 		
0x0070	0x6E00      	MOVWF       R0, 0
;__Lib_MathDouble.c,547 :: 		
0x0072	0x360A      	RLCF        R10, 1, 0
;__Lib_MathDouble.c,548 :: 		
0x0074	0x3202      	RRCF        R2, 1, 0
;__Lib_MathDouble.c,549 :: 		
SETIOV3224EEE:
;__Lib_MathDouble.c,550 :: 		
0x0076	0x0EFF      	MOVLW       255
;__Lib_MathDouble.c,552 :: 		
L_end_SETIOV3224:
0x0078	0x0012      	RETURN      0
; end of _SETIOV3224
_Delay_22us:
;__Lib_Delays.c,15 :: 		void Delay_22us() {
;__Lib_Delays.c,16 :: 		Delay_us(22);
0x007A	0x0E07      	MOVLW       7
0x007C	0x6E0D      	MOVWF       R13, 0
L_Delay_22us1:
0x007E	0x2E0D      	DECFSZ      R13, 1, 0
0x0080	0xD7FE      	BRA         L_Delay_22us1
;__Lib_Delays.c,17 :: 		}
L_end_Delay_22us:
0x0082	0x0012      	RETURN      0
; end of _Delay_22us
_NRM3232:
;__Lib_MathDouble.c,455 :: 		
;__Lib_MathDouble.c,463 :: 		
0x0084	0x6A0C      	CLRF        R12, 0
;__Lib_MathDouble.c,464 :: 		
0x0086	0x6A0E      	CLRF        R14, 0
;__Lib_MathDouble.c,465 :: 		
0x0088	0x5002      	MOVF        R2, 0, 0
;__Lib_MathDouble.c,466 :: 		
0x008A	0xA4D8      	BTFSS       STATUS, 2, 0
;__Lib_MathDouble.c,467 :: 		
0x008C	0xF000EF5B  	GOTO        NORM3232
;__Lib_MathDouble.c,468 :: 		
0x0090	0xF002C001  	MOVFF       R1, R2
;__Lib_MathDouble.c,469 :: 		
0x0094	0xF001C000  	MOVFF       R0, R1
;__Lib_MathDouble.c,470 :: 		
0x0098	0x6A00      	CLRF        R0, 0
;__Lib_MathDouble.c,471 :: 		
0x009A	0x860E      	BSF         R14, 3, 0
;__Lib_MathDouble.c,473 :: 		
0x009C	0x5002      	MOVF        R2, 0, 0
;__Lib_MathDouble.c,474 :: 		
0x009E	0xA4D8      	BTFSS       STATUS, 2, 0
;__Lib_MathDouble.c,475 :: 		
0x00A0	0xF000EF5B  	GOTO        NORM3232
;__Lib_MathDouble.c,476 :: 		
0x00A4	0xF002C001  	MOVFF       R1, R2
;__Lib_MathDouble.c,477 :: 		
0x00A8	0x6A01      	CLRF        R1, 0
;__Lib_MathDouble.c,478 :: 		
0x00AA	0x960E      	BCF         R14, 3, 0
;__Lib_MathDouble.c,479 :: 		
0x00AC	0x880E      	BSF         R14, 4, 0
;__Lib_MathDouble.c,481 :: 		
0x00AE	0x5002      	MOVF        R2, 0, 0
;__Lib_MathDouble.c,482 :: 		
0x00B0	0xB4D8      	BTFSC       STATUS, 2, 0
;__Lib_MathDouble.c,483 :: 		
0x00B2	0xF000EF6D  	GOTO        JPNRES032
;__Lib_MathDouble.c,484 :: 		
NORM3232:
;__Lib_MathDouble.c,485 :: 		
0x00B6	0x500E      	MOVF        R14, 0, 0
;__Lib_MathDouble.c,486 :: 		
0x00B8	0x5E03      	SUBWF       R3, 1, 0
;__Lib_MathDouble.c,487 :: 		
0x00BA	0xA4D8      	BTFSS       STATUS, 2, 0
;__Lib_MathDouble.c,488 :: 		
0x00BC	0xA0D8      	BTFSS       STATUS, 0, 0
;__Lib_MathDouble.c,489 :: 		
0x00BE	0xF000EF72  	GOTO        JPNSETFUN32
;__Lib_MathDouble.c,490 :: 		
0x00C2	0x90D8      	BCF         STATUS, 0, 0
;__Lib_MathDouble.c,491 :: 		
NORM3232A:
;__Lib_MathDouble.c,492 :: 		
0x00C4	0xBE02      	BTFSC       R2, 7, 0
;__Lib_MathDouble.c,493 :: 		
0x00C6	0xF000EF77  	GOTO        JMPNFIXSIGN32
;__Lib_MathDouble.c,494 :: 		
0x00CA	0x3600      	RLCF        R0, 1, 0
;__Lib_MathDouble.c,495 :: 		
0x00CC	0x3601      	RLCF        R1, 1, 0
;__Lib_MathDouble.c,496 :: 		
0x00CE	0x3602      	RLCF        R2, 1, 0
;__Lib_MathDouble.c,497 :: 		
0x00D0	0x2E03      	DECFSZ      R3, 1, 0
;__Lib_MathDouble.c,498 :: 		
0x00D2	0xF000EF62  	GOTO        NORM3232A
;__Lib_MathDouble.c,499 :: 		
0x00D6	0xF000EF72  	GOTO        JPNSETFUN32
;__Lib_MathDouble.c,500 :: 		
JPNRES032:
;__Lib_MathDouble.c,501 :: 		
0x00DA	0x0E01      	MOVLW       1
;__Lib_MathDouble.c,502 :: 		
0x00DC	0x6E0C      	MOVWF       R12, 0
;__Lib_MathDouble.c,504 :: 		
0x00DE	0xDFAB      	RCALL       _RES032
;__Lib_MathDouble.c,506 :: 		
0x00E0	0xF000EF7A  	GOTO        NORM32EEE
;__Lib_MathDouble.c,507 :: 		
JPNSETFUN32:
;__Lib_MathDouble.c,508 :: 		
0x00E4	0x0E02      	MOVLW       2
;__Lib_MathDouble.c,509 :: 		
0x00E6	0x6E0C      	MOVWF       R12, 0
;__Lib_MathDouble.c,511 :: 		
0x00E8	0xDFAD      	RCALL       _SETFUN32
;__Lib_MathDouble.c,513 :: 		
0x00EA	0xF000EF7A  	GOTO        NORM32EEE
;__Lib_MathDouble.c,514 :: 		
JMPNFIXSIGN32:
;__Lib_MathDouble.c,515 :: 		
0x00EE	0x0E04      	MOVLW       4
;__Lib_MathDouble.c,516 :: 		
0x00F0	0x6E0C      	MOVWF       R12, 0
;__Lib_MathDouble.c,518 :: 		
0x00F2	0xDF91      	RCALL       _FIXSIGN32
;__Lib_MathDouble.c,520 :: 		
NORM32EEE:
;__Lib_MathDouble.c,527 :: 		
L_end_NRM3232:
0x00F4	0x0012      	RETURN      0
; end of _NRM3232
_NRM4032:
;__Lib_MathDouble.c,174 :: 		
;__Lib_MathDouble.c,183 :: 		
0x00F6	0xB00C      	BTFSC       R12, 0, 0
;__Lib_MathDouble.c,184 :: 		
0x00F8	0xF000EFBD  	GOTO        NRMRND4032
;__Lib_MathDouble.c,185 :: 		
0x00FC	0xA20C      	BTFSS       R12, 1, 0
;__Lib_MathDouble.c,186 :: 		
0x00FE	0xF001EF63  	GOTO        NRM40JPSETFOV32
;__Lib_MathDouble.c,188 :: 		
0x0102	0x6A0E      	CLRF        R14, 0
;__Lib_MathDouble.c,189 :: 		
0x0104	0x0E00      	MOVLW       0
;__Lib_MathDouble.c,190 :: 		
0x0106	0x6402      	CPFSGT      R2, 0
;__Lib_MathDouble.c,191 :: 		
0x0108	0xF000EFD4  	GOTO        NRM4032A
;__Lib_MathDouble.c,194 :: 		
0x010C	0x0EF0      	MOVLW       240
;__Lib_MathDouble.c,195 :: 		
0x010E	0x1402      	ANDWF       R2, 0, 0
;__Lib_MathDouble.c,196 :: 		
0x0110	0xA4D8      	BTFSS       STATUS, 2, 0
;__Lib_MathDouble.c,197 :: 		
0x0112	0xF000EF9F  	GOTO        NORM4032
;__Lib_MathDouble.c,199 :: 		
0x0116	0x3A02      	SWAPF       R2, 1, 0
;__Lib_MathDouble.c,200 :: 		
0x0118	0x3801      	SWAPF       R1, 0, 0
;__Lib_MathDouble.c,201 :: 		
0x011A	0x0B0F      	ANDLW       15
;__Lib_MathDouble.c,202 :: 		
0x011C	0x2602      	ADDWF       R2, 1, 0
;__Lib_MathDouble.c,204 :: 		
0x011E	0x3801      	SWAPF       R1, 0, 0
;__Lib_MathDouble.c,205 :: 		
0x0120	0x0BF0      	ANDLW       240
;__Lib_MathDouble.c,206 :: 		
0x0122	0x6E01      	MOVWF       R1, 0
;__Lib_MathDouble.c,207 :: 		
0x0124	0x3800      	SWAPF       R0, 0, 0
;__Lib_MathDouble.c,208 :: 		
0x0126	0x0B0F      	ANDLW       15
;__Lib_MathDouble.c,209 :: 		
0x0128	0x2601      	ADDWF       R1, 1, 0
;__Lib_MathDouble.c,211 :: 		
0x012A	0x3800      	SWAPF       R0, 0, 0
;__Lib_MathDouble.c,212 :: 		
0x012C	0x0BF0      	ANDLW       240
;__Lib_MathDouble.c,213 :: 		
0x012E	0x6E00      	MOVWF       R0, 0
;__Lib_MathDouble.c,214 :: 		
0x0130	0x3808      	SWAPF       R8, 0, 0
;__Lib_MathDouble.c,215 :: 		
0x0132	0x0B0F      	ANDLW       15
;__Lib_MathDouble.c,216 :: 		
0x0134	0x2600      	ADDWF       R0, 1, 0
;__Lib_MathDouble.c,218 :: 		
0x0136	0x3808      	SWAPF       R8, 0, 0
;__Lib_MathDouble.c,219 :: 		
0x0138	0x0BF0      	ANDLW       240
;__Lib_MathDouble.c,220 :: 		
0x013A	0x6E08      	MOVWF       R8, 0
;__Lib_MathDouble.c,222 :: 		
0x013C	0x840E      	BSF         R14, 2, 0
;__Lib_MathDouble.c,224 :: 		
NORM4032:
;__Lib_MathDouble.c,225 :: 		
0x013E	0x90D8      	BCF         STATUS, 0, 0
;__Lib_MathDouble.c,227 :: 		
0x0140	0xBE02      	BTFSC       R2, 7, 0
;__Lib_MathDouble.c,228 :: 		
0x0142	0xF000EFB8  	GOTO        TNORMUN4032
;__Lib_MathDouble.c,229 :: 		
0x0146	0x3608      	RLCF        R8, 1, 0
;__Lib_MathDouble.c,230 :: 		
0x0148	0x3600      	RLCF        R0, 1, 0
;__Lib_MathDouble.c,231 :: 		
0x014A	0x3601      	RLCF        R1, 1, 0
;__Lib_MathDouble.c,232 :: 		
0x014C	0x3602      	RLCF        R2, 1, 0
;__Lib_MathDouble.c,233 :: 		
0x014E	0x2A0E      	INCF        R14, 1, 0
;__Lib_MathDouble.c,234 :: 		
0x0150	0xBE02      	BTFSC       R2, 7, 0
;__Lib_MathDouble.c,235 :: 		
0x0152	0xF000EFB8  	GOTO        TNORMUN4032
;__Lib_MathDouble.c,236 :: 		
0x0156	0x3608      	RLCF        R8, 1, 0
;__Lib_MathDouble.c,237 :: 		
0x0158	0x3600      	RLCF        R0, 1, 0
;__Lib_MathDouble.c,238 :: 		
0x015A	0x3601      	RLCF        R1, 1, 0
;__Lib_MathDouble.c,239 :: 		
0x015C	0x3602      	RLCF        R2, 1, 0
;__Lib_MathDouble.c,240 :: 		
0x015E	0x2A0E      	INCF        R14, 1, 0
;__Lib_MathDouble.c,241 :: 		
0x0160	0xBE02      	BTFSC       R2, 7, 0
;__Lib_MathDouble.c,242 :: 		
0x0162	0xF000EFB8  	GOTO        TNORMUN4032
;__Lib_MathDouble.c,243 :: 		
0x0166	0x3608      	RLCF        R8, 1, 0
;__Lib_MathDouble.c,244 :: 		
0x0168	0x3600      	RLCF        R0, 1, 0
;__Lib_MathDouble.c,245 :: 		
0x016A	0x3601      	RLCF        R1, 1, 0
;__Lib_MathDouble.c,246 :: 		
0x016C	0x3602      	RLCF        R2, 1, 0
;__Lib_MathDouble.c,247 :: 		
0x016E	0x2A0E      	INCF        R14, 1, 0
;__Lib_MathDouble.c,249 :: 		
TNORMUN4032:
;__Lib_MathDouble.c,250 :: 		
0x0170	0x500E      	MOVF        R14, 0, 0
;__Lib_MathDouble.c,251 :: 		
0x0172	0x6403      	CPFSGT      R3, 0
;__Lib_MathDouble.c,252 :: 		
0x0174	0xF001EF59  	GOTO        NRM40JPSETFUN32
;__Lib_MathDouble.c,253 :: 		
0x0178	0x5E03      	SUBWF       R3, 1, 0
;__Lib_MathDouble.c,255 :: 		
NRMRND4032:
;__Lib_MathDouble.c,256 :: 		
0x017A	0xBC0B      	BTFSC       R11, 6, 0
;__Lib_MathDouble.c,257 :: 		
0x017C	0xAE08      	BTFSS       R8, 7, 0
;__Lib_MathDouble.c,258 :: 		
0x017E	0xF001EF5E  	GOTO        NRM40JPFIXSIGN32
;__Lib_MathDouble.c,259 :: 		
0x0182	0x80D8      	BSF         STATUS, 0, 0
;__Lib_MathDouble.c,260 :: 		
0x0184	0x0E80      	MOVLW       128
;__Lib_MathDouble.c,261 :: 		
0x0186	0x6408      	CPFSGT      R8, 0
;__Lib_MathDouble.c,262 :: 		
0x0188	0x3000      	RRCF        R0, 0, 0
;__Lib_MathDouble.c,263 :: 		
0x018A	0x0E00      	MOVLW       0
;__Lib_MathDouble.c,264 :: 		
0x018C	0x2200      	ADDWFC      R0, 1, 0
;__Lib_MathDouble.c,265 :: 		
0x018E	0x2201      	ADDWFC      R1, 1, 0
;__Lib_MathDouble.c,266 :: 		
0x0190	0x2202      	ADDWFC      R2, 1, 0
;__Lib_MathDouble.c,268 :: 		
0x0192	0xA0D8      	BTFSS       STATUS, 0, 0
;__Lib_MathDouble.c,269 :: 		
0x0194	0xF001EF5E  	GOTO        NRM40JPFIXSIGN32
;__Lib_MathDouble.c,270 :: 		
0x0198	0x3202      	RRCF        R2, 1, 0
;__Lib_MathDouble.c,271 :: 		
0x019A	0x3201      	RRCF        R1, 1, 0
;__Lib_MathDouble.c,272 :: 		
0x019C	0x3200      	RRCF        R0, 1, 0
;__Lib_MathDouble.c,273 :: 		
0x019E	0x4A03      	INFSNZ      R3, 1, 0
;__Lib_MathDouble.c,274 :: 		
0x01A0	0xF001EF63  	GOTO        NRM40JPSETFOV32
;__Lib_MathDouble.c,275 :: 		
0x01A4	0xF001EF5E  	GOTO        NRM40JPFIXSIGN32
;__Lib_MathDouble.c,277 :: 		
NRM4032A:
;__Lib_MathDouble.c,278 :: 		
0x01A8	0xF002C001  	MOVFF       R1, R2
;__Lib_MathDouble.c,279 :: 		
0x01AC	0xF001C000  	MOVFF       R0, R1
;__Lib_MathDouble.c,280 :: 		
0x01B0	0xF000C008  	MOVFF       R8, R0
;__Lib_MathDouble.c,281 :: 		
0x01B4	0x6A08      	CLRF        R8, 0
;__Lib_MathDouble.c,282 :: 		
0x01B6	0x0E00      	MOVLW       0
;__Lib_MathDouble.c,283 :: 		
0x01B8	0x860E      	BSF         R14, 3, 0
;__Lib_MathDouble.c,284 :: 		
0x01BA	0x6402      	CPFSGT      R2, 0
;__Lib_MathDouble.c,285 :: 		
0x01BC	0xF001EF0B  	GOTO        NRM4032B
;__Lib_MathDouble.c,288 :: 		
0x01C0	0x0EF0      	MOVLW       240
;__Lib_MathDouble.c,289 :: 		
0x01C2	0x1402      	ANDWF       R2, 0, 0
;__Lib_MathDouble.c,290 :: 		
0x01C4	0xA4D8      	BTFSS       STATUS, 2, 0
;__Lib_MathDouble.c,291 :: 		
0x01C6	0xF000EFF3  	GOTO        NORM4032A
;__Lib_MathDouble.c,292 :: 		
0x01CA	0x3A02      	SWAPF       R2, 1, 0
;__Lib_MathDouble.c,293 :: 		
0x01CC	0x3801      	SWAPF       R1, 0, 0
;__Lib_MathDouble.c,294 :: 		
0x01CE	0x0B0F      	ANDLW       15
;__Lib_MathDouble.c,295 :: 		
0x01D0	0x2602      	ADDWF       R2, 1, 0
;__Lib_MathDouble.c,297 :: 		
0x01D2	0x3801      	SWAPF       R1, 0, 0
;__Lib_MathDouble.c,298 :: 		
0x01D4	0x0BF0      	ANDLW       240
;__Lib_MathDouble.c,299 :: 		
0x01D6	0x6E01      	MOVWF       R1, 0
;__Lib_MathDouble.c,300 :: 		
0x01D8	0x3800      	SWAPF       R0, 0, 0
;__Lib_MathDouble.c,301 :: 		
0x01DA	0x0B0F      	ANDLW       15
;__Lib_MathDouble.c,302 :: 		
0x01DC	0x2601      	ADDWF       R1, 1, 0
;__Lib_MathDouble.c,304 :: 		
0x01DE	0x3800      	SWAPF       R0, 0, 0
;__Lib_MathDouble.c,305 :: 		
0x01E0	0x0BF0      	ANDLW       240
;__Lib_MathDouble.c,306 :: 		
0x01E2	0x6E00      	MOVWF       R0, 0
;__Lib_MathDouble.c,308 :: 		
0x01E4	0x840E      	BSF         R14, 2, 0
;__Lib_MathDouble.c,310 :: 		
NORM4032A:
;__Lib_MathDouble.c,311 :: 		
0x01E6	0x90D8      	BCF         STATUS, 0, 0
;__Lib_MathDouble.c,313 :: 		
0x01E8	0xBE02      	BTFSC       R2, 7, 0
;__Lib_MathDouble.c,314 :: 		
0x01EA	0xF000EFB8  	GOTO        TNORMUN4032
;__Lib_MathDouble.c,315 :: 		
0x01EE	0x3600      	RLCF        R0, 1, 0
;__Lib_MathDouble.c,316 :: 		
0x01F0	0x3601      	RLCF        R1, 1, 0
;__Lib_MathDouble.c,317 :: 		
0x01F2	0x3602      	RLCF        R2, 1, 0
;__Lib_MathDouble.c,318 :: 		
0x01F4	0x2A0E      	INCF        R14, 1, 0
;__Lib_MathDouble.c,319 :: 		
0x01F6	0xBE02      	BTFSC       R2, 7, 0
;__Lib_MathDouble.c,320 :: 		
0x01F8	0xF000EFB8  	GOTO        TNORMUN4032
;__Lib_MathDouble.c,321 :: 		
0x01FC	0x3600      	RLCF        R0, 1, 0
;__Lib_MathDouble.c,322 :: 		
0x01FE	0x3601      	RLCF        R1, 1, 0
;__Lib_MathDouble.c,323 :: 		
0x0200	0x3602      	RLCF        R2, 1, 0
;__Lib_MathDouble.c,324 :: 		
0x0202	0x2A0E      	INCF        R14, 1, 0
;__Lib_MathDouble.c,325 :: 		
0x0204	0xBE02      	BTFSC       R2, 7, 0
;__Lib_MathDouble.c,326 :: 		
0x0206	0xF000EFB8  	GOTO        TNORMUN4032
;__Lib_MathDouble.c,327 :: 		
0x020A	0x3600      	RLCF        R0, 1, 0
;__Lib_MathDouble.c,328 :: 		
0x020C	0x3601      	RLCF        R1, 1, 0
;__Lib_MathDouble.c,329 :: 		
0x020E	0x3602      	RLCF        R2, 1, 0
;__Lib_MathDouble.c,330 :: 		
0x0210	0x2A0E      	INCF        R14, 1, 0
;__Lib_MathDouble.c,331 :: 		
0x0212	0xF000EFB8  	GOTO        TNORMUN4032
;__Lib_MathDouble.c,333 :: 		
NRM4032B:
;__Lib_MathDouble.c,334 :: 		
0x0216	0xF002C001  	MOVFF       R1, R2
;__Lib_MathDouble.c,335 :: 		
0x021A	0xF001C000  	MOVFF       R0, R1
;__Lib_MathDouble.c,336 :: 		
0x021E	0x6A00      	CLRF        R0, 0
;__Lib_MathDouble.c,337 :: 		
0x0220	0x0E00      	MOVLW       0
;__Lib_MathDouble.c,338 :: 		
0x0222	0x960E      	BCF         R14, 3, 0
;__Lib_MathDouble.c,339 :: 		
0x0224	0x880E      	BSF         R14, 4, 0
;__Lib_MathDouble.c,340 :: 		
0x0226	0x6402      	CPFSGT      R2, 0
;__Lib_MathDouble.c,341 :: 		
0x0228	0xF001EF38  	GOTO        NRM4032C
;__Lib_MathDouble.c,344 :: 		
0x022C	0x0EF0      	MOVLW       240
;__Lib_MathDouble.c,345 :: 		
0x022E	0x1402      	ANDWF       R2, 0, 0
;__Lib_MathDouble.c,346 :: 		
0x0230	0xA4D8      	BTFSS       STATUS, 2, 0
;__Lib_MathDouble.c,347 :: 		
0x0232	0xF001EF23  	GOTO        NORM4032B
;__Lib_MathDouble.c,349 :: 		
0x0236	0x3A02      	SWAPF       R2, 1, 0
;__Lib_MathDouble.c,350 :: 		
0x0238	0x3801      	SWAPF       R1, 0, 0
;__Lib_MathDouble.c,351 :: 		
0x023A	0x0B0F      	ANDLW       15
;__Lib_MathDouble.c,352 :: 		
0x023C	0x2602      	ADDWF       R2, 1, 0
;__Lib_MathDouble.c,354 :: 		
0x023E	0x3801      	SWAPF       R1, 0, 0
;__Lib_MathDouble.c,355 :: 		
0x0240	0x0BF0      	ANDLW       240
;__Lib_MathDouble.c,356 :: 		
0x0242	0x6E01      	MOVWF       R1, 0
;__Lib_MathDouble.c,358 :: 		
0x0244	0x840E      	BSF         R14, 2, 0
;__Lib_MathDouble.c,360 :: 		
NORM4032B:
;__Lib_MathDouble.c,361 :: 		
0x0246	0x90D8      	BCF         STATUS, 0, 0
;__Lib_MathDouble.c,362 :: 		
0x0248	0xBE02      	BTFSC       R2, 7, 0
;__Lib_MathDouble.c,363 :: 		
0x024A	0xF000EFB8  	GOTO        TNORMUN4032
;__Lib_MathDouble.c,364 :: 		
0x024E	0x3601      	RLCF        R1, 1, 0
;__Lib_MathDouble.c,365 :: 		
0x0250	0x3602      	RLCF        R2, 1, 0
;__Lib_MathDouble.c,366 :: 		
0x0252	0x2A0E      	INCF        R14, 1, 0
;__Lib_MathDouble.c,367 :: 		
0x0254	0xBE02      	BTFSC       R2, 7, 0
;__Lib_MathDouble.c,368 :: 		
0x0256	0xF000EFB8  	GOTO        TNORMUN4032
;__Lib_MathDouble.c,369 :: 		
0x025A	0x3601      	RLCF        R1, 1, 0
;__Lib_MathDouble.c,370 :: 		
0x025C	0x3602      	RLCF        R2, 1, 0
;__Lib_MathDouble.c,371 :: 		
0x025E	0x2A0E      	INCF        R14, 1, 0
;__Lib_MathDouble.c,372 :: 		
0x0260	0xBE02      	BTFSC       R2, 7, 0
;__Lib_MathDouble.c,373 :: 		
0x0262	0xF000EFB8  	GOTO        TNORMUN4032
;__Lib_MathDouble.c,374 :: 		
0x0266	0x3601      	RLCF        R1, 1, 0
;__Lib_MathDouble.c,375 :: 		
0x0268	0x3602      	RLCF        R2, 1, 0
;__Lib_MathDouble.c,376 :: 		
0x026A	0x2A0E      	INCF        R14, 1, 0
;__Lib_MathDouble.c,377 :: 		
0x026C	0xF000EFB8  	GOTO        TNORMUN4032
;__Lib_MathDouble.c,379 :: 		
NRM4032C:
;__Lib_MathDouble.c,380 :: 		
0x0270	0xF002C001  	MOVFF       R1, R2
;__Lib_MathDouble.c,381 :: 		
0x0274	0x6A01      	CLRF        R1, 0
;__Lib_MathDouble.c,382 :: 		
0x0276	0x0E00      	MOVLW       0
;__Lib_MathDouble.c,383 :: 		
0x0278	0x860E      	BSF         R14, 3, 0
;__Lib_MathDouble.c,384 :: 		
0x027A	0x6402      	CPFSGT      R2, 0
;__Lib_MathDouble.c,385 :: 		
0x027C	0xF001EF68  	GOTO        NRM40JPRES032
;__Lib_MathDouble.c,388 :: 		
0x0280	0x0EF0      	MOVLW       240
;__Lib_MathDouble.c,389 :: 		
0x0282	0x1402      	ANDWF       R2, 0, 0
;__Lib_MathDouble.c,390 :: 		
0x0284	0xA4D8      	BTFSS       STATUS, 2, 0
;__Lib_MathDouble.c,391 :: 		
0x0286	0xF001EF47  	GOTO        NORM4032C
;__Lib_MathDouble.c,392 :: 		
0x028A	0x3A02      	SWAPF       R2, 1, 0
;__Lib_MathDouble.c,394 :: 		
0x028C	0x840E      	BSF         R14, 2, 0
;__Lib_MathDouble.c,396 :: 		
NORM4032C:
;__Lib_MathDouble.c,397 :: 		
0x028E	0x90D8      	BCF         STATUS, 0, 0
;__Lib_MathDouble.c,399 :: 		
0x0290	0xBE02      	BTFSC       R2, 7, 0
;__Lib_MathDouble.c,400 :: 		
0x0292	0xF000EFB8  	GOTO        TNORMUN4032
;__Lib_MathDouble.c,401 :: 		
0x0296	0x3602      	RLCF        R2, 1, 0
;__Lib_MathDouble.c,402 :: 		
0x0298	0x2A0E      	INCF        R14, 1, 0
;__Lib_MathDouble.c,403 :: 		
0x029A	0xBE02      	BTFSC       R2, 7, 0
;__Lib_MathDouble.c,404 :: 		
0x029C	0xF000EFB8  	GOTO        TNORMUN4032
;__Lib_MathDouble.c,405 :: 		
0x02A0	0x3602      	RLCF        R2, 1, 0
;__Lib_MathDouble.c,406 :: 		
0x02A2	0x2A0E      	INCF        R14, 1, 0
;__Lib_MathDouble.c,407 :: 		
0x02A4	0xBE02      	BTFSC       R2, 7, 0
;__Lib_MathDouble.c,408 :: 		
0x02A6	0xF000EFB8  	GOTO        TNORMUN4032
;__Lib_MathDouble.c,409 :: 		
0x02AA	0x3602      	RLCF        R2, 1, 0
;__Lib_MathDouble.c,410 :: 		
0x02AC	0x2A0E      	INCF        R14, 1, 0
;__Lib_MathDouble.c,411 :: 		
0x02AE	0xF000EFB8  	GOTO        TNORMUN4032
;__Lib_MathDouble.c,413 :: 		
NRM40JPSETFUN32:
;__Lib_MathDouble.c,414 :: 		
0x02B2	0x0E01      	MOVLW       1
;__Lib_MathDouble.c,415 :: 		
0x02B4	0x6E0C      	MOVWF       R12, 0
;__Lib_MathDouble.c,417 :: 		
0x02B6	0xDEC6      	RCALL       _SETFUN32
;__Lib_MathDouble.c,419 :: 		
0x02B8	0xF001EF6B  	GOTO        NRM40EEE
;__Lib_MathDouble.c,420 :: 		
NRM40JPFIXSIGN32:
;__Lib_MathDouble.c,421 :: 		
0x02BC	0x0E02      	MOVLW       2
;__Lib_MathDouble.c,422 :: 		
0x02BE	0x6E0C      	MOVWF       R12, 0
;__Lib_MathDouble.c,424 :: 		
0x02C0	0xDEAA      	RCALL       _FIXSIGN32
;__Lib_MathDouble.c,426 :: 		
0x02C2	0xF001EF6B  	GOTO        NRM40EEE
;__Lib_MathDouble.c,427 :: 		
NRM40JPSETFOV32:
;__Lib_MathDouble.c,428 :: 		
0x02C6	0x0E04      	MOVLW       4
;__Lib_MathDouble.c,429 :: 		
0x02C8	0x6E0C      	MOVWF       R12, 0
;__Lib_MathDouble.c,431 :: 		
0x02CA	0xDEA9      	RCALL       _SETFOV32
;__Lib_MathDouble.c,433 :: 		
0x02CC	0xF001EF6B  	GOTO        NRM40EEE
;__Lib_MathDouble.c,434 :: 		
NRM40JPRES032:
;__Lib_MathDouble.c,435 :: 		
0x02D0	0x0E08      	MOVLW       8
;__Lib_MathDouble.c,436 :: 		
0x02D2	0x6E0C      	MOVWF       R12, 0
;__Lib_MathDouble.c,438 :: 		
0x02D4	0xDEB0      	RCALL       _RES032
;__Lib_MathDouble.c,440 :: 		
NRM40EEE:
;__Lib_MathDouble.c,448 :: 		
L_end_NRM4032:
0x02D6	0x0012      	RETURN      0
; end of _NRM4032
_Mul_32x32_FP:
;__Lib_MathDouble.c,1130 :: 		
;__Lib_MathDouble.c,1148 :: 		
0x02D8	0x6A08      	CLRF        R8, 0
;__Lib_MathDouble.c,1149 :: 		
0x02DA	0x6A09      	CLRF        R9, 0
;__Lib_MathDouble.c,1151 :: 		
0x02DC	0x0E00      	MOVLW       0
;__Lib_MathDouble.c,1152 :: 		
0x02DE	0x6207      	CPFSEQ      R7, 0
;__Lib_MathDouble.c,1153 :: 		
0x02E0	0x6403      	CPFSGT      R3, 0
;__Lib_MathDouble.c,1154 :: 		
0x02E2	0xF001EFF1  	GOTO        MULJPRES032
;__Lib_MathDouble.c,1157 :: 		
0x02E6	0x5002      	MOVF        R2, 0, 0
;__Lib_MathDouble.c,1158 :: 		
0x02E8	0x1806      	XORWF       R6, 0, 0
;__Lib_MathDouble.c,1159 :: 		
0x02EA	0x6E0A      	MOVWF       R10, 0
;__Lib_MathDouble.c,1161 :: 		
0x02EC	0x5007      	MOVF        R7, 0, 0
;__Lib_MathDouble.c,1162 :: 		
0x02EE	0x2603      	ADDWF       R3, 1, 0
;__Lib_MathDouble.c,1163 :: 		
0x02F0	0x0E7E      	MOVLW       126
;__Lib_MathDouble.c,1164 :: 		
0x02F2	0xA0D8      	BTFSS       STATUS, 0, 0
;__Lib_MathDouble.c,1165 :: 		
0x02F4	0xF001EF82  	GOTO        MTUN32
;__Lib_MathDouble.c,1167 :: 		
0x02F8	0x5E03      	SUBWF       R3, 1, 0
;__Lib_MathDouble.c,1168 :: 		
0x02FA	0xB0D8      	BTFSC       STATUS, 0, 0
;__Lib_MathDouble.c,1169 :: 		
0x02FC	0xF001EFF5  	GOTO        MULJPSETFOV32
;__Lib_MathDouble.c,1170 :: 		
0x0300	0xF001EF86  	GOTO        MOK32
;__Lib_MathDouble.c,1172 :: 		
MTUN32:
;__Lib_MathDouble.c,1173 :: 		
0x0304	0x5E03      	SUBWF       R3, 1, 0
;__Lib_MathDouble.c,1174 :: 		
0x0306	0xA0D8      	BTFSS       STATUS, 0, 0
;__Lib_MathDouble.c,1175 :: 		
0x0308	0xF001EFF9  	GOTO        MULJPSETFUN32
;__Lib_MathDouble.c,1177 :: 		
MOK32:
;__Lib_MathDouble.c,1178 :: 		
0x030C	0x8E02      	BSF         R2, 7, 0
;__Lib_MathDouble.c,1179 :: 		
0x030E	0x8E06      	BSF         R6, 7, 0
;__Lib_MathDouble.c,1181 :: 		
0x0310	0xF00EC002  	MOVFF       R2, R14
;__Lib_MathDouble.c,1182 :: 		
0x0314	0xF00BC001  	MOVFF       R1, R11
;__Lib_MathDouble.c,1183 :: 		
0x0318	0xF00DC000  	MOVFF       R0, R13
;__Lib_MathDouble.c,1185 :: 		
0x031C	0x5000      	MOVF        R0, 0, 0
;__Lib_MathDouble.c,1186 :: 		
0x031E	0x0204      	MULWF       R4, 0
;__Lib_MathDouble.c,1187 :: 		
0x0320	0xF00CCFF4  	MOVFF       PRODH, R12
;__Lib_MathDouble.c,1189 :: 		
0x0324	0x5001      	MOVF        R1, 0, 0
;__Lib_MathDouble.c,1190 :: 		
0x0326	0x0205      	MULWF       R5, 0
;__Lib_MathDouble.c,1191 :: 		
0x0328	0xF000CFF4  	MOVFF       PRODH, R0
;__Lib_MathDouble.c,1192 :: 		
0x032C	0xF008CFF3  	MOVFF       PRODL, R8
;__Lib_MathDouble.c,1194 :: 		
0x0330	0x0204      	MULWF       R4, 0
;__Lib_MathDouble.c,1195 :: 		
0x0332	0x50F3      	MOVF        PRODL, 0, 0
;__Lib_MathDouble.c,1196 :: 		
0x0334	0x260C      	ADDWF       R12, 1, 0
;__Lib_MathDouble.c,1197 :: 		
0x0336	0x50F4      	MOVF        PRODH, 0, 0
;__Lib_MathDouble.c,1198 :: 		
0x0338	0x2208      	ADDWFC      R8, 1, 0
;__Lib_MathDouble.c,1199 :: 		
0x033A	0x0E00      	MOVLW       0
;__Lib_MathDouble.c,1200 :: 		
0x033C	0x2200      	ADDWFC      R0, 1, 0
;__Lib_MathDouble.c,1202 :: 		
0x033E	0x500D      	MOVF        R13, 0, 0
;__Lib_MathDouble.c,1203 :: 		
0x0340	0x0205      	MULWF       R5, 0
;__Lib_MathDouble.c,1204 :: 		
0x0342	0x50F3      	MOVF        PRODL, 0, 0
;__Lib_MathDouble.c,1205 :: 		
0x0344	0x260C      	ADDWF       R12, 1, 0
;__Lib_MathDouble.c,1206 :: 		
0x0346	0x50F4      	MOVF        PRODH, 0, 0
;__Lib_MathDouble.c,1207 :: 		
0x0348	0x2208      	ADDWFC      R8, 1, 0
;__Lib_MathDouble.c,1208 :: 		
0x034A	0x0E00      	MOVLW       0
;__Lib_MathDouble.c,1209 :: 		
0x034C	0x2200      	ADDWFC      R0, 1, 0
;__Lib_MathDouble.c,1211 :: 		
0x034E	0x5002      	MOVF        R2, 0, 0
;__Lib_MathDouble.c,1212 :: 		
0x0350	0x0204      	MULWF       R4, 0
;__Lib_MathDouble.c,1213 :: 		
0x0352	0x50F3      	MOVF        PRODL, 0, 0
;__Lib_MathDouble.c,1214 :: 		
0x0354	0x2608      	ADDWF       R8, 1, 0
;__Lib_MathDouble.c,1215 :: 		
0x0356	0x50F4      	MOVF        PRODH, 0, 0
;__Lib_MathDouble.c,1216 :: 		
0x0358	0x2200      	ADDWFC      R0, 1, 0
;__Lib_MathDouble.c,1217 :: 		
0x035A	0x5002      	MOVF        R2, 0, 0
;__Lib_MathDouble.c,1218 :: 		
0x035C	0x0205      	MULWF       R5, 0
;__Lib_MathDouble.c,1219 :: 		
0x035E	0x6A01      	CLRF        R1, 0
;__Lib_MathDouble.c,1220 :: 		
0x0360	0x0E00      	MOVLW       0
;__Lib_MathDouble.c,1221 :: 		
0x0362	0x2201      	ADDWFC      R1, 1, 0
;__Lib_MathDouble.c,1222 :: 		
0x0364	0x50F3      	MOVF        PRODL, 0, 0
;__Lib_MathDouble.c,1223 :: 		
0x0366	0x2600      	ADDWF       R0, 1, 0
;__Lib_MathDouble.c,1224 :: 		
0x0368	0x50F4      	MOVF        PRODH, 0, 0
;__Lib_MathDouble.c,1225 :: 		
0x036A	0x2201      	ADDWFC      R1, 1, 0
;__Lib_MathDouble.c,1227 :: 		
0x036C	0x500D      	MOVF        R13, 0, 0
;__Lib_MathDouble.c,1228 :: 		
0x036E	0x0206      	MULWF       R6, 0
;__Lib_MathDouble.c,1229 :: 		
0x0370	0x50F3      	MOVF        PRODL, 0, 0
;__Lib_MathDouble.c,1230 :: 		
0x0372	0x2608      	ADDWF       R8, 1, 0
;__Lib_MathDouble.c,1231 :: 		
0x0374	0x50F4      	MOVF        PRODH, 0, 0
;__Lib_MathDouble.c,1232 :: 		
0x0376	0x2200      	ADDWFC      R0, 1, 0
;__Lib_MathDouble.c,1233 :: 		
0x0378	0x6A02      	CLRF        R2, 0
;__Lib_MathDouble.c,1234 :: 		
0x037A	0x0E00      	MOVLW       0
;__Lib_MathDouble.c,1235 :: 		
0x037C	0x2201      	ADDWFC      R1, 1, 0
;__Lib_MathDouble.c,1236 :: 		
0x037E	0x2202      	ADDWFC      R2, 1, 0
;__Lib_MathDouble.c,1238 :: 		
0x0380	0x500B      	MOVF        R11, 0, 0
;__Lib_MathDouble.c,1239 :: 		
0x0382	0x0206      	MULWF       R6, 0
;__Lib_MathDouble.c,1240 :: 		
0x0384	0x50F3      	MOVF        PRODL, 0, 0
;__Lib_MathDouble.c,1241 :: 		
0x0386	0x2600      	ADDWF       R0, 1, 0
;__Lib_MathDouble.c,1242 :: 		
0x0388	0x50F4      	MOVF        PRODH, 0, 0
;__Lib_MathDouble.c,1243 :: 		
0x038A	0x2201      	ADDWFC      R1, 1, 0
;__Lib_MathDouble.c,1244 :: 		
0x038C	0x0E00      	MOVLW       0
;__Lib_MathDouble.c,1245 :: 		
0x038E	0x2202      	ADDWFC      R2, 1, 0
;__Lib_MathDouble.c,1247 :: 		
0x0390	0x500E      	MOVF        R14, 0, 0
;__Lib_MathDouble.c,1248 :: 		
0x0392	0x0206      	MULWF       R6, 0
;__Lib_MathDouble.c,1249 :: 		
0x0394	0x50F3      	MOVF        PRODL, 0, 0
;__Lib_MathDouble.c,1250 :: 		
0x0396	0x2601      	ADDWF       R1, 1, 0
;__Lib_MathDouble.c,1251 :: 		
0x0398	0x50F4      	MOVF        PRODH, 0, 0
;__Lib_MathDouble.c,1252 :: 		
0x039A	0x2202      	ADDWFC      R2, 1, 0
;__Lib_MathDouble.c,1254 :: 		
0x039C	0xBE02      	BTFSC       R2, 7, 0
;__Lib_MathDouble.c,1255 :: 		
0x039E	0xF001EFD9  	GOTO        MROUND32
;__Lib_MathDouble.c,1256 :: 		
0x03A2	0x3608      	RLCF        R8, 1, 0
;__Lib_MathDouble.c,1257 :: 		
0x03A4	0x3600      	RLCF        R0, 1, 0
;__Lib_MathDouble.c,1258 :: 		
0x03A6	0x3601      	RLCF        R1, 1, 0
;__Lib_MathDouble.c,1259 :: 		
0x03A8	0x3602      	RLCF        R2, 1, 0
;__Lib_MathDouble.c,1260 :: 		
0x03AA	0x0603      	DECF        R3, 1, 0
;__Lib_MathDouble.c,1261 :: 		
0x03AC	0xB4D8      	BTFSC       STATUS, 2, 0
;__Lib_MathDouble.c,1262 :: 		
0x03AE	0xF001EFF9  	GOTO        MULJPSETFUN32
;__Lib_MathDouble.c,1264 :: 		
MROUND32:
;__Lib_MathDouble.c,1267 :: 		
0x03B2	0xF001EFEC  	GOTO        MUL32OK
;__Lib_MathDouble.c,1268 :: 		
0x03B6	0x80D8      	BSF         STATUS, 0, 0
;__Lib_MathDouble.c,1269 :: 		
0x03B8	0x0E80      	MOVLW       128
;__Lib_MathDouble.c,1270 :: 		
0x03BA	0x6408      	CPFSGT      R8, 0
;__Lib_MathDouble.c,1271 :: 		
0x03BC	0x3000      	RRCF        R0, 0, 0
;__Lib_MathDouble.c,1272 :: 		
0x03BE	0x0E00      	MOVLW       0
;__Lib_MathDouble.c,1273 :: 		
0x03C0	0x2200      	ADDWFC      R0, 1, 0
;__Lib_MathDouble.c,1274 :: 		
0x03C2	0x2201      	ADDWFC      R1, 1, 0
;__Lib_MathDouble.c,1275 :: 		
0x03C4	0x2202      	ADDWFC      R2, 1, 0
;__Lib_MathDouble.c,1277 :: 		
0x03C6	0xA0D8      	BTFSS       STATUS, 0, 0
;__Lib_MathDouble.c,1278 :: 		
0x03C8	0xF001EFEC  	GOTO        MUL32OK
;__Lib_MathDouble.c,1279 :: 		
0x03CC	0x3202      	RRCF        R2, 1, 0
;__Lib_MathDouble.c,1280 :: 		
0x03CE	0x3201      	RRCF        R1, 1, 0
;__Lib_MathDouble.c,1281 :: 		
0x03D0	0x3200      	RRCF        R0, 1, 0
;__Lib_MathDouble.c,1282 :: 		
0x03D2	0x4A03      	INFSNZ      R3, 1, 0
;__Lib_MathDouble.c,1283 :: 		
0x03D4	0xF001EFF5  	GOTO        MULJPSETFOV32
;__Lib_MathDouble.c,1285 :: 		
MUL32OK:
;__Lib_MathDouble.c,1286 :: 		
0x03D8	0xAE0A      	BTFSS       R10, 7, 0
;__Lib_MathDouble.c,1287 :: 		
0x03DA	0x9E02      	BCF         R2, 7, 0
;__Lib_MathDouble.c,1289 :: 		
0x03DC	0x0E00      	MOVLW       0
;__Lib_MathDouble.c,1290 :: 		
0x03DE	0xF001EFFB  	GOTO        MULEEE
;__Lib_MathDouble.c,1291 :: 		
MULJPRES032:
;__Lib_MathDouble.c,1292 :: 		
0x03E2	0x0E01      	MOVLW       1
;__Lib_MathDouble.c,1295 :: 		
0x03E4	0xDE28      	RCALL       _RES032
;__Lib_MathDouble.c,1297 :: 		
0x03E6	0xF001EFFB  	GOTO        MULEEE
;__Lib_MathDouble.c,1298 :: 		
MULJPSETFOV32:
;__Lib_MathDouble.c,1299 :: 		
0x03EA	0x0E02      	MOVLW       2
;__Lib_MathDouble.c,1302 :: 		
0x03EC	0xDE18      	RCALL       _SETFOV32
;__Lib_MathDouble.c,1304 :: 		
0x03EE	0xF001EFFB  	GOTO        MULEEE
;__Lib_MathDouble.c,1305 :: 		
MULJPSETFUN32:
;__Lib_MathDouble.c,1306 :: 		
0x03F2	0x0E04      	MOVLW       4
;__Lib_MathDouble.c,1309 :: 		
0x03F4	0xDE27      	RCALL       _SETFUN32
;__Lib_MathDouble.c,1311 :: 		
MULEEE:
;__Lib_MathDouble.c,1318 :: 		
L_end_Mul_32x32_FP:
0x03F6	0x0012      	RETURN      0
; end of _Mul_32x32_FP
_double2byte:
;__Lib_MathDouble.c,2154 :: 		
;__Lib_MathDouble.c,2163 :: 		
0x03F8	0x6A0B      	CLRF        R11, 0
;__Lib_MathDouble.c,2164 :: 		
0x03FA	0x6A0C      	CLRF        R12, 0
;__Lib_MathDouble.c,2165 :: 		
0x03FC	0x6A0A      	CLRF        R10, 0
;__Lib_MathDouble.c,2167 :: 		
0x03FE	0x5003      	MOVF        R3, 0, 0
;__Lib_MathDouble.c,2168 :: 		
0x0400	0xB4D8      	BTFSC       STATUS, 2, 0
;__Lib_MathDouble.c,2169 :: 		
0x0402	0xF002EF31  	GOTO        IRES008
;__Lib_MathDouble.c,2171 :: 		
0x0406	0x9E0A      	BCF         R10, 7, 0
;__Lib_MathDouble.c,2172 :: 		
0x0408	0x8E02      	BSF         R2, 7, 0
;__Lib_MathDouble.c,2174 :: 		
0x040A	0x0E86      	MOVLW       134
;__Lib_MathDouble.c,2175 :: 		
0x040C	0x5E03      	SUBWF       R3, 1, 0
;__Lib_MathDouble.c,2176 :: 		
0x040E	0xBE03      	BTFSC       R3, 7, 0
;__Lib_MathDouble.c,2177 :: 		
0x0410	0xF002EF0F  	GOTO        SETEXP08
;__Lib_MathDouble.c,2178 :: 		
0x0414	0xB4D8      	BTFSC       STATUS, 2, 0
;__Lib_MathDouble.c,2179 :: 		
0x0416	0xF002EF0F  	GOTO        SETEXP08
;__Lib_MathDouble.c,2180 :: 		
0x041A	0xF002EF34  	GOTO        SETIOV08
;__Lib_MathDouble.c,2181 :: 		
SETEXP08:
;__Lib_MathDouble.c,2182 :: 		
0x041E	0x6C03      	NEGF        R3, 0
;__Lib_MathDouble.c,2184 :: 		
0x0420	0x0E08      	MOVLW       8
;__Lib_MathDouble.c,2185 :: 		
0x0422	0x5C03      	SUBWF       R3, 0, 0
;__Lib_MathDouble.c,2186 :: 		
0x0424	0xA0D8      	BTFSS       STATUS, 0, 0
;__Lib_MathDouble.c,2187 :: 		
0x0426	0xF002EF1D  	GOTO        TSHIFT3208
;__Lib_MathDouble.c,2188 :: 		
0x042A	0x6E03      	MOVWF       R3, 0
;__Lib_MathDouble.c,2189 :: 		
0x042C	0x3602      	RLCF        R2, 1, 0
;__Lib_MathDouble.c,2190 :: 		
0x042E	0x6A02      	CLRF        R2, 0
;__Lib_MathDouble.c,2192 :: 		
0x0430	0x5003      	MOVF        R3, 0, 0
;__Lib_MathDouble.c,2193 :: 		
0x0432	0xA4D8      	BTFSS       STATUS, 2, 0
;__Lib_MathDouble.c,2194 :: 		
0x0434	0x90D8      	BCF         STATUS, 0, 0
;__Lib_MathDouble.c,2195 :: 		
0x0436	0xF002EF26  	GOTO        SHIFT3208OK
;__Lib_MathDouble.c,2196 :: 		
TSHIFT3208:
;__Lib_MathDouble.c,2197 :: 		
0x043A	0x5003      	MOVF        R3, 0, 0
;__Lib_MathDouble.c,2198 :: 		
0x043C	0xB4D8      	BTFSC       STATUS, 2, 0
;__Lib_MathDouble.c,2199 :: 		
0x043E	0xF002EF26  	GOTO        SHIFT3208OK
;__Lib_MathDouble.c,2200 :: 		
SHIFT3208:
;__Lib_MathDouble.c,2201 :: 		
0x0442	0x90D8      	BCF         STATUS, 0, 0
;__Lib_MathDouble.c,2202 :: 		
0x0444	0x3202      	RRCF        R2, 1, 0
;__Lib_MathDouble.c,2203 :: 		
0x0446	0x2E03      	DECFSZ      R3, 1, 0
;__Lib_MathDouble.c,2204 :: 		
0x0448	0xF002EF21  	GOTO        SHIFT3208
;__Lib_MathDouble.c,2205 :: 		
SHIFT3208OK:
;__Lib_MathDouble.c,2206 :: 		
0x044C	0xBC0B      	BTFSC       R11, 6, 0
;__Lib_MathDouble.c,2207 :: 		
0x044E	0xA002      	BTFSS       R2, 0, 0
;__Lib_MathDouble.c,2208 :: 		
0x0450	0xF002EF31  	GOTO        INT3208OK
;__Lib_MathDouble.c,2209 :: 		
0x0454	0xA0D8      	BTFSS       STATUS, 0, 0
;__Lib_MathDouble.c,2210 :: 		
0x0456	0xF002EF31  	GOTO        INT3208OK
;__Lib_MathDouble.c,2211 :: 		
0x045A	0x2A02      	INCF        R2, 1, 0
;__Lib_MathDouble.c,2212 :: 		
0x045C	0xB4D8      	BTFSC       STATUS, 2, 0
;__Lib_MathDouble.c,2213 :: 		
0x045E	0xF002EF3B  	GOTO        D2B_JPKSETIOV3224
;__Lib_MathDouble.c,2214 :: 		
INT3208OK:
;__Lib_MathDouble.c,2215 :: 		
IRES008:
;__Lib_MathDouble.c,2216 :: 		
0x0462	0x6A01      	CLRF        R1, 0
;__Lib_MathDouble.c,2217 :: 		
0x0464	0xF002EF40  	GOTO        INT3208EOK
;__Lib_MathDouble.c,2218 :: 		
SETIOV08:
;__Lib_MathDouble.c,2219 :: 		
0x0468	0x800B      	BSF         R11, 0, 0
;__Lib_MathDouble.c,2220 :: 		
0x046A	0xAE0B      	BTFSS       R11, 7, 0
;__Lib_MathDouble.c,2221 :: 		
0x046C	0xF002EF44  	GOTO        INT3208EER
;__Lib_MathDouble.c,2223 :: 		
0x0470	0x6A01      	CLRF        R1, 0
;__Lib_MathDouble.c,2224 :: 		
0x0472	0xF002EF44  	GOTO        INT3208EER
;__Lib_MathDouble.c,2225 :: 		
D2B_JPKSETIOV3224:
;__Lib_MathDouble.c,2226 :: 		
0x0476	0x0E01      	MOVLW       1
;__Lib_MathDouble.c,2227 :: 		
0x0478	0x6E0C      	MOVWF       R12, 0
;__Lib_MathDouble.c,2229 :: 		
0x047A	0xDDF1      	RCALL       _SETIOV3224
;__Lib_MathDouble.c,2231 :: 		
0x047C	0xF002EF46  	GOTO        INT3208EEE
;__Lib_MathDouble.c,2232 :: 		
INT3208EOK:
;__Lib_MathDouble.c,2233 :: 		
0x0480	0x0E00      	MOVLW       0
;__Lib_MathDouble.c,2234 :: 		
0x0482	0x6E0C      	MOVWF       R12, 0
;__Lib_MathDouble.c,2235 :: 		
0x0484	0xF002EF46  	GOTO        INT3208EEE
;__Lib_MathDouble.c,2236 :: 		
INT3208EER:
;__Lib_MathDouble.c,2237 :: 		
0x0488	0x0EFF      	MOVLW       255
;__Lib_MathDouble.c,2238 :: 		
0x048A	0x6E0C      	MOVWF       R12, 0
;__Lib_MathDouble.c,2239 :: 		
INT3208EEE:
;__Lib_MathDouble.c,2240 :: 		
0x048C	0x5002      	MOVF        R2, 0, 0
;__Lib_MathDouble.c,2241 :: 		
0x048E	0x6E00      	MOVWF       R0, 0
;__Lib_MathDouble.c,2246 :: 		
L_end_double2byte:
0x0490	0x0012      	RETURN      0
; end of _double2byte
_word2double:
;__Lib_MathDouble.c,2335 :: 		
;__Lib_MathDouble.c,2344 :: 		
0x0492	0x5000      	MOVF        R0, 0, 0
;__Lib_MathDouble.c,2345 :: 		
0x0494	0x6E08      	MOVWF       R8, 0
;__Lib_MathDouble.c,2346 :: 		
0x0496	0x5001      	MOVF        R1, 0, 0
;__Lib_MathDouble.c,2347 :: 		
0x0498	0x6E00      	MOVWF       R0, 0
;__Lib_MathDouble.c,2348 :: 		
0x049A	0x6A01      	CLRF        R1, 0
;__Lib_MathDouble.c,2349 :: 		
0x049C	0x6A02      	CLRF        R2, 0
;__Lib_MathDouble.c,2350 :: 		
0x049E	0x6A03      	CLRF        R3, 0
;__Lib_MathDouble.c,2353 :: 		
0x04A0	0x6A0B      	CLRF        R11, 0
;__Lib_MathDouble.c,2354 :: 		
0x04A2	0x6A0C      	CLRF        R12, 0
;__Lib_MathDouble.c,2356 :: 		
0x04A4	0x0E96      	MOVLW       150
;__Lib_MathDouble.c,2357 :: 		
0x04A6	0x6E03      	MOVWF       R3, 0
;__Lib_MathDouble.c,2358 :: 		
0x04A8	0x6A0A      	CLRF        R10, 0
;__Lib_MathDouble.c,2360 :: 		
0x04AA	0xF001C000  	MOVFF       R0, R1
;__Lib_MathDouble.c,2361 :: 		
0x04AE	0xF000C008  	MOVFF       R8, R0
;__Lib_MathDouble.c,2362 :: 		
0x04B2	0x6A08      	CLRF        R8, 0
;__Lib_MathDouble.c,2363 :: 		
0x04B4	0x6A02      	CLRF        R2, 0
;__Lib_MathDouble.c,2365 :: 		
0x04B6	0xDDE6      	RCALL       _NRM3232
;__Lib_MathDouble.c,2366 :: 		
L_end_word2double:
0x04B8	0x0012      	RETURN      0
; end of _word2double
_Add_32x32_FP:
;__Lib_MathDouble.c,563 :: 		
;__Lib_MathDouble.c,578 :: 		
0x04BA	0x5002      	MOVF        R2, 0, 0
;__Lib_MathDouble.c,579 :: 		
0x04BC	0x1806      	XORWF       R6, 0, 0
;__Lib_MathDouble.c,580 :: 		
0x04BE	0x6E0E      	MOVWF       R14, 0
;__Lib_MathDouble.c,582 :: 		
0x04C0	0x6A08      	CLRF        R8, 0
;__Lib_MathDouble.c,583 :: 		
0x04C2	0x6A09      	CLRF        R9, 0
;__Lib_MathDouble.c,584 :: 		
0x04C4	0x6A0B      	CLRF        R11, 0
;__Lib_MathDouble.c,586 :: 		
0x04C6	0x5003      	MOVF        R3, 0, 0
;__Lib_MathDouble.c,587 :: 		
0x04C8	0x6407      	CPFSGT      R7, 0
;__Lib_MathDouble.c,588 :: 		
0x04CA	0xF003EF50  	GOTO        USEA32
;__Lib_MathDouble.c,591 :: 		
0x04CE	0x5006      	MOVF        R6, 0, 0
;__Lib_MathDouble.c,592 :: 		
0x04D0	0x6E0A      	MOVWF       R10, 0
;__Lib_MathDouble.c,593 :: 		
0x04D2	0x8E06      	BSF         R6, 7, 0
;__Lib_MathDouble.c,594 :: 		
0x04D4	0x8E02      	BSF         R2, 7, 0
;__Lib_MathDouble.c,596 :: 		
0x04D6	0x5003      	MOVF        R3, 0, 0
;__Lib_MathDouble.c,597 :: 		
0x04D8	0x6E0B      	MOVWF       R11, 0
;__Lib_MathDouble.c,598 :: 		
0x04DA	0x5007      	MOVF        R7, 0, 0
;__Lib_MathDouble.c,599 :: 		
0x04DC	0x6E03      	MOVWF       R3, 0
;__Lib_MathDouble.c,601 :: 		
0x04DE	0x0E00      	MOVLW       0
;__Lib_MathDouble.c,602 :: 		
0x04E0	0x640B      	CPFSGT      R11, 0
;__Lib_MathDouble.c,603 :: 		
0x04E2	0xF002EFA0  	GOTO        BRETURN32
;__Lib_MathDouble.c,604 :: 		
0x04E6	0x500B      	MOVF        R11, 0, 0
;__Lib_MathDouble.c,605 :: 		
0x04E8	0x5E07      	SUBWF       R7, 1, 0
;__Lib_MathDouble.c,606 :: 		
0x04EA	0xB4D8      	BTFSC       STATUS, 2, 0
;__Lib_MathDouble.c,607 :: 		
0x04EC	0xF003EF41  	GOTO        BLIGNED32
;__Lib_MathDouble.c,609 :: 		
0x04F0	0x0E07      	MOVLW       7
;__Lib_MathDouble.c,610 :: 		
0x04F2	0x6407      	CPFSGT      R7, 0
;__Lib_MathDouble.c,611 :: 		
0x04F4	0xF003EF0F  	GOTO        BNIB32
;__Lib_MathDouble.c,613 :: 		
0x04F8	0x5E07      	SUBWF       R7, 1, 0
;__Lib_MathDouble.c,614 :: 		
0x04FA	0xF008C000  	MOVFF       R0, R8
;__Lib_MathDouble.c,615 :: 		
0x04FE	0xF000C001  	MOVFF       R1, R0
;__Lib_MathDouble.c,616 :: 		
0x0502	0xF001C002  	MOVFF       R2, R1
;__Lib_MathDouble.c,617 :: 		
0x0506	0x6A02      	CLRF        R2, 0
;__Lib_MathDouble.c,618 :: 		
0x0508	0x4E07      	DCFSNZ      R7, 1, 0
;__Lib_MathDouble.c,619 :: 		
0x050A	0xF003EF41  	GOTO        BLIGNED32
;__Lib_MathDouble.c,621 :: 		
0x050E	0x6407      	CPFSGT      R7, 0
;__Lib_MathDouble.c,622 :: 		
0x0510	0xF002EFE4  	GOTO        BNIB32A
;__Lib_MathDouble.c,623 :: 		
0x0514	0x5E07      	SUBWF       R7, 1, 0
;__Lib_MathDouble.c,624 :: 		
0x0516	0xF008C000  	MOVFF       R0, R8
;__Lib_MathDouble.c,625 :: 		
0x051A	0xF000C001  	MOVFF       R1, R0
;__Lib_MathDouble.c,626 :: 		
0x051E	0x6A01      	CLRF        R1, 0
;__Lib_MathDouble.c,627 :: 		
0x0520	0x4E07      	DCFSNZ      R7, 1, 0
;__Lib_MathDouble.c,628 :: 		
0x0522	0xF003EF41  	GOTO        BLIGNED32
;__Lib_MathDouble.c,630 :: 		
0x0526	0x6407      	CPFSGT      R7, 0
;__Lib_MathDouble.c,631 :: 		
0x0528	0xF002EFC2  	GOTO        BNIB32B
;__Lib_MathDouble.c,632 :: 		
0x052C	0x5E07      	SUBWF       R7, 1, 0
;__Lib_MathDouble.c,633 :: 		
0x052E	0xF008C000  	MOVFF       R0, R8
;__Lib_MathDouble.c,634 :: 		
0x0532	0x6A00      	CLRF        R0, 0
;__Lib_MathDouble.c,635 :: 		
0x0534	0x4E07      	DCFSNZ      R7, 1, 0
;__Lib_MathDouble.c,636 :: 		
0x0536	0xF003EF41  	GOTO        BLIGNED32
;__Lib_MathDouble.c,638 :: 		
0x053A	0x6407      	CPFSGT      R7, 0
;__Lib_MathDouble.c,639 :: 		
0x053C	0xF002EFA9  	GOTO        BNIB32C
;__Lib_MathDouble.c,641 :: 		
BRETURN32:
;__Lib_MathDouble.c,642 :: 		
0x0540	0xF002C00A  	MOVFF       R10, R2
;__Lib_MathDouble.c,643 :: 		
0x0544	0xF001C005  	MOVFF       R5, R1
;__Lib_MathDouble.c,644 :: 		
0x0548	0xF000C004  	MOVFF       R4, R0
;__Lib_MathDouble.c,645 :: 		
0x054C	0x6A08      	CLRF        R8, 0
;__Lib_MathDouble.c,646 :: 		
0x054E	0xF004EF6B  	GOTO        ADDEOK
;__Lib_MathDouble.c,648 :: 		
BNIB32C:
;__Lib_MathDouble.c,649 :: 		
0x0552	0x0E03      	MOVLW       3
;__Lib_MathDouble.c,650 :: 		
0x0554	0x6407      	CPFSGT      R7, 0
;__Lib_MathDouble.c,651 :: 		
0x0556	0xF002EFB4  	GOTO        BLOOP32C
;__Lib_MathDouble.c,652 :: 		
0x055A	0x5E07      	SUBWF       R7, 1, 0
;__Lib_MathDouble.c,653 :: 		
0x055C	0x3808      	SWAPF       R8, 0, 0
;__Lib_MathDouble.c,654 :: 		
0x055E	0x0B0F      	ANDLW       15
;__Lib_MathDouble.c,655 :: 		
0x0560	0x6E08      	MOVWF       R8, 0
;__Lib_MathDouble.c,656 :: 		
0x0562	0x4E07      	DCFSNZ      R7, 1, 0
;__Lib_MathDouble.c,657 :: 		
0x0564	0xF003EF41  	GOTO        BLIGNED32
;__Lib_MathDouble.c,659 :: 		
BLOOP32C:
;__Lib_MathDouble.c,660 :: 		
0x0568	0x90D8      	BCF         STATUS, 0, 0
;__Lib_MathDouble.c,661 :: 		
0x056A	0x3208      	RRCF        R8, 1, 0
;__Lib_MathDouble.c,662 :: 		
0x056C	0x4E07      	DCFSNZ      R7, 1, 0
;__Lib_MathDouble.c,663 :: 		
0x056E	0xF003EF41  	GOTO        BLIGNED32
;__Lib_MathDouble.c,664 :: 		
0x0572	0x90D8      	BCF         STATUS, 0, 0
;__Lib_MathDouble.c,665 :: 		
0x0574	0x3208      	RRCF        R8, 1, 0
;__Lib_MathDouble.c,666 :: 		
0x0576	0x4E07      	DCFSNZ      R7, 1, 0
;__Lib_MathDouble.c,667 :: 		
0x0578	0xF003EF41  	GOTO        BLIGNED32
;__Lib_MathDouble.c,668 :: 		
0x057C	0x90D8      	BCF         STATUS, 0, 0
;__Lib_MathDouble.c,669 :: 		
0x057E	0x3208      	RRCF        R8, 1, 0
;__Lib_MathDouble.c,670 :: 		
0x0580	0xF003EF41  	GOTO        BLIGNED32
;__Lib_MathDouble.c,672 :: 		
BNIB32B:
;__Lib_MathDouble.c,673 :: 		
0x0584	0x0E03      	MOVLW       3
;__Lib_MathDouble.c,674 :: 		
0x0586	0x6407      	CPFSGT      R7, 0
;__Lib_MathDouble.c,675 :: 		
0x0588	0xF002EFD3  	GOTO        BLOOP32B
;__Lib_MathDouble.c,676 :: 		
0x058C	0x5E07      	SUBWF       R7, 1, 0
;__Lib_MathDouble.c,677 :: 		
0x058E	0x3808      	SWAPF       R8, 0, 0
;__Lib_MathDouble.c,678 :: 		
0x0590	0x0B0F      	ANDLW       15
;__Lib_MathDouble.c,679 :: 		
0x0592	0x6E08      	MOVWF       R8, 0
;__Lib_MathDouble.c,680 :: 		
0x0594	0x3800      	SWAPF       R0, 0, 0
;__Lib_MathDouble.c,681 :: 		
0x0596	0x0BF0      	ANDLW       240
;__Lib_MathDouble.c,682 :: 		
0x0598	0x2608      	ADDWF       R8, 1, 0
;__Lib_MathDouble.c,683 :: 		
0x059A	0x3800      	SWAPF       R0, 0, 0
;__Lib_MathDouble.c,684 :: 		
0x059C	0x0B0F      	ANDLW       15
;__Lib_MathDouble.c,685 :: 		
0x059E	0x6E00      	MOVWF       R0, 0
;__Lib_MathDouble.c,686 :: 		
0x05A0	0x4E07      	DCFSNZ      R7, 1, 0
;__Lib_MathDouble.c,687 :: 		
0x05A2	0xF003EF41  	GOTO        BLIGNED32
;__Lib_MathDouble.c,689 :: 		
BLOOP32B:
;__Lib_MathDouble.c,690 :: 		
0x05A6	0x90D8      	BCF         STATUS, 0, 0
;__Lib_MathDouble.c,691 :: 		
0x05A8	0x3200      	RRCF        R0, 1, 0
;__Lib_MathDouble.c,692 :: 		
0x05AA	0x3208      	RRCF        R8, 1, 0
;__Lib_MathDouble.c,693 :: 		
0x05AC	0x4E07      	DCFSNZ      R7, 1, 0
;__Lib_MathDouble.c,694 :: 		
0x05AE	0xF003EF41  	GOTO        BLIGNED32
;__Lib_MathDouble.c,695 :: 		
0x05B2	0x90D8      	BCF         STATUS, 0, 0
;__Lib_MathDouble.c,696 :: 		
0x05B4	0x3200      	RRCF        R0, 1, 0
;__Lib_MathDouble.c,697 :: 		
0x05B6	0x3208      	RRCF        R8, 1, 0
;__Lib_MathDouble.c,698 :: 		
0x05B8	0x4E07      	DCFSNZ      R7, 1, 0
;__Lib_MathDouble.c,699 :: 		
0x05BA	0xF003EF41  	GOTO        BLIGNED32
;__Lib_MathDouble.c,700 :: 		
0x05BE	0x90D8      	BCF         STATUS, 0, 0
;__Lib_MathDouble.c,701 :: 		
0x05C0	0x3200      	RRCF        R0, 1, 0
;__Lib_MathDouble.c,702 :: 		
0x05C2	0x3208      	RRCF        R8, 1, 0
;__Lib_MathDouble.c,703 :: 		
0x05C4	0xF003EF41  	GOTO        BLIGNED32
;__Lib_MathDouble.c,705 :: 		
BNIB32A:
;__Lib_MathDouble.c,706 :: 		
0x05C8	0x0E03      	MOVLW       3
;__Lib_MathDouble.c,707 :: 		
0x05CA	0x6407      	CPFSGT      R7, 0
;__Lib_MathDouble.c,708 :: 		
0x05CC	0xF002EFFB  	GOTO        BLOOP32A
;__Lib_MathDouble.c,709 :: 		
0x05D0	0x5E07      	SUBWF       R7, 1, 0
;__Lib_MathDouble.c,710 :: 		
0x05D2	0x3808      	SWAPF       R8, 0, 0
;__Lib_MathDouble.c,711 :: 		
0x05D4	0x0B0F      	ANDLW       15
;__Lib_MathDouble.c,712 :: 		
0x05D6	0x6E08      	MOVWF       R8, 0
;__Lib_MathDouble.c,713 :: 		
0x05D8	0x3800      	SWAPF       R0, 0, 0
;__Lib_MathDouble.c,714 :: 		
0x05DA	0x0BF0      	ANDLW       240
;__Lib_MathDouble.c,715 :: 		
0x05DC	0x2608      	ADDWF       R8, 1, 0
;__Lib_MathDouble.c,716 :: 		
0x05DE	0x3800      	SWAPF       R0, 0, 0
;__Lib_MathDouble.c,717 :: 		
0x05E0	0x0B0F      	ANDLW       15
;__Lib_MathDouble.c,718 :: 		
0x05E2	0x6E00      	MOVWF       R0, 0
;__Lib_MathDouble.c,719 :: 		
0x05E4	0x3801      	SWAPF       R1, 0, 0
;__Lib_MathDouble.c,720 :: 		
0x05E6	0x0BF0      	ANDLW       240
;__Lib_MathDouble.c,721 :: 		
0x05E8	0x2600      	ADDWF       R0, 1, 0
;__Lib_MathDouble.c,722 :: 		
0x05EA	0x3801      	SWAPF       R1, 0, 0
;__Lib_MathDouble.c,723 :: 		
0x05EC	0x0B0F      	ANDLW       15
;__Lib_MathDouble.c,724 :: 		
0x05EE	0x6E01      	MOVWF       R1, 0
;__Lib_MathDouble.c,725 :: 		
0x05F0	0x4E07      	DCFSNZ      R7, 1, 0
;__Lib_MathDouble.c,726 :: 		
0x05F2	0xF003EF41  	GOTO        BLIGNED32
;__Lib_MathDouble.c,728 :: 		
BLOOP32A:
;__Lib_MathDouble.c,729 :: 		
0x05F6	0x90D8      	BCF         STATUS, 0, 0
;__Lib_MathDouble.c,730 :: 		
0x05F8	0x3201      	RRCF        R1, 1, 0
;__Lib_MathDouble.c,731 :: 		
0x05FA	0x3200      	RRCF        R0, 1, 0
;__Lib_MathDouble.c,732 :: 		
0x05FC	0x3208      	RRCF        R8, 1, 0
;__Lib_MathDouble.c,733 :: 		
0x05FE	0x4E07      	DCFSNZ      R7, 1, 0
;__Lib_MathDouble.c,734 :: 		
0x0600	0xF003EF41  	GOTO        BLIGNED32
;__Lib_MathDouble.c,735 :: 		
0x0604	0x90D8      	BCF         STATUS, 0, 0
;__Lib_MathDouble.c,736 :: 		
0x0606	0x3201      	RRCF        R1, 1, 0
;__Lib_MathDouble.c,737 :: 		
0x0608	0x3200      	RRCF        R0, 1, 0
;__Lib_MathDouble.c,738 :: 		
0x060A	0x3208      	RRCF        R8, 1, 0
;__Lib_MathDouble.c,739 :: 		
0x060C	0x4E07      	DCFSNZ      R7, 1, 0
;__Lib_MathDouble.c,740 :: 		
0x060E	0xF003EF41  	GOTO        BLIGNED32
;__Lib_MathDouble.c,741 :: 		
0x0612	0x90D8      	BCF         STATUS, 0, 0
;__Lib_MathDouble.c,742 :: 		
0x0614	0x3201      	RRCF        R1, 1, 0
;__Lib_MathDouble.c,743 :: 		
0x0616	0x3200      	RRCF        R0, 1, 0
;__Lib_MathDouble.c,744 :: 		
0x0618	0x3208      	RRCF        R8, 1, 0
;__Lib_MathDouble.c,745 :: 		
0x061A	0xF003EF41  	GOTO        BLIGNED32
;__Lib_MathDouble.c,747 :: 		
BNIB32:
;__Lib_MathDouble.c,748 :: 		
0x061E	0x0E03      	MOVLW       3
;__Lib_MathDouble.c,749 :: 		
0x0620	0x6407      	CPFSGT      R7, 0
;__Lib_MathDouble.c,750 :: 		
0x0622	0xF003EF2C  	GOTO        BLOOP32
;__Lib_MathDouble.c,751 :: 		
0x0626	0x5E07      	SUBWF       R7, 1, 0
;__Lib_MathDouble.c,752 :: 		
0x0628	0x3808      	SWAPF       R8, 0, 0
;__Lib_MathDouble.c,753 :: 		
0x062A	0x0B0F      	ANDLW       15
;__Lib_MathDouble.c,754 :: 		
0x062C	0x6E08      	MOVWF       R8, 0
;__Lib_MathDouble.c,755 :: 		
0x062E	0x3800      	SWAPF       R0, 0, 0
;__Lib_MathDouble.c,756 :: 		
0x0630	0x0BF0      	ANDLW       240
;__Lib_MathDouble.c,757 :: 		
0x0632	0x2608      	ADDWF       R8, 1, 0
;__Lib_MathDouble.c,758 :: 		
0x0634	0x3800      	SWAPF       R0, 0, 0
;__Lib_MathDouble.c,759 :: 		
0x0636	0x0B0F      	ANDLW       15
;__Lib_MathDouble.c,760 :: 		
0x0638	0x6E00      	MOVWF       R0, 0
;__Lib_MathDouble.c,761 :: 		
0x063A	0x3801      	SWAPF       R1, 0, 0
;__Lib_MathDouble.c,762 :: 		
0x063C	0x0BF0      	ANDLW       240
;__Lib_MathDouble.c,763 :: 		
0x063E	0x2600      	ADDWF       R0, 1, 0
;__Lib_MathDouble.c,764 :: 		
0x0640	0x3801      	SWAPF       R1, 0, 0
;__Lib_MathDouble.c,765 :: 		
0x0642	0x0B0F      	ANDLW       15
;__Lib_MathDouble.c,766 :: 		
0x0644	0x6E01      	MOVWF       R1, 0
;__Lib_MathDouble.c,767 :: 		
0x0646	0x3802      	SWAPF       R2, 0, 0
;__Lib_MathDouble.c,768 :: 		
0x0648	0x0BF0      	ANDLW       240
;__Lib_MathDouble.c,769 :: 		
0x064A	0x2601      	ADDWF       R1, 1, 0
;__Lib_MathDouble.c,770 :: 		
0x064C	0x3802      	SWAPF       R2, 0, 0
;__Lib_MathDouble.c,771 :: 		
0x064E	0x0B0F      	ANDLW       15
;__Lib_MathDouble.c,772 :: 		
0x0650	0x6E02      	MOVWF       R2, 0
;__Lib_MathDouble.c,773 :: 		
0x0652	0x4E07      	DCFSNZ      R7, 1, 0
;__Lib_MathDouble.c,774 :: 		
0x0654	0xF003EF41  	GOTO        BLIGNED32
;__Lib_MathDouble.c,776 :: 		
BLOOP32:
;__Lib_MathDouble.c,777 :: 		
0x0658	0x90D8      	BCF         STATUS, 0, 0
;__Lib_MathDouble.c,778 :: 		
0x065A	0x3202      	RRCF        R2, 1, 0
;__Lib_MathDouble.c,779 :: 		
0x065C	0x3201      	RRCF        R1, 1, 0
;__Lib_MathDouble.c,780 :: 		
0x065E	0x3200      	RRCF        R0, 1, 0
;__Lib_MathDouble.c,781 :: 		
0x0660	0x3208      	RRCF        R8, 1, 0
;__Lib_MathDouble.c,782 :: 		
0x0662	0x4E07      	DCFSNZ      R7, 1, 0
;__Lib_MathDouble.c,783 :: 		
0x0664	0xF003EF41  	GOTO        BLIGNED32
;__Lib_MathDouble.c,784 :: 		
0x0668	0x90D8      	BCF         STATUS, 0, 0
;__Lib_MathDouble.c,785 :: 		
0x066A	0x3202      	RRCF        R2, 1, 0
;__Lib_MathDouble.c,786 :: 		
0x066C	0x3201      	RRCF        R1, 1, 0
;__Lib_MathDouble.c,787 :: 		
0x066E	0x3200      	RRCF        R0, 1, 0
;__Lib_MathDouble.c,788 :: 		
0x0670	0x3208      	RRCF        R8, 1, 0
;__Lib_MathDouble.c,789 :: 		
0x0672	0x4E07      	DCFSNZ      R7, 1, 0
;__Lib_MathDouble.c,790 :: 		
0x0674	0xF003EF41  	GOTO        BLIGNED32
;__Lib_MathDouble.c,791 :: 		
0x0678	0x90D8      	BCF         STATUS, 0, 0
;__Lib_MathDouble.c,792 :: 		
0x067A	0x3202      	RRCF        R2, 1, 0
;__Lib_MathDouble.c,793 :: 		
0x067C	0x3201      	RRCF        R1, 1, 0
;__Lib_MathDouble.c,794 :: 		
0x067E	0x3200      	RRCF        R0, 1, 0
;__Lib_MathDouble.c,795 :: 		
0x0680	0x3208      	RRCF        R8, 1, 0
;__Lib_MathDouble.c,797 :: 		
BLIGNED32:
;__Lib_MathDouble.c,798 :: 		
0x0682	0x6A09      	CLRF        R9, 0
;__Lib_MathDouble.c,799 :: 		
0x0684	0x0E00      	MOVLW       0
;__Lib_MathDouble.c,800 :: 		
0x0686	0xAE0E      	BTFSS       R14, 7, 0
;__Lib_MathDouble.c,801 :: 		
0x0688	0xF004EF35  	GOTO        AOK32
;__Lib_MathDouble.c,802 :: 		
0x068C	0x1E08      	COMF        R8, 1, 0
;__Lib_MathDouble.c,803 :: 		
0x068E	0x1E00      	COMF        R0, 1, 0
;__Lib_MathDouble.c,804 :: 		
0x0690	0x1E01      	COMF        R1, 1, 0
;__Lib_MathDouble.c,805 :: 		
0x0692	0x1E02      	COMF        R2, 1, 0
;__Lib_MathDouble.c,806 :: 		
0x0694	0x2A08      	INCF        R8, 1, 0
;__Lib_MathDouble.c,807 :: 		
0x0696	0x2200      	ADDWFC      R0, 1, 0
;__Lib_MathDouble.c,808 :: 		
0x0698	0x2201      	ADDWFC      R1, 1, 0
;__Lib_MathDouble.c,809 :: 		
0x069A	0x2202      	ADDWFC      R2, 1, 0
;__Lib_MathDouble.c,810 :: 		
0x069C	0xF004EF35  	GOTO        AOK32
;__Lib_MathDouble.c,812 :: 		
USEA32:
;__Lib_MathDouble.c,813 :: 		
0x06A0	0x5007      	MOVF        R7, 0, 0
;__Lib_MathDouble.c,814 :: 		
0x06A2	0xA4D8      	BTFSS       STATUS, 2, 0
;__Lib_MathDouble.c,815 :: 		
0x06A4	0xF003EF56  	GOTO        BNE032
;__Lib_MathDouble.c,816 :: 		
0x06A8	0xF004EF6B  	GOTO        ADDEOK
;__Lib_MathDouble.c,818 :: 		
BNE032:
;__Lib_MathDouble.c,819 :: 		
0x06AC	0x6A09      	CLRF        R9, 0
;__Lib_MathDouble.c,820 :: 		
0x06AE	0xF00AC002  	MOVFF       R2, R10
;__Lib_MathDouble.c,821 :: 		
0x06B2	0x8E02      	BSF         R2, 7, 0
;__Lib_MathDouble.c,822 :: 		
0x06B4	0x8E06      	BSF         R6, 7, 0
;__Lib_MathDouble.c,824 :: 		
0x06B6	0x5007      	MOVF        R7, 0, 0
;__Lib_MathDouble.c,825 :: 		
0x06B8	0x5C03      	SUBWF       R3, 0, 0
;__Lib_MathDouble.c,826 :: 		
0x06BA	0x6E07      	MOVWF       R7, 0
;__Lib_MathDouble.c,827 :: 		
0x06BC	0xB4D8      	BTFSC       STATUS, 2, 0
;__Lib_MathDouble.c,828 :: 		
0x06BE	0xF004EF28  	GOTO        ALIGNED32
;__Lib_MathDouble.c,830 :: 		
0x06C2	0x0E07      	MOVLW       7
;__Lib_MathDouble.c,831 :: 		
0x06C4	0x6407      	CPFSGT      R7, 0
;__Lib_MathDouble.c,832 :: 		
0x06C6	0xF003EFF6  	GOTO        ANIB32
;__Lib_MathDouble.c,833 :: 		
0x06CA	0x5E07      	SUBWF       R7, 1, 0
;__Lib_MathDouble.c,834 :: 		
0x06CC	0x5004      	MOVF        R4, 0, 0
;__Lib_MathDouble.c,835 :: 		
0x06CE	0x6E09      	MOVWF       R9, 0
;__Lib_MathDouble.c,836 :: 		
0x06D0	0x5005      	MOVF        R5, 0, 0
;__Lib_MathDouble.c,837 :: 		
0x06D2	0x6E04      	MOVWF       R4, 0
;__Lib_MathDouble.c,838 :: 		
0x06D4	0x5006      	MOVF        R6, 0, 0
;__Lib_MathDouble.c,839 :: 		
0x06D6	0x6E05      	MOVWF       R5, 0
;__Lib_MathDouble.c,840 :: 		
0x06D8	0x6A06      	CLRF        R6, 0
;__Lib_MathDouble.c,841 :: 		
0x06DA	0x4E07      	DCFSNZ      R7, 1, 0
;__Lib_MathDouble.c,842 :: 		
0x06DC	0xF004EF28  	GOTO        ALIGNED32
;__Lib_MathDouble.c,844 :: 		
0x06E0	0x0E07      	MOVLW       7
;__Lib_MathDouble.c,845 :: 		
0x06E2	0x6407      	CPFSGT      R7, 0
;__Lib_MathDouble.c,846 :: 		
0x06E4	0xF003EFCB  	GOTO        ANIB32A
;__Lib_MathDouble.c,847 :: 		
0x06E8	0x5E07      	SUBWF       R7, 1, 0
;__Lib_MathDouble.c,848 :: 		
0x06EA	0x5004      	MOVF        R4, 0, 0
;__Lib_MathDouble.c,849 :: 		
0x06EC	0x6E09      	MOVWF       R9, 0
;__Lib_MathDouble.c,850 :: 		
0x06EE	0x5005      	MOVF        R5, 0, 0
;__Lib_MathDouble.c,851 :: 		
0x06F0	0x6E04      	MOVWF       R4, 0
;__Lib_MathDouble.c,852 :: 		
0x06F2	0x6A05      	CLRF        R5, 0
;__Lib_MathDouble.c,853 :: 		
0x06F4	0x4E07      	DCFSNZ      R7, 1, 0
;__Lib_MathDouble.c,854 :: 		
0x06F6	0xF004EF28  	GOTO        ALIGNED32
;__Lib_MathDouble.c,856 :: 		
0x06FA	0x0E07      	MOVLW       7
;__Lib_MathDouble.c,857 :: 		
0x06FC	0x6407      	CPFSGT      R7, 0
;__Lib_MathDouble.c,858 :: 		
0x06FE	0xF003EFA9  	GOTO        ANIB32B
;__Lib_MathDouble.c,859 :: 		
0x0702	0x5E07      	SUBWF       R7, 1, 0
;__Lib_MathDouble.c,860 :: 		
0x0704	0x5004      	MOVF        R4, 0, 0
;__Lib_MathDouble.c,861 :: 		
0x0706	0x6E09      	MOVWF       R9, 0
;__Lib_MathDouble.c,862 :: 		
0x0708	0x6A04      	CLRF        R4, 0
;__Lib_MathDouble.c,863 :: 		
0x070A	0x4E07      	DCFSNZ      R7, 1, 0
;__Lib_MathDouble.c,864 :: 		
0x070C	0xF004EF28  	GOTO        ALIGNED32
;__Lib_MathDouble.c,866 :: 		
0x0710	0x0E07      	MOVLW       7
;__Lib_MathDouble.c,867 :: 		
0x0712	0x6407      	CPFSGT      R7, 0
;__Lib_MathDouble.c,868 :: 		
0x0714	0xF003EF90  	GOTO        ANIB32C
;__Lib_MathDouble.c,870 :: 		
0x0718	0xF002C00A  	MOVFF       R10, R2
;__Lib_MathDouble.c,871 :: 		
0x071C	0xF004EF6B  	GOTO        ADDEOK
;__Lib_MathDouble.c,873 :: 		
ANIB32C:
;__Lib_MathDouble.c,874 :: 		
0x0720	0x0E03      	MOVLW       3
;__Lib_MathDouble.c,875 :: 		
0x0722	0x6407      	CPFSGT      R7, 0
;__Lib_MathDouble.c,876 :: 		
0x0724	0xF003EF9B  	GOTO        ALOOP32C
;__Lib_MathDouble.c,877 :: 		
0x0728	0x5E07      	SUBWF       R7, 1, 0
;__Lib_MathDouble.c,878 :: 		
0x072A	0x3809      	SWAPF       R9, 0, 0
;__Lib_MathDouble.c,879 :: 		
0x072C	0x0B0F      	ANDLW       15
;__Lib_MathDouble.c,880 :: 		
0x072E	0x6E09      	MOVWF       R9, 0
;__Lib_MathDouble.c,881 :: 		
0x0730	0x4E07      	DCFSNZ      R7, 1, 0
;__Lib_MathDouble.c,882 :: 		
0x0732	0xF004EF28  	GOTO        ALIGNED32
;__Lib_MathDouble.c,884 :: 		
ALOOP32C:
;__Lib_MathDouble.c,885 :: 		
0x0736	0x90D8      	BCF         STATUS, 0, 0
;__Lib_MathDouble.c,886 :: 		
0x0738	0x3209      	RRCF        R9, 1, 0
;__Lib_MathDouble.c,887 :: 		
0x073A	0x4E07      	DCFSNZ      R7, 1, 0
;__Lib_MathDouble.c,888 :: 		
0x073C	0xF004EF28  	GOTO        ALIGNED32
;__Lib_MathDouble.c,889 :: 		
0x0740	0x90D8      	BCF         STATUS, 0, 0
;__Lib_MathDouble.c,890 :: 		
0x0742	0x3209      	RRCF        R9, 1, 0
;__Lib_MathDouble.c,891 :: 		
0x0744	0x4E07      	DCFSNZ      R7, 1, 0
;__Lib_MathDouble.c,892 :: 		
0x0746	0xF004EF28  	GOTO        ALIGNED32
;__Lib_MathDouble.c,893 :: 		
0x074A	0x90D8      	BCF         STATUS, 0, 0
;__Lib_MathDouble.c,894 :: 		
0x074C	0x3209      	RRCF        R9, 1, 0
;__Lib_MathDouble.c,895 :: 		
0x074E	0xF004EF28  	GOTO        ALIGNED32
;__Lib_MathDouble.c,897 :: 		
ANIB32B:
;__Lib_MathDouble.c,898 :: 		
0x0752	0x0E03      	MOVLW       3
;__Lib_MathDouble.c,899 :: 		
0x0754	0x6407      	CPFSGT      R7, 0
;__Lib_MathDouble.c,900 :: 		
0x0756	0xF003EFBA  	GOTO        ALOOP32B
;__Lib_MathDouble.c,901 :: 		
0x075A	0x5E07      	SUBWF       R7, 1, 0
;__Lib_MathDouble.c,902 :: 		
0x075C	0x3809      	SWAPF       R9, 0, 0
;__Lib_MathDouble.c,903 :: 		
0x075E	0x0B0F      	ANDLW       15
;__Lib_MathDouble.c,904 :: 		
0x0760	0x6E09      	MOVWF       R9, 0
;__Lib_MathDouble.c,905 :: 		
0x0762	0x3804      	SWAPF       R4, 0, 0
;__Lib_MathDouble.c,906 :: 		
0x0764	0x0BF0      	ANDLW       240
;__Lib_MathDouble.c,907 :: 		
0x0766	0x2609      	ADDWF       R9, 1, 0
;__Lib_MathDouble.c,908 :: 		
0x0768	0x3804      	SWAPF       R4, 0, 0
;__Lib_MathDouble.c,909 :: 		
0x076A	0x0B0F      	ANDLW       15
;__Lib_MathDouble.c,910 :: 		
0x076C	0x6E04      	MOVWF       R4, 0
;__Lib_MathDouble.c,911 :: 		
0x076E	0x4E07      	DCFSNZ      R7, 1, 0
;__Lib_MathDouble.c,912 :: 		
0x0770	0xF004EF28  	GOTO        ALIGNED32
;__Lib_MathDouble.c,914 :: 		
ALOOP32B:
;__Lib_MathDouble.c,915 :: 		
0x0774	0x90D8      	BCF         STATUS, 0, 0
;__Lib_MathDouble.c,916 :: 		
0x0776	0x3204      	RRCF        R4, 1, 0
;__Lib_MathDouble.c,917 :: 		
0x0778	0x3209      	RRCF        R9, 1, 0
;__Lib_MathDouble.c,918 :: 		
0x077A	0x4E07      	DCFSNZ      R7, 1, 0
;__Lib_MathDouble.c,919 :: 		
0x077C	0xF004EF28  	GOTO        ALIGNED32
;__Lib_MathDouble.c,920 :: 		
0x0780	0x90D8      	BCF         STATUS, 0, 0
;__Lib_MathDouble.c,921 :: 		
0x0782	0x3204      	RRCF        R4, 1, 0
;__Lib_MathDouble.c,922 :: 		
0x0784	0x3209      	RRCF        R9, 1, 0
;__Lib_MathDouble.c,923 :: 		
0x0786	0x4E07      	DCFSNZ      R7, 1, 0
;__Lib_MathDouble.c,924 :: 		
0x0788	0xF004EF28  	GOTO        ALIGNED32
;__Lib_MathDouble.c,925 :: 		
0x078C	0x90D8      	BCF         STATUS, 0, 0
;__Lib_MathDouble.c,926 :: 		
0x078E	0x3204      	RRCF        R4, 1, 0
;__Lib_MathDouble.c,927 :: 		
0x0790	0x3209      	RRCF        R9, 1, 0
;__Lib_MathDouble.c,928 :: 		
0x0792	0xF004EF28  	GOTO        ALIGNED32
;__Lib_MathDouble.c,930 :: 		
ANIB32A:
;__Lib_MathDouble.c,931 :: 		
0x0796	0x0E03      	MOVLW       3
;__Lib_MathDouble.c,932 :: 		
0x0798	0x6407      	CPFSGT      R7, 0
;__Lib_MathDouble.c,933 :: 		
0x079A	0xF003EFE2  	GOTO        ALOOP32A
;__Lib_MathDouble.c,934 :: 		
0x079E	0x5E07      	SUBWF       R7, 1, 0
;__Lib_MathDouble.c,935 :: 		
0x07A0	0x3809      	SWAPF       R9, 0, 0
;__Lib_MathDouble.c,936 :: 		
0x07A2	0x0B0F      	ANDLW       15
;__Lib_MathDouble.c,937 :: 		
0x07A4	0x6E09      	MOVWF       R9, 0
;__Lib_MathDouble.c,938 :: 		
0x07A6	0x3804      	SWAPF       R4, 0, 0
;__Lib_MathDouble.c,939 :: 		
0x07A8	0x0BF0      	ANDLW       240
;__Lib_MathDouble.c,940 :: 		
0x07AA	0x2609      	ADDWF       R9, 1, 0
;__Lib_MathDouble.c,941 :: 		
0x07AC	0x3804      	SWAPF       R4, 0, 0
;__Lib_MathDouble.c,942 :: 		
0x07AE	0x0B0F      	ANDLW       15
;__Lib_MathDouble.c,943 :: 		
0x07B0	0x6E04      	MOVWF       R4, 0
;__Lib_MathDouble.c,944 :: 		
0x07B2	0x3805      	SWAPF       R5, 0, 0
;__Lib_MathDouble.c,945 :: 		
0x07B4	0x0BF0      	ANDLW       240
;__Lib_MathDouble.c,946 :: 		
0x07B6	0x2604      	ADDWF       R4, 1, 0
;__Lib_MathDouble.c,947 :: 		
0x07B8	0x3805      	SWAPF       R5, 0, 0
;__Lib_MathDouble.c,948 :: 		
0x07BA	0x0B0F      	ANDLW       15
;__Lib_MathDouble.c,949 :: 		
0x07BC	0x6E05      	MOVWF       R5, 0
;__Lib_MathDouble.c,950 :: 		
0x07BE	0x4E07      	DCFSNZ      R7, 1, 0
;__Lib_MathDouble.c,951 :: 		
0x07C0	0xF004EF28  	GOTO        ALIGNED32
;__Lib_MathDouble.c,953 :: 		
ALOOP32A:
;__Lib_MathDouble.c,954 :: 		
0x07C4	0x90D8      	BCF         STATUS, 0, 0
;__Lib_MathDouble.c,955 :: 		
0x07C6	0x3205      	RRCF        R5, 1, 0
;__Lib_MathDouble.c,956 :: 		
0x07C8	0x3204      	RRCF        R4, 1, 0
;__Lib_MathDouble.c,957 :: 		
0x07CA	0x3209      	RRCF        R9, 1, 0
;__Lib_MathDouble.c,958 :: 		
0x07CC	0x4E07      	DCFSNZ      R7, 1, 0
;__Lib_MathDouble.c,959 :: 		
0x07CE	0xF004EF28  	GOTO        ALIGNED32
;__Lib_MathDouble.c,960 :: 		
0x07D2	0x90D8      	BCF         STATUS, 0, 0
;__Lib_MathDouble.c,961 :: 		
0x07D4	0x3205      	RRCF        R5, 1, 0
;__Lib_MathDouble.c,962 :: 		
0x07D6	0x3204      	RRCF        R4, 1, 0
;__Lib_MathDouble.c,963 :: 		
0x07D8	0x3209      	RRCF        R9, 1, 0
;__Lib_MathDouble.c,964 :: 		
0x07DA	0x4E07      	DCFSNZ      R7, 1, 0
;__Lib_MathDouble.c,965 :: 		
0x07DC	0xF004EF28  	GOTO        ALIGNED32
;__Lib_MathDouble.c,966 :: 		
0x07E0	0x90D8      	BCF         STATUS, 0, 0
;__Lib_MathDouble.c,967 :: 		
0x07E2	0x3205      	RRCF        R5, 1, 0
;__Lib_MathDouble.c,968 :: 		
0x07E4	0x3204      	RRCF        R4, 1, 0
;__Lib_MathDouble.c,969 :: 		
0x07E6	0x3209      	RRCF        R9, 1, 0
;__Lib_MathDouble.c,970 :: 		
0x07E8	0xF004EF28  	GOTO        ALIGNED32
;__Lib_MathDouble.c,972 :: 		
ANIB32:
;__Lib_MathDouble.c,973 :: 		
0x07EC	0x0E03      	MOVLW       3
;__Lib_MathDouble.c,974 :: 		
0x07EE	0x6407      	CPFSGT      R7, 0
;__Lib_MathDouble.c,975 :: 		
0x07F0	0xF004EF13  	GOTO        ALOOP32
;__Lib_MathDouble.c,976 :: 		
0x07F4	0x5E07      	SUBWF       R7, 1, 0
;__Lib_MathDouble.c,977 :: 		
0x07F6	0x3809      	SWAPF       R9, 0, 0
;__Lib_MathDouble.c,978 :: 		
0x07F8	0x0B0F      	ANDLW       15
;__Lib_MathDouble.c,979 :: 		
0x07FA	0x6E09      	MOVWF       R9, 0
;__Lib_MathDouble.c,980 :: 		
0x07FC	0x3804      	SWAPF       R4, 0, 0
;__Lib_MathDouble.c,981 :: 		
0x07FE	0x0BF0      	ANDLW       240
;__Lib_MathDouble.c,982 :: 		
0x0800	0x2609      	ADDWF       R9, 1, 0
;__Lib_MathDouble.c,983 :: 		
0x0802	0x3804      	SWAPF       R4, 0, 0
;__Lib_MathDouble.c,984 :: 		
0x0804	0x0B0F      	ANDLW       15
;__Lib_MathDouble.c,985 :: 		
0x0806	0x6E04      	MOVWF       R4, 0
;__Lib_MathDouble.c,986 :: 		
0x0808	0x3805      	SWAPF       R5, 0, 0
;__Lib_MathDouble.c,987 :: 		
0x080A	0x0BF0      	ANDLW       240
;__Lib_MathDouble.c,988 :: 		
0x080C	0x2604      	ADDWF       R4, 1, 0
;__Lib_MathDouble.c,989 :: 		
0x080E	0x3805      	SWAPF       R5, 0, 0
;__Lib_MathDouble.c,990 :: 		
0x0810	0x0B0F      	ANDLW       15
;__Lib_MathDouble.c,991 :: 		
0x0812	0x6E05      	MOVWF       R5, 0
;__Lib_MathDouble.c,992 :: 		
0x0814	0x3806      	SWAPF       R6, 0, 0
;__Lib_MathDouble.c,993 :: 		
0x0816	0x0BF0      	ANDLW       240
;__Lib_MathDouble.c,994 :: 		
0x0818	0x2605      	ADDWF       R5, 1, 0
;__Lib_MathDouble.c,995 :: 		
0x081A	0x3806      	SWAPF       R6, 0, 0
;__Lib_MathDouble.c,996 :: 		
0x081C	0x0B0F      	ANDLW       15
;__Lib_MathDouble.c,997 :: 		
0x081E	0x6E06      	MOVWF       R6, 0
;__Lib_MathDouble.c,998 :: 		
0x0820	0x4E07      	DCFSNZ      R7, 1, 0
;__Lib_MathDouble.c,999 :: 		
0x0822	0xF004EF28  	GOTO        ALIGNED32
;__Lib_MathDouble.c,1001 :: 		
ALOOP32:
;__Lib_MathDouble.c,1002 :: 		
0x0826	0x90D8      	BCF         STATUS, 0, 0
;__Lib_MathDouble.c,1003 :: 		
0x0828	0x3206      	RRCF        R6, 1, 0
;__Lib_MathDouble.c,1004 :: 		
0x082A	0x3205      	RRCF        R5, 1, 0
;__Lib_MathDouble.c,1005 :: 		
0x082C	0x3204      	RRCF        R4, 1, 0
;__Lib_MathDouble.c,1006 :: 		
0x082E	0x3209      	RRCF        R9, 1, 0
;__Lib_MathDouble.c,1007 :: 		
0x0830	0x4E07      	DCFSNZ      R7, 1, 0
;__Lib_MathDouble.c,1008 :: 		
0x0832	0xF004EF28  	GOTO        ALIGNED32
;__Lib_MathDouble.c,1009 :: 		
0x0836	0x90D8      	BCF         STATUS, 0, 0
;__Lib_MathDouble.c,1010 :: 		
0x0838	0x3206      	RRCF        R6, 1, 0
;__Lib_MathDouble.c,1011 :: 		
0x083A	0x3205      	RRCF        R5, 1, 0
;__Lib_MathDouble.c,1012 :: 		
0x083C	0x3204      	RRCF        R4, 1, 0
;__Lib_MathDouble.c,1013 :: 		
0x083E	0x3209      	RRCF        R9, 1, 0
;__Lib_MathDouble.c,1014 :: 		
0x0840	0x4E07      	DCFSNZ      R7, 1, 0
;__Lib_MathDouble.c,1015 :: 		
0x0842	0xF004EF28  	GOTO        ALIGNED32
;__Lib_MathDouble.c,1016 :: 		
0x0846	0x90D8      	BCF         STATUS, 0, 0
;__Lib_MathDouble.c,1017 :: 		
0x0848	0x3206      	RRCF        R6, 1, 0
;__Lib_MathDouble.c,1018 :: 		
0x084A	0x3205      	RRCF        R5, 1, 0
;__Lib_MathDouble.c,1019 :: 		
0x084C	0x3204      	RRCF        R4, 1, 0
;__Lib_MathDouble.c,1020 :: 		
0x084E	0x3209      	RRCF        R9, 1, 0
;__Lib_MathDouble.c,1022 :: 		
ALIGNED32:
;__Lib_MathDouble.c,1023 :: 		
0x0850	0x6A08      	CLRF        R8, 0
;__Lib_MathDouble.c,1024 :: 		
0x0852	0x0E00      	MOVLW       0
;__Lib_MathDouble.c,1025 :: 		
0x0854	0xAE0E      	BTFSS       R14, 7, 0
;__Lib_MathDouble.c,1026 :: 		
0x0856	0xF004EF35  	GOTO        AOK32
;__Lib_MathDouble.c,1027 :: 		
0x085A	0x1E09      	COMF        R9, 1, 0
;__Lib_MathDouble.c,1028 :: 		
0x085C	0x1E04      	COMF        R4, 1, 0
;__Lib_MathDouble.c,1029 :: 		
0x085E	0x1E05      	COMF        R5, 1, 0
;__Lib_MathDouble.c,1030 :: 		
0x0860	0x1E06      	COMF        R6, 1, 0
;__Lib_MathDouble.c,1031 :: 		
0x0862	0x2A09      	INCF        R9, 1, 0
;__Lib_MathDouble.c,1032 :: 		
0x0864	0x2204      	ADDWFC      R4, 1, 0
;__Lib_MathDouble.c,1033 :: 		
0x0866	0x2205      	ADDWFC      R5, 1, 0
;__Lib_MathDouble.c,1034 :: 		
0x0868	0x2206      	ADDWFC      R6, 1, 0
;__Lib_MathDouble.c,1036 :: 		
AOK32:
;__Lib_MathDouble.c,1037 :: 		
0x086A	0x5009      	MOVF        R9, 0, 0
;__Lib_MathDouble.c,1038 :: 		
0x086C	0x2608      	ADDWF       R8, 1, 0
;__Lib_MathDouble.c,1039 :: 		
0x086E	0x5004      	MOVF        R4, 0, 0
;__Lib_MathDouble.c,1040 :: 		
0x0870	0x2200      	ADDWFC      R0, 1, 0
;__Lib_MathDouble.c,1041 :: 		
0x0872	0x5005      	MOVF        R5, 0, 0
;__Lib_MathDouble.c,1042 :: 		
0x0874	0x2201      	ADDWFC      R1, 1, 0
;__Lib_MathDouble.c,1043 :: 		
0x0876	0x5006      	MOVF        R6, 0, 0
;__Lib_MathDouble.c,1044 :: 		
0x0878	0x2202      	ADDWFC      R2, 1, 0
;__Lib_MathDouble.c,1046 :: 		
0x087A	0xBE0E      	BTFSC       R14, 7, 0
;__Lib_MathDouble.c,1047 :: 		
0x087C	0xF004EF4C  	GOTO        ACOMP32
;__Lib_MathDouble.c,1048 :: 		
0x0880	0xA0D8      	BTFSS       STATUS, 0, 0
;__Lib_MathDouble.c,1049 :: 		
0x0882	0xF004EF5B  	GOTO        ADDJPNRMRND4032
;__Lib_MathDouble.c,1051 :: 		
0x0886	0x3202      	RRCF        R2, 1, 0
;__Lib_MathDouble.c,1052 :: 		
0x0888	0x3201      	RRCF        R1, 1, 0
;__Lib_MathDouble.c,1053 :: 		
0x088A	0x3200      	RRCF        R0, 1, 0
;__Lib_MathDouble.c,1054 :: 		
0x088C	0x3208      	RRCF        R8, 1, 0
;__Lib_MathDouble.c,1055 :: 		
0x088E	0x3E03      	INCFSZ      R3, 1, 0
;__Lib_MathDouble.c,1056 :: 		
0x0890	0xF004EF5B  	GOTO        ADDJPNRMRND4032
;__Lib_MathDouble.c,1057 :: 		
0x0894	0xF004EF65  	GOTO        ADDJPSETFOV32
;__Lib_MathDouble.c,1059 :: 		
ACOMP32:
;__Lib_MathDouble.c,1060 :: 		
0x0898	0xB0D8      	BTFSC       STATUS, 0, 0
;__Lib_MathDouble.c,1061 :: 		
0x089A	0xF004EF60  	GOTO        ADDJPNRM4032
;__Lib_MathDouble.c,1062 :: 		
0x089E	0x0E00      	MOVLW       0
;__Lib_MathDouble.c,1063 :: 		
0x08A0	0x1E08      	COMF        R8, 1, 0
;__Lib_MathDouble.c,1064 :: 		
0x08A2	0x1E00      	COMF        R0, 1, 0
;__Lib_MathDouble.c,1065 :: 		
0x08A4	0x1E01      	COMF        R1, 1, 0
;__Lib_MathDouble.c,1066 :: 		
0x08A6	0x1E02      	COMF        R2, 1, 0
;__Lib_MathDouble.c,1067 :: 		
0x08A8	0x2A08      	INCF        R8, 1, 0
;__Lib_MathDouble.c,1068 :: 		
0x08AA	0x2200      	ADDWFC      R0, 1, 0
;__Lib_MathDouble.c,1069 :: 		
0x08AC	0x2201      	ADDWFC      R1, 1, 0
;__Lib_MathDouble.c,1070 :: 		
0x08AE	0x2202      	ADDWFC      R2, 1, 0
;__Lib_MathDouble.c,1071 :: 		
0x08B0	0x7E0A      	BTG         R10, 7, 0
;__Lib_MathDouble.c,1072 :: 		
0x08B2	0xF004EF60  	GOTO        ADDJPNRM4032
;__Lib_MathDouble.c,1074 :: 		
ADDJPNRMRND4032:
;__Lib_MathDouble.c,1075 :: 		
0x08B6	0x0E01      	MOVLW       1
;__Lib_MathDouble.c,1076 :: 		
0x08B8	0x6E0C      	MOVWF       R12, 0
;__Lib_MathDouble.c,1078 :: 		
0x08BA	0xDC1D      	RCALL       _NRM4032
;__Lib_MathDouble.c,1080 :: 		
0x08BC	0xF004EF6D  	GOTO        ADDEEE
;__Lib_MathDouble.c,1081 :: 		
ADDJPNRM4032:
;__Lib_MathDouble.c,1082 :: 		
0x08C0	0x0E02      	MOVLW       2
;__Lib_MathDouble.c,1083 :: 		
0x08C2	0x6E0C      	MOVWF       R12, 0
;__Lib_MathDouble.c,1085 :: 		
0x08C4	0xDC18      	RCALL       _NRM4032
;__Lib_MathDouble.c,1087 :: 		
0x08C6	0xF004EF6D  	GOTO        ADDEEE
;__Lib_MathDouble.c,1088 :: 		
ADDJPSETFOV32:
;__Lib_MathDouble.c,1089 :: 		
0x08CA	0x0E04      	MOVLW       4
;__Lib_MathDouble.c,1090 :: 		
0x08CC	0x6E0C      	MOVWF       R12, 0
;__Lib_MathDouble.c,1092 :: 		
0x08CE	0xF000EC0F  	CALL        _SETFOV32, 0
;__Lib_MathDouble.c,1094 :: 		
0x08D2	0xF004EF6D  	GOTO        ADDEEE
;__Lib_MathDouble.c,1095 :: 		
ADDEOK:
;__Lib_MathDouble.c,1096 :: 		
0x08D6	0x0E00      	MOVLW       0
;__Lib_MathDouble.c,1097 :: 		
0x08D8	0x6E0C      	MOVWF       R12, 0
;__Lib_MathDouble.c,1098 :: 		
ADDEEE:
;__Lib_MathDouble.c,1105 :: 		
L_end_Add_32x32_FP:
0x08DA	0x0012      	RETURN      0
; end of _Add_32x32_FP
_ADC_Read:
;__Lib_ADC_A_D.c,51 :: 		
;__Lib_ADC_A_D.c,54 :: 		
0x08DC	0x6AC2      	CLRF        ADCON0 
;__Lib_ADC_A_D.c,55 :: 		
0x08DE	0x1C15      	COMF        _vref_mask, 0 
0x08E0	0x6E00      	MOVWF       R0 
0x08E2	0x5000      	MOVF        R0, 0 
0x08E4	0x16C1      	ANDWF       ADCON1, 1 
;__Lib_ADC_A_D.c,56 :: 		
0x08E6	0x0E07      	MOVLW       7
0x08E8	0x12C0      	IORWF       ADCON2, 1 
;__Lib_ADC_A_D.c,57 :: 		
0x08EA	0x8EC0      	BSF         ADCON2, 7 
;__Lib_ADC_A_D.c,58 :: 		
0x08EC	0xF000C018  	MOVFF       FARG_ADC_Read_channel, R0
0x08F0	0x3600      	RLCF        R0, 1 
0x08F2	0x9000      	BCF         R0, 0 
0x08F4	0x3600      	RLCF        R0, 1 
0x08F6	0x9000      	BCF         R0, 0 
0x08F8	0x5000      	MOVF        R0, 0 
0x08FA	0x12C2      	IORWF       ADCON0, 1 
;__Lib_ADC_A_D.c,59 :: 		
0x08FC	0x80C2      	BSF         ADCON0, 0 
;__Lib_ADC_A_D.c,60 :: 		
0x08FE	0xF000EC3D  	CALL        _Delay_22us, 0
;__Lib_ADC_A_D.c,61 :: 		
0x0902	0x82C2      	BSF         ADCON0, 1 
;__Lib_ADC_A_D.c,62 :: 		
L_ADC_Read2:
0x0904	0xA2C2      	BTFSS       ADCON0, 1 
0x0906	0xD001      	BRA         L_ADC_Read3
;__Lib_ADC_A_D.c,63 :: 		
0x0908	0xD7FD      	BRA         L_ADC_Read2
L_ADC_Read3:
;__Lib_ADC_A_D.c,64 :: 		
0x090A	0xF001CFC4  	MOVFF       ADRESH, R1
0x090E	0x6A00      	CLRF        R0 
;__Lib_ADC_A_D.c,65 :: 		
0x0910	0x50C3      	MOVF        ADRESL, 0 
0x0912	0x1200      	IORWF       R0, 1 
0x0914	0x0E00      	MOVLW       0
0x0916	0x1201      	IORWF       R1, 1 
;__Lib_ADC_A_D.c,66 :: 		
0x0918	0x90C2      	BCF         ADCON0, 0 
;__Lib_ADC_A_D.c,68 :: 		
;__Lib_ADC_A_D.c,69 :: 		
L_end_ADC_Read:
0x091A	0x0012      	RETURN      0
; end of _ADC_Read
_frequencia:
;PIC_PWM.c,44 :: 		void frequencia(){
;PIC_PWM.c,45 :: 		PR2=34 + ADC_Read(0)*0.78;
0x091C	0x6A18      	CLRF        FARG_ADC_Read_channel 
0x091E	0xDFDE      	RCALL       _ADC_Read
0x0920	0xDDB8      	RCALL       _word2double
0x0922	0x0E14      	MOVLW       20
0x0924	0x6E04      	MOVWF       R4 
0x0926	0x0EAE      	MOVLW       174
0x0928	0x6E05      	MOVWF       R5 
0x092A	0x0E47      	MOVLW       71
0x092C	0x6E06      	MOVWF       R6 
0x092E	0x0E7E      	MOVLW       126
0x0930	0x6E07      	MOVWF       R7 
0x0932	0xDCD2      	RCALL       _Mul_32x32_FP
0x0934	0x0E00      	MOVLW       0
0x0936	0x6E04      	MOVWF       R4 
0x0938	0x0E00      	MOVLW       0
0x093A	0x6E05      	MOVWF       R5 
0x093C	0x0E08      	MOVLW       8
0x093E	0x6E06      	MOVWF       R6 
0x0940	0x0E84      	MOVLW       132
0x0942	0x6E07      	MOVWF       R7 
0x0944	0xDDBA      	RCALL       _Add_32x32_FP
0x0946	0xDD58      	RCALL       _double2byte
0x0948	0xFFCBC000  	MOVFF       R0, PR2
;PIC_PWM.c,47 :: 		}
L_end_frequencia:
0x094C	0x0012      	RETURN      0
; end of _frequencia
_Div_16X16_U:
;__Lib_Math.c,102 :: 		
;__Lib_Math.c,109 :: 		
0x094E	0x6A08      	CLRF        R8, 0
;__Lib_Math.c,110 :: 		
0x0950	0x6A09      	CLRF        R9, 0
;__Lib_Math.c,111 :: 		
0x0952	0x0E10      	MOVLW       16
;__Lib_Math.c,112 :: 		
0x0954	0x6E0C      	MOVWF       R12, 0
;__Lib_Math.c,113 :: 		
0x0956	0x3401      	RLCF        R1, 0, 0
;__Lib_Math.c,114 :: 		
0x0958	0x3608      	RLCF        R8, 1, 0
;__Lib_Math.c,115 :: 		
0x095A	0x3609      	RLCF        R9, 1, 0
;__Lib_Math.c,116 :: 		
0x095C	0x5004      	MOVF        R4, 0, 0
;__Lib_Math.c,117 :: 		
0x095E	0x5E08      	SUBWF       R8, 1, 0
;__Lib_Math.c,118 :: 		
0x0960	0x5005      	MOVF        R5, 0, 0
;__Lib_Math.c,119 :: 		
0x0962	0xA0D8      	BTFSS       STATUS, 0, 0
;__Lib_Math.c,120 :: 		
0x0964	0x3C05      	INCFSZ      R5, 0, 0
;__Lib_Math.c,121 :: 		
0x0966	0x5E09      	SUBWF       R9, 1, 0
;__Lib_Math.c,122 :: 		
0x0968	0xB0D8      	BTFSC       STATUS, 0, 0
;__Lib_Math.c,123 :: 		
0x096A	0xD007      	BRA         $+16
;__Lib_Math.c,124 :: 		
0x096C	0x5004      	MOVF        R4, 0, 0
;__Lib_Math.c,125 :: 		
0x096E	0x2608      	ADDWF       R8, 1, 0
;__Lib_Math.c,126 :: 		
0x0970	0x5005      	MOVF        R5, 0, 0
;__Lib_Math.c,127 :: 		
0x0972	0xB0D8      	BTFSC       STATUS, 0, 0
;__Lib_Math.c,128 :: 		
0x0974	0x3C05      	INCFSZ      R5, 0, 0
;__Lib_Math.c,129 :: 		
0x0976	0x2609      	ADDWF       R9, 1, 0
;__Lib_Math.c,130 :: 		
0x0978	0x90D8      	BCF         STATUS, 0, 0
;__Lib_Math.c,131 :: 		
0x097A	0x3600      	RLCF        R0, 1, 0
;__Lib_Math.c,132 :: 		
0x097C	0x3601      	RLCF        R1, 1, 0
;__Lib_Math.c,133 :: 		
0x097E	0x2E0C      	DECFSZ      R12, 1, 0
;__Lib_Math.c,134 :: 		
0x0980	0xD7EA      	BRA         $-42
;__Lib_Math.c,136 :: 		
L_end_Div_16X16_U:
0x0982	0x0012      	RETURN      0
; end of _Div_16X16_U
___CC2DW:
;__Lib_System.c,21 :: 		
;__Lib_System.c,23 :: 		
_CC2DL_Loop1:
;__Lib_System.c,24 :: 		
0x0984	0x0009      	TBLRD*+
;__Lib_System.c,25 :: 		
0x0986	0xFFE6CFF5  	MOVFF       TABLAT, POSTINC1
;__Lib_System.c,26 :: 		
0x098A	0x0600      	DECF        R0, 1, 0
;__Lib_System.c,27 :: 		
0x098C	0xE1FB      	BNZ         _CC2DL_Loop1
;__Lib_System.c,28 :: 		
0x098E	0x0601      	DECF        R1, 1, 0
;__Lib_System.c,29 :: 		
0x0990	0xE1F9      	BNZ         _CC2DL_Loop1
;__Lib_System.c,31 :: 		
L_end___CC2DW:
0x0992	0x0012      	RETURN      0
; end of ___CC2DW
_main:
0x0994	0xF004ECED  	CALL        2522, 0
;PIC_PWM.c,15 :: 		void main() {
;PIC_PWM.c,17 :: 		GIE_bit = 0x01;
0x0998	0x8EF2      	BSF         GIE_bit, BitPos(GIE_bit+0) 
;PIC_PWM.c,18 :: 		PEIE_bit = 0x01;
0x099A	0x8CF2      	BSF         PEIE_bit, BitPos(PEIE_bit+0) 
;PIC_PWM.c,19 :: 		TMR2IE_bit = 0x01;
0x099C	0x829D      	BSF         TMR2IE_bit, BitPos(TMR2IE_bit+0) 
;PIC_PWM.c,23 :: 		T2CON = 0b00010110;  //postscale 1:3 prescale 1:16
0x099E	0x0E16      	MOVLW       22
0x09A0	0x6ECA      	MOVWF       T2CON 
;PIC_PWM.c,24 :: 		CMCON =0X07;
0x09A2	0x0E07      	MOVLW       7
0x09A4	0x6EB4      	MOVWF       CMCON 
;PIC_PWM.c,25 :: 		CCPR1L = 0X00;
0x09A6	0x6ABE      	CLRF        CCPR1L 
;PIC_PWM.c,26 :: 		CCP1CON = 0X0C;
0x09A8	0x0E0C      	MOVLW       12
0x09AA	0x6EBD      	MOVWF       CCP1CON 
;PIC_PWM.c,28 :: 		TRISC = 0b11111011;
0x09AC	0x0EFB      	MOVLW       251
0x09AE	0x6E94      	MOVWF       TRISC 
;PIC_PWM.c,31 :: 		ADCON0=0X01;
0x09B0	0x0E01      	MOVLW       1
0x09B2	0x6EC2      	MOVWF       ADCON0 
;PIC_PWM.c,32 :: 		ADCON1=0b00001101;
0x09B4	0x0E0D      	MOVLW       13
0x09B6	0x6EC1      	MOVWF       ADCON1 
;PIC_PWM.c,33 :: 		TRISA=0XFF;
0x09B8	0x0EFF      	MOVLW       255
0x09BA	0x6E92      	MOVWF       TRISA 
;PIC_PWM.c,36 :: 		while(1)
L_main1:
;PIC_PWM.c,38 :: 		frequencia();
0x09BC	0xDFAF      	RCALL       _frequencia
;PIC_PWM.c,39 :: 		adc = ADC_Read(1)/5;
0x09BE	0x0E01      	MOVLW       1
0x09C0	0x6E18      	MOVWF       FARG_ADC_Read_channel 
0x09C2	0xDF8C      	RCALL       _ADC_Read
0x09C4	0x0E05      	MOVLW       5
0x09C6	0x6E04      	MOVWF       R4 
0x09C8	0x0E00      	MOVLW       0
0x09CA	0x6E05      	MOVWF       R5 
0x09CC	0xDFC0      	RCALL       _Div_16X16_U
0x09CE	0xF016C000  	MOVFF       R0, _adc
0x09D2	0xF017C001  	MOVFF       R1, _adc+1
;PIC_PWM.c,41 :: 		}
0x09D6	0xD7F2      	BRA         L_main1
;PIC_PWM.c,42 :: 		}
L_end_main:
0x09D8	0xD7FF      	BRA         $+0
; end of _main
0x09DA	0xF015EE10  	LFSR        1, 21
0x09DE	0x0E01      	MOVLW       1
0x09E0	0x6E00      	MOVWF       R0 
0x09E2	0x0E01      	MOVLW       1
0x09E4	0x6E01      	MOVWF       R1 
0x09E6	0x0E06      	MOVLW       6
0x09E8	0x6EF6      	MOVWF       4086 
0x09EA	0x0E00      	MOVLW       0
0x09EC	0x6EF7      	MOVWF       TBLPTRH 
0x09EE	0x0E00      	MOVLW       0
0x09F0	0x6EF8      	MOVWF       TBLPTRU 
0x09F2	0xF004ECC2  	CALL        2436, 0
0x09F6	0x0012      	RETURN      0
;__Lib_ADC_A_D.c,0 :: ?ICS_vref_mask
0x0006	0x30 ;?ICS_vref_mask+0
; end of ?ICS_vref_mask
Symbol List:
//** Routines locations **
//ADDRESS    SIZE    PROCEDURE
//----------------------------------------------
0x0008      [14]    _interrupt
0x0016       [8]    _FIXSIGN32
0x001E      [24]    _SETFOV32
0x0036      [14]    _RES032
0x0044      [26]    _SETFUN32
0x005E      [28]    _SETIOV3224
0x007A      [10]    _Delay_22us
0x0084     [114]    _NRM3232
0x00F6     [482]    _NRM4032
0x02D8     [288]    _Mul_32x32_FP
0x03F8     [154]    _double2byte
0x0492      [40]    _word2double
0x04BA    [1058]    _Add_32x32_FP
0x08DC      [64]    _ADC_Read
0x091C      [50]    _frequencia
0x094E      [54]    _Div_16X16_U
0x0984      [16]    ___CC2DW
0x0994      [70]    _main
//** Variables locations ** 
//ADDRESS    SIZE    VARIABLE
//----------------------------------------------
0x0000       [1]    R0
0x0001       [1]    R1
0x0002       [1]    R2
0x0003       [1]    R3
0x0004       [1]    R4
0x0005       [1]    R5
0x0006       [1]    R6
0x0007       [1]    R7
0x0008       [1]    R8
0x0009       [1]    R9
0x000A       [1]    R10
0x000B       [1]    R11
0x000C       [1]    R12
0x000D       [1]    R13
0x000E       [1]    R14
0x000F       [1]    R15
0x0010       [1]    R16
0x0011       [1]    R17
0x0012       [1]    R18
0x0013       [1]    R19
0x0014       [1]    R20
0x0015       [1]    _vref_mask
0x0016       [2]    _adc
0x0018       [1]    FARG_ADC_Read_channel
0x0F82       [1]    PORTC
0x0F92       [1]    TRISA
0x0F94       [1]    TRISC
0x0F9D       [0]    TMR2IE_bit
0x0F9E       [0]    TMR2IF_bit
0x0FB4       [1]    CMCON
0x0FBD       [1]    CCP1CON
0x0FBE       [1]    CCPR1L
0x0FC0       [1]    ADCON2
0x0FC1       [1]    ADCON1
0x0FC2       [1]    ADCON0
0x0FC3       [1]    ADRESL
0x0FC4       [1]    ADRESH
0x0FCA       [1]    T2CON
0x0FCB       [1]    PR2
0x0FD8       [1]    STATUS
0x0FD9       [1]    FSR2L
0x0FDA       [1]    FSR2H
0x0FDE       [1]    POSTINC2
0x0FE0       [1]    BSR
0x0FE1       [1]    FSR1L
0x0FE2       [1]    FSR1H
0x0FE4       [1]    PREINC1
0x0FE6       [1]    POSTINC1
0x0FE7       [1]    INDF1
0x0FE8       [1]    WREG
0x0FE9       [1]    FSR0L
0x0FEA       [1]    FSR0H
0x0FEE       [1]    POSTINC0
0x0FF2       [0]    PEIE_bit
0x0FF2       [0]    GIE_bit
0x0FF3       [1]    PRODL
0x0FF4       [1]    PRODH
0x0FF5       [1]    TABLAT
0x0FF6       [1]    TBLPTRL
0x0FF7       [1]    TBLPTRH
0x0FF8       [1]    TBLPTRU
//** Constants locations ** 
//ADDRESS    SIZE    CONSTANT
//----------------------------------------------
0x0006       [1]    ?ICS_vref_mask
