;  LST file generated by mikroListExporter - v.2.0 
; Date/Time: 2/14/2019 2:32:30 AM
;----------------------------------------------

;Address Opcode 	ASM
0x0000	0x2C31      	GOTO       1073
_interrupt:
0x0004	0x00FF      	MOVWF      R15
0x0005	0x0E03      	SWAPF      STATUS, 0
0x0006	0x0183      	CLRF       STATUS
0x0007	0x00CC      	MOVWF      ___saveSTATUS
0x0008	0x080A      	MOVF       PCLATH, 0
0x0009	0x00CD      	MOVWF      ___savePCLATH
0x000A	0x018A      	CLRF       PCLATH
0x000B	0x0870      	MOVF       R0, 0
0x000C	0x00AE      	MOVWF      46
0x000D	0x0871      	MOVF       R1, 0
0x000E	0x00AD      	MOVWF      45
0x000F	0x0872      	MOVF       R2, 0
0x0010	0x00AC      	MOVWF      44
0x0011	0x0873      	MOVF       R3, 0
0x0012	0x00AB      	MOVWF      43
0x0013	0x0874      	MOVF       R4, 0
0x0014	0x00AA      	MOVWF      42
0x0015	0x0875      	MOVF       R5, 0
0x0016	0x00A9      	MOVWF      41
0x0017	0x0876      	MOVF       R6, 0
0x0018	0x00A8      	MOVWF      40
0x0019	0x0877      	MOVF       R7, 0
0x001A	0x00A7      	MOVWF      39
0x001B	0x0878      	MOVF       R8, 0
0x001C	0x00A6      	MOVWF      38
0x001D	0x0879      	MOVF       R9, 0
0x001E	0x00A5      	MOVWF      37
0x001F	0x087A      	MOVF       R10, 0
0x0020	0x00A4      	MOVWF      36
0x0021	0x087B      	MOVF       R11, 0
0x0022	0x00A3      	MOVWF      35
0x0023	0x087C      	MOVF       R12, 0
0x0024	0x00A2      	MOVWF      34
0x0025	0x087D      	MOVF       R13, 0
0x0026	0x00A1      	MOVWF      33
0x0027	0x0804      	MOVF       FSR, 0
0x0028	0x00AF      	MOVWF      47
;vAula100_source_file.c,52 :: 		void interrupt()
;vAula100_source_file.c,54 :: 		if(TMR0IF_bit)                            //Houve o estouro do TMR0?
0x0029	0x1D0B      	BTFSS      TMR0IF_bit, BitPos(TMR0IF_bit+0)
0x002A	0x28ED      	GOTO       L_interrupt0
;vAula100_source_file.c,56 :: 		TMR0IF_bit = 0x00;                     //Sim, limpa a flag
0x002B	0x110B      	BCF        TMR0IF_bit, BitPos(TMR0IF_bit+0)
;vAula100_source_file.c,59 :: 		if(!dig_mil && control == 1)           //Dígito dos milhares desligado?
0x002C	0x1986      	BTFSC      RB3_bit, BitPos(RB3_bit+0)
0x002D	0x2854      	GOTO       L_interrupt3
0x002E	0x0838      	MOVF       _control, 0
0x002F	0x3A01      	XORLW      1
0x0030	0x1D03      	BTFSS      STATUS, 2
0x0031	0x2854      	GOTO       L_interrupt3
L__interrupt25:
;vAula100_source_file.c,61 :: 		control = 0x02;                     //Sim, control recebe o valor 2
0x0032	0x3002      	MOVLW      2
0x0033	0x00B8      	MOVWF      _control
;vAula100_source_file.c,62 :: 		dig_uni = 0x00;                     //Apaga dígito das unidades
0x0034	0x1006      	BCF        RB0_bit, BitPos(RB0_bit+0)
;vAula100_source_file.c,63 :: 		dig_dez = 0x00;                     //Apaga dígito das dezenas
0x0035	0x1086      	BCF        RB1_bit, BitPos(RB1_bit+0)
;vAula100_source_file.c,64 :: 		dig_cen = 0x00;                     //Apaga dígito das centenas
0x0036	0x1106      	BCF        RB2_bit, BitPos(RB2_bit+0)
;vAula100_source_file.c,65 :: 		PORTC   = 0x00;                     //Desliga PORTC
0x0037	0x0187      	CLRF       PORTC
;vAula100_source_file.c,66 :: 		mil = (m_amps/1000);               //Calcula o dígito do milhar
0x0038	0x30E8      	MOVLW      232
0x0039	0x00F4      	MOVWF      R4
0x003A	0x3003      	MOVLW      3
0x003B	0x00F5      	MOVWF      R4+1
0x003C	0x01F6      	CLRF       R4+2
0x003D	0x01F7      	CLRF       R4+3
0x003E	0x0844      	MOVF       _m_amps, 0
0x003F	0x00F0      	MOVWF      R0
0x0040	0x0845      	MOVF       _m_amps+1, 0
0x0041	0x00F1      	MOVWF      R0+1
0x0042	0x0846      	MOVF       _m_amps+2, 0
0x0043	0x00F2      	MOVWF      R0+2
0x0044	0x0847      	MOVF       _m_amps+3, 0
0x0045	0x00F3      	MOVWF      R0+3
0x0046	0x227A      	CALL       _Div_32x32_S
0x0047	0x0870      	MOVF       R0, 0
0x0048	0x00BE      	MOVWF      _mil
0x0049	0x0871      	MOVF       R0+1, 0
0x004A	0x00BF      	MOVWF      _mil+1
;vAula100_source_file.c,67 :: 		dig_mil = 0x01;                     //Ativa dígito dos milhares
0x004B	0x1586      	BSF        RB3_bit, BitPos(RB3_bit+0)
;vAula100_source_file.c,68 :: 		PORTC   = display(mil);             //Escreve o valor no display dos milhares
0x004C	0x0870      	MOVF       R0, 0
0x004D	0x00D4      	MOVWF      FARG_display_num
0x004E	0x0871      	MOVF       R0+1, 0
0x004F	0x00D5      	MOVWF      FARG_display_num+1
0x0050	0x23F7      	CALL       _display
0x0051	0x0870      	MOVF       R0, 0
0x0052	0x0087      	MOVWF      PORTC
;vAula100_source_file.c,70 :: 		} //end if dig_mil
0x0053	0x28ED      	GOTO       L_interrupt4
L_interrupt3:
;vAula100_source_file.c,72 :: 		else if(!dig_cen && control == 2)      //Dígito das centenas desligado?
0x0054	0x1906      	BTFSC      RB2_bit, BitPos(RB2_bit+0)
0x0055	0x288A      	GOTO       L_interrupt7
0x0056	0x0838      	MOVF       _control, 0
0x0057	0x3A02      	XORLW      2
0x0058	0x1D03      	BTFSS      STATUS, 2
0x0059	0x288A      	GOTO       L_interrupt7
L__interrupt24:
;vAula100_source_file.c,74 :: 		control = 0x03;                    //Sim, control recebe o valor 3
0x005A	0x3003      	MOVLW      3
0x005B	0x00B8      	MOVWF      _control
;vAula100_source_file.c,75 :: 		dig_uni = 0x00;                    //Apaga o dígito das unidades
0x005C	0x1006      	BCF        RB0_bit, BitPos(RB0_bit+0)
;vAula100_source_file.c,76 :: 		dig_dez = 0x00;                    //Apaga o dígito das dezenas
0x005D	0x1086      	BCF        RB1_bit, BitPos(RB1_bit+0)
;vAula100_source_file.c,77 :: 		dig_mil = 0x00;                    //Apaga o dígito dos milhares
0x005E	0x1186      	BCF        RB3_bit, BitPos(RB3_bit+0)
;vAula100_source_file.c,78 :: 		PORTC   = 0x00;                    //Desliga PORTC
0x005F	0x0187      	CLRF       PORTC
;vAula100_source_file.c,79 :: 		cen = (m_amps%1000)/100;          //Calcula o dígito das centenas
0x0060	0x30E8      	MOVLW      232
0x0061	0x00F4      	MOVWF      R4
0x0062	0x3003      	MOVLW      3
0x0063	0x00F5      	MOVWF      R4+1
0x0064	0x01F6      	CLRF       R4+2
0x0065	0x01F7      	CLRF       R4+3
0x0066	0x0844      	MOVF       _m_amps, 0
0x0067	0x00F0      	MOVWF      R0
0x0068	0x0845      	MOVF       _m_amps+1, 0
0x0069	0x00F1      	MOVWF      R0+1
0x006A	0x0846      	MOVF       _m_amps+2, 0
0x006B	0x00F2      	MOVWF      R0+2
0x006C	0x0847      	MOVF       _m_amps+3, 0
0x006D	0x00F3      	MOVWF      R0+3
0x006E	0x227A      	CALL       _Div_32x32_S
0x006F	0x0878      	MOVF       R8, 0
0x0070	0x00F0      	MOVWF      R0
0x0071	0x0879      	MOVF       R8+1, 0
0x0072	0x00F1      	MOVWF      R0+1
0x0073	0x087A      	MOVF       R8+2, 0
0x0074	0x00F2      	MOVWF      R0+2
0x0075	0x087B      	MOVF       R8+3, 0
0x0076	0x00F3      	MOVWF      R0+3
0x0077	0x3064      	MOVLW      100
0x0078	0x00F4      	MOVWF      R4
0x0079	0x01F5      	CLRF       R4+1
0x007A	0x01F6      	CLRF       R4+2
0x007B	0x01F7      	CLRF       R4+3
0x007C	0x227A      	CALL       _Div_32x32_S
0x007D	0x0870      	MOVF       R0, 0
0x007E	0x00BC      	MOVWF      _cen
0x007F	0x0871      	MOVF       R0+1, 0
0x0080	0x00BD      	MOVWF      _cen+1
;vAula100_source_file.c,80 :: 		dig_cen = 0x01;                    //Ativa dígito das centenas
0x0081	0x1506      	BSF        RB2_bit, BitPos(RB2_bit+0)
;vAula100_source_file.c,81 :: 		PORTC   = display(cen);            //Escreve o valor no display das centenas
0x0082	0x0870      	MOVF       R0, 0
0x0083	0x00D4      	MOVWF      FARG_display_num
0x0084	0x0871      	MOVF       R0+1, 0
0x0085	0x00D5      	MOVWF      FARG_display_num+1
0x0086	0x23F7      	CALL       _display
0x0087	0x0870      	MOVF       R0, 0
0x0088	0x0087      	MOVWF      PORTC
;vAula100_source_file.c,83 :: 		} //end if dig_cen
0x0089	0x28ED      	GOTO       L_interrupt8
L_interrupt7:
;vAula100_source_file.c,85 :: 		else if(!dig_dez && control == 3)      //Dígito das dezenas desligado?
0x008A	0x1886      	BTFSC      RB1_bit, BitPos(RB1_bit+0)
0x008B	0x28BF      	GOTO       L_interrupt11
0x008C	0x0838      	MOVF       _control, 0
0x008D	0x3A03      	XORLW      3
0x008E	0x1D03      	BTFSS      STATUS, 2
0x008F	0x28BF      	GOTO       L_interrupt11
L__interrupt23:
;vAula100_source_file.c,87 :: 		control = 0x04;                    //Sim, control recebe o valor 4
0x0090	0x3004      	MOVLW      4
0x0091	0x00B8      	MOVWF      _control
;vAula100_source_file.c,88 :: 		dig_uni = 0x00;                    //Apaga o dígito das unidades
0x0092	0x1006      	BCF        RB0_bit, BitPos(RB0_bit+0)
;vAula100_source_file.c,89 :: 		dig_cen = 0x00;                    //Apaga o dígito das centenas
0x0093	0x1106      	BCF        RB2_bit, BitPos(RB2_bit+0)
;vAula100_source_file.c,90 :: 		dig_mil = 0x00;                    //Apaga o dígito dos milhares
0x0094	0x1186      	BCF        RB3_bit, BitPos(RB3_bit+0)
;vAula100_source_file.c,91 :: 		PORTC   = 0x00;                    //Desliga PORTC
0x0095	0x0187      	CLRF       PORTC
;vAula100_source_file.c,92 :: 		dez = (m_amps%100)/10;            //Calcula o dígito das dezenas
0x0096	0x3064      	MOVLW      100
0x0097	0x00F4      	MOVWF      R4
0x0098	0x01F5      	CLRF       R4+1
0x0099	0x01F6      	CLRF       R4+2
0x009A	0x01F7      	CLRF       R4+3
0x009B	0x0844      	MOVF       _m_amps, 0
0x009C	0x00F0      	MOVWF      R0
0x009D	0x0845      	MOVF       _m_amps+1, 0
0x009E	0x00F1      	MOVWF      R0+1
0x009F	0x0846      	MOVF       _m_amps+2, 0
0x00A0	0x00F2      	MOVWF      R0+2
0x00A1	0x0847      	MOVF       _m_amps+3, 0
0x00A2	0x00F3      	MOVWF      R0+3
0x00A3	0x227A      	CALL       _Div_32x32_S
0x00A4	0x0878      	MOVF       R8, 0
0x00A5	0x00F0      	MOVWF      R0
0x00A6	0x0879      	MOVF       R8+1, 0
0x00A7	0x00F1      	MOVWF      R0+1
0x00A8	0x087A      	MOVF       R8+2, 0
0x00A9	0x00F2      	MOVWF      R0+2
0x00AA	0x087B      	MOVF       R8+3, 0
0x00AB	0x00F3      	MOVWF      R0+3
0x00AC	0x300A      	MOVLW      10
0x00AD	0x00F4      	MOVWF      R4
0x00AE	0x01F5      	CLRF       R4+1
0x00AF	0x01F6      	CLRF       R4+2
0x00B0	0x01F7      	CLRF       R4+3
0x00B1	0x227A      	CALL       _Div_32x32_S
0x00B2	0x0870      	MOVF       R0, 0
0x00B3	0x00C2      	MOVWF      _dez
0x00B4	0x0871      	MOVF       R0+1, 0
0x00B5	0x00C3      	MOVWF      _dez+1
;vAula100_source_file.c,93 :: 		dig_dez = 0x01;                    //Ativa dígito das dezenas
0x00B6	0x1486      	BSF        RB1_bit, BitPos(RB1_bit+0)
;vAula100_source_file.c,94 :: 		PORTC   = display(dez);            //Escreve o valor no display das dezenas
0x00B7	0x0870      	MOVF       R0, 0
0x00B8	0x00D4      	MOVWF      FARG_display_num
0x00B9	0x0871      	MOVF       R0+1, 0
0x00BA	0x00D5      	MOVWF      FARG_display_num+1
0x00BB	0x23F7      	CALL       _display
0x00BC	0x0870      	MOVF       R0, 0
0x00BD	0x0087      	MOVWF      PORTC
;vAula100_source_file.c,96 :: 		} //end if dig_dez
0x00BE	0x28ED      	GOTO       L_interrupt12
L_interrupt11:
;vAula100_source_file.c,98 :: 		else if(!dig_uni && control == 4)      //Dígito das unidades desligado?
0x00BF	0x1806      	BTFSC      RB0_bit, BitPos(RB0_bit+0)
0x00C0	0x28ED      	GOTO       L_interrupt15
0x00C1	0x0838      	MOVF       _control, 0
0x00C2	0x3A04      	XORLW      4
0x00C3	0x1D03      	BTFSS      STATUS, 2
0x00C4	0x28ED      	GOTO       L_interrupt15
L__interrupt22:
;vAula100_source_file.c,100 :: 		control = 0x01;                    //Sim, control recebe o valor 1 (para encerrar a lógica)
0x00C5	0x3001      	MOVLW      1
0x00C6	0x00B8      	MOVWF      _control
;vAula100_source_file.c,101 :: 		dig_dez = 0x00;                    //Apaga o dígito das dezenas
0x00C7	0x1086      	BCF        RB1_bit, BitPos(RB1_bit+0)
;vAula100_source_file.c,102 :: 		dig_cen = 0x00;                    //Apaga o dígito das centenas
0x00C8	0x1106      	BCF        RB2_bit, BitPos(RB2_bit+0)
;vAula100_source_file.c,103 :: 		dig_mil = 0x00;                    //Apaga o dígito dos milhares
0x00C9	0x1186      	BCF        RB3_bit, BitPos(RB3_bit+0)
;vAula100_source_file.c,104 :: 		PORTC   = 0x00;                    //Desliga PORTC
0x00CA	0x0187      	CLRF       PORTC
;vAula100_source_file.c,105 :: 		uni = m_amps%10;                  //Calcula o dígito das unidades
0x00CB	0x300A      	MOVLW      10
0x00CC	0x00F4      	MOVWF      R4
0x00CD	0x01F5      	CLRF       R4+1
0x00CE	0x01F6      	CLRF       R4+2
0x00CF	0x01F7      	CLRF       R4+3
0x00D0	0x0844      	MOVF       _m_amps, 0
0x00D1	0x00F0      	MOVWF      R0
0x00D2	0x0845      	MOVF       _m_amps+1, 0
0x00D3	0x00F1      	MOVWF      R0+1
0x00D4	0x0846      	MOVF       _m_amps+2, 0
0x00D5	0x00F2      	MOVWF      R0+2
0x00D6	0x0847      	MOVF       _m_amps+3, 0
0x00D7	0x00F3      	MOVWF      R0+3
0x00D8	0x227A      	CALL       _Div_32x32_S
0x00D9	0x0878      	MOVF       R8, 0
0x00DA	0x00F0      	MOVWF      R0
0x00DB	0x0879      	MOVF       R8+1, 0
0x00DC	0x00F1      	MOVWF      R0+1
0x00DD	0x087A      	MOVF       R8+2, 0
0x00DE	0x00F2      	MOVWF      R0+2
0x00DF	0x087B      	MOVF       R8+3, 0
0x00E0	0x00F3      	MOVWF      R0+3
0x00E1	0x0870      	MOVF       R0, 0
0x00E2	0x00C0      	MOVWF      _uni
0x00E3	0x0871      	MOVF       R0+1, 0
0x00E4	0x00C1      	MOVWF      _uni+1
;vAula100_source_file.c,106 :: 		dig_uni = 0x01;                    //Ativa dígito das unidades
0x00E5	0x1406      	BSF        RB0_bit, BitPos(RB0_bit+0)
;vAula100_source_file.c,107 :: 		PORTC   = display(uni);            //Escreve o valor no display das unidades
0x00E6	0x0870      	MOVF       R0, 0
0x00E7	0x00D4      	MOVWF      FARG_display_num
0x00E8	0x0871      	MOVF       R0+1, 0
0x00E9	0x00D5      	MOVWF      FARG_display_num+1
0x00EA	0x23F7      	CALL       _display
0x00EB	0x0870      	MOVF       R0, 0
0x00EC	0x0087      	MOVWF      PORTC
;vAula100_source_file.c,108 :: 		}    //end if dig_uni
L_interrupt15:
L_interrupt12:
L_interrupt8:
L_interrupt4:
;vAula100_source_file.c,110 :: 		} //end if (teste de estouro)
L_interrupt0:
;vAula100_source_file.c,112 :: 		} //end interrupt
L_end_interrupt:
L__interrupt27:
0x00ED	0x082E      	MOVF       46, 0
0x00EE	0x00F0      	MOVWF      R0
0x00EF	0x082D      	MOVF       45, 0
0x00F0	0x00F1      	MOVWF      R1
0x00F1	0x082C      	MOVF       44, 0
0x00F2	0x00F2      	MOVWF      R2
0x00F3	0x082B      	MOVF       43, 0
0x00F4	0x00F3      	MOVWF      R3
0x00F5	0x082A      	MOVF       42, 0
0x00F6	0x00F4      	MOVWF      R4
0x00F7	0x0829      	MOVF       41, 0
0x00F8	0x00F5      	MOVWF      R5
0x00F9	0x0828      	MOVF       40, 0
0x00FA	0x00F6      	MOVWF      R6
0x00FB	0x0827      	MOVF       39, 0
0x00FC	0x00F7      	MOVWF      R7
0x00FD	0x0826      	MOVF       38, 0
0x00FE	0x00F8      	MOVWF      R8
0x00FF	0x0825      	MOVF       37, 0
0x0100	0x00F9      	MOVWF      R9
0x0101	0x0824      	MOVF       36, 0
0x0102	0x00FA      	MOVWF      R10
0x0103	0x0823      	MOVF       35, 0
0x0104	0x00FB      	MOVWF      R11
0x0105	0x0822      	MOVF       34, 0
0x0106	0x00FC      	MOVWF      R12
0x0107	0x0821      	MOVF       33, 0
0x0108	0x00FD      	MOVWF      R13
0x0109	0x082F      	MOVF       47, 0
0x010A	0x0084      	MOVWF      FSR
0x010B	0x084D      	MOVF       ___savePCLATH, 0
0x010C	0x008A      	MOVWF      PCLATH
0x010D	0x0E4C      	SWAPF      ___saveSTATUS, 0
0x010E	0x0083      	MOVWF      STATUS
0x010F	0x0EFF      	SWAPF      R15, 1
0x0110	0x0E7F      	SWAPF      R15, 0
0x0111	0x0009      	RETFIE
; end of _interrupt
_SDIV3232L:
;__Lib_Math.c,697 :: 		
;__Lib_Math.c,706 :: 		
0x0112	0x0874      	MOVF       R4, 0
;__Lib_Math.c,707 :: 		
0x0113	0x02F8      	SUBWF      R8, 1
;__Lib_Math.c,708 :: 		
0x0114	0x0875      	MOVF       R5, 0
;__Lib_Math.c,709 :: 		
0x0115	0x1C03      	BTFSS      STATUS, 0
;__Lib_Math.c,710 :: 		
0x0116	0x0F75      	INCFSZ     R5, 0
;__Lib_Math.c,711 :: 		
0x0117	0x02F9      	SUBWF      R9, 1
;__Lib_Math.c,712 :: 		
0x0118	0x0876      	MOVF       R6, 0
;__Lib_Math.c,713 :: 		
0x0119	0x1C03      	BTFSS      STATUS, 0
;__Lib_Math.c,714 :: 		
0x011A	0x0F76      	INCFSZ     R6, 0
;__Lib_Math.c,715 :: 		
0x011B	0x02FA      	SUBWF      R10, 1
;__Lib_Math.c,716 :: 		
0x011C	0x0877      	MOVF       R7, 0
;__Lib_Math.c,717 :: 		
0x011D	0x1C03      	BTFSS      STATUS, 0
;__Lib_Math.c,718 :: 		
0x011E	0x0F77      	INCFSZ     R7, 0
;__Lib_Math.c,719 :: 		
0x011F	0x02FB      	SUBWF      R11, 1
;__Lib_Math.c,720 :: 		
0x0120	0x0DF3      	RLF        R3, 1
;__Lib_Math.c,722 :: 		
0x0121	0x3007      	MOVLW      7
;__Lib_Math.c,723 :: 		
0x0122	0x00FC      	MOVWF      R12
;__Lib_Math.c,725 :: 		
LOOPS3232A:
;__Lib_Math.c,726 :: 		
0x0123	0x0D73      	RLF        R3, 0
;__Lib_Math.c,727 :: 		
0x0124	0x0DF8      	RLF        R8, 1
;__Lib_Math.c,728 :: 		
0x0125	0x0DF9      	RLF        R9, 1
;__Lib_Math.c,729 :: 		
0x0126	0x0DFA      	RLF        R10, 1
;__Lib_Math.c,730 :: 		
0x0127	0x0DFB      	RLF        R11, 1
;__Lib_Math.c,731 :: 		
0x0128	0x0874      	MOVF       R4, 0
;__Lib_Math.c,732 :: 		
0x0129	0x1C73      	BTFSS      R3, 0
;__Lib_Math.c,733 :: 		
0x012A	0x2939      	GOTO       SADD22LA
;__Lib_Math.c,735 :: 		
0x012B	0x02F8      	SUBWF      R8, 1
;__Lib_Math.c,736 :: 		
0x012C	0x0875      	MOVF       R5, 0
;__Lib_Math.c,737 :: 		
0x012D	0x1C03      	BTFSS      STATUS, 0
;__Lib_Math.c,738 :: 		
0x012E	0x0F75      	INCFSZ     R5, 0
;__Lib_Math.c,739 :: 		
0x012F	0x02F9      	SUBWF      R9, 1
;__Lib_Math.c,740 :: 		
0x0130	0x0876      	MOVF       R6, 0
;__Lib_Math.c,741 :: 		
0x0131	0x1C03      	BTFSS      STATUS, 0
;__Lib_Math.c,742 :: 		
0x0132	0x0F76      	INCFSZ     R6, 0
;__Lib_Math.c,743 :: 		
0x0133	0x02FA      	SUBWF      R10, 1
;__Lib_Math.c,744 :: 		
0x0134	0x0877      	MOVF       R7, 0
;__Lib_Math.c,745 :: 		
0x0135	0x1C03      	BTFSS      STATUS, 0
;__Lib_Math.c,746 :: 		
0x0136	0x0F77      	INCFSZ     R7, 0
;__Lib_Math.c,747 :: 		
0x0137	0x02FB      	SUBWF      R11, 1
;__Lib_Math.c,748 :: 		
0x0138	0x2946      	GOTO       SOK22LA
;__Lib_Math.c,750 :: 		
SADD22LA:
;__Lib_Math.c,751 :: 		
0x0139	0x07F8      	ADDWF      R8, 1
;__Lib_Math.c,752 :: 		
0x013A	0x0875      	MOVF       R5, 0
;__Lib_Math.c,753 :: 		
0x013B	0x1803      	BTFSC      STATUS, 0
;__Lib_Math.c,754 :: 		
0x013C	0x0F75      	INCFSZ     R5, 0
;__Lib_Math.c,755 :: 		
0x013D	0x07F9      	ADDWF      R9, 1
;__Lib_Math.c,756 :: 		
0x013E	0x0876      	MOVF       R6, 0
;__Lib_Math.c,757 :: 		
0x013F	0x1803      	BTFSC      STATUS, 0
;__Lib_Math.c,758 :: 		
0x0140	0x0F76      	INCFSZ     R6, 0
;__Lib_Math.c,759 :: 		
0x0141	0x07FA      	ADDWF      R10, 1
;__Lib_Math.c,760 :: 		
0x0142	0x0877      	MOVF       R7, 0
;__Lib_Math.c,761 :: 		
0x0143	0x1803      	BTFSC      STATUS, 0
;__Lib_Math.c,762 :: 		
0x0144	0x0F77      	INCFSZ     R7, 0
;__Lib_Math.c,763 :: 		
0x0145	0x07FB      	ADDWF      R11, 1
;__Lib_Math.c,765 :: 		
SOK22LA:
;__Lib_Math.c,766 :: 		
0x0146	0x0DF3      	RLF        R3, 1
;__Lib_Math.c,768 :: 		
0x0147	0x0BFC      	DECFSZ     R12, 1
;__Lib_Math.c,769 :: 		
0x0148	0x2923      	GOTO       LOOPS3232A
;__Lib_Math.c,771 :: 		
0x0149	0x0D72      	RLF        R2, 0
;__Lib_Math.c,772 :: 		
0x014A	0x0DF8      	RLF        R8, 1
;__Lib_Math.c,773 :: 		
0x014B	0x0DF9      	RLF        R9, 1
;__Lib_Math.c,774 :: 		
0x014C	0x0DFA      	RLF        R10, 1
;__Lib_Math.c,775 :: 		
0x014D	0x0DFB      	RLF        R11, 1
;__Lib_Math.c,776 :: 		
0x014E	0x0874      	MOVF       R4, 0
;__Lib_Math.c,777 :: 		
0x014F	0x1C73      	BTFSS      R3, 0
;__Lib_Math.c,778 :: 		
0x0150	0x295F      	GOTO       SADD22L8
;__Lib_Math.c,780 :: 		
0x0151	0x02F8      	SUBWF      R8, 1
;__Lib_Math.c,781 :: 		
0x0152	0x0875      	MOVF       R5, 0
;__Lib_Math.c,782 :: 		
0x0153	0x1C03      	BTFSS      STATUS, 0
;__Lib_Math.c,783 :: 		
0x0154	0x0F75      	INCFSZ     R5, 0
;__Lib_Math.c,784 :: 		
0x0155	0x02F9      	SUBWF      R9, 1
;__Lib_Math.c,785 :: 		
0x0156	0x0876      	MOVF       R6, 0
;__Lib_Math.c,786 :: 		
0x0157	0x1C03      	BTFSS      STATUS, 0
;__Lib_Math.c,787 :: 		
0x0158	0x0F76      	INCFSZ     R6, 0
;__Lib_Math.c,788 :: 		
0x0159	0x02FA      	SUBWF      R10, 1
;__Lib_Math.c,789 :: 		
0x015A	0x0877      	MOVF       R7, 0
;__Lib_Math.c,790 :: 		
0x015B	0x1C03      	BTFSS      STATUS, 0
;__Lib_Math.c,791 :: 		
0x015C	0x0F77      	INCFSZ     R7, 0
;__Lib_Math.c,792 :: 		
0x015D	0x02FB      	SUBWF      R11, 1
;__Lib_Math.c,793 :: 		
0x015E	0x296C      	GOTO       SOK22L8
;__Lib_Math.c,795 :: 		
SADD22L8:
;__Lib_Math.c,796 :: 		
0x015F	0x07F8      	ADDWF      R8, 1
;__Lib_Math.c,797 :: 		
0x0160	0x0875      	MOVF       R5, 0
;__Lib_Math.c,798 :: 		
0x0161	0x1803      	BTFSC      STATUS, 0
;__Lib_Math.c,799 :: 		
0x0162	0x0F75      	INCFSZ     R5, 0
;__Lib_Math.c,800 :: 		
0x0163	0x07F9      	ADDWF      R9, 1
;__Lib_Math.c,801 :: 		
0x0164	0x0876      	MOVF       R6, 0
;__Lib_Math.c,802 :: 		
0x0165	0x1803      	BTFSC      STATUS, 0
;__Lib_Math.c,803 :: 		
0x0166	0x0F76      	INCFSZ     R6, 0
;__Lib_Math.c,804 :: 		
0x0167	0x07FA      	ADDWF      R10, 1
;__Lib_Math.c,805 :: 		
0x0168	0x0877      	MOVF       R7, 0
;__Lib_Math.c,806 :: 		
0x0169	0x1803      	BTFSC      STATUS, 0
;__Lib_Math.c,807 :: 		
0x016A	0x0F77      	INCFSZ     R7, 0
;__Lib_Math.c,808 :: 		
0x016B	0x07FB      	ADDWF      R11, 1
;__Lib_Math.c,810 :: 		
SOK22L8:
;__Lib_Math.c,811 :: 		
0x016C	0x0DF2      	RLF        R2, 1
;__Lib_Math.c,813 :: 		
0x016D	0x3007      	MOVLW      7
;__Lib_Math.c,814 :: 		
0x016E	0x00FC      	MOVWF      R12
;__Lib_Math.c,816 :: 		
LOOPS3232B:
;__Lib_Math.c,817 :: 		
0x016F	0x0D72      	RLF        R2, 0
;__Lib_Math.c,818 :: 		
0x0170	0x0DF8      	RLF        R8, 1
;__Lib_Math.c,819 :: 		
0x0171	0x0DF9      	RLF        R9, 1
;__Lib_Math.c,820 :: 		
0x0172	0x0DFA      	RLF        R10, 1
;__Lib_Math.c,821 :: 		
0x0173	0x0DFB      	RLF        R11, 1
;__Lib_Math.c,822 :: 		
0x0174	0x0874      	MOVF       R4, 0
;__Lib_Math.c,823 :: 		
0x0175	0x1C72      	BTFSS      R2, 0
;__Lib_Math.c,824 :: 		
0x0176	0x2985      	GOTO       SADD22LB
;__Lib_Math.c,826 :: 		
0x0177	0x02F8      	SUBWF      R8, 1
;__Lib_Math.c,827 :: 		
0x0178	0x0875      	MOVF       R5, 0
;__Lib_Math.c,828 :: 		
0x0179	0x1C03      	BTFSS      STATUS, 0
;__Lib_Math.c,829 :: 		
0x017A	0x0F75      	INCFSZ     R5, 0
;__Lib_Math.c,830 :: 		
0x017B	0x02F9      	SUBWF      R9, 1
;__Lib_Math.c,831 :: 		
0x017C	0x0876      	MOVF       R6, 0
;__Lib_Math.c,832 :: 		
0x017D	0x1C03      	BTFSS      STATUS, 0
;__Lib_Math.c,833 :: 		
0x017E	0x0F76      	INCFSZ     R6, 0
;__Lib_Math.c,834 :: 		
0x017F	0x02FA      	SUBWF      R10, 1
;__Lib_Math.c,835 :: 		
0x0180	0x0877      	MOVF       R7, 0
;__Lib_Math.c,836 :: 		
0x0181	0x1C03      	BTFSS      STATUS, 0
;__Lib_Math.c,837 :: 		
0x0182	0x0F77      	INCFSZ     R7, 0
;__Lib_Math.c,838 :: 		
0x0183	0x02FB      	SUBWF      R11, 1
;__Lib_Math.c,839 :: 		
0x0184	0x2992      	GOTO       SOK22LB
;__Lib_Math.c,841 :: 		
SADD22LB:
;__Lib_Math.c,842 :: 		
0x0185	0x07F8      	ADDWF      R8, 1
;__Lib_Math.c,843 :: 		
0x0186	0x0875      	MOVF       R5, 0
;__Lib_Math.c,844 :: 		
0x0187	0x1803      	BTFSC      STATUS, 0
;__Lib_Math.c,845 :: 		
0x0188	0x0F75      	INCFSZ     R5, 0
;__Lib_Math.c,846 :: 		
0x0189	0x07F9      	ADDWF      R9, 1
;__Lib_Math.c,847 :: 		
0x018A	0x0876      	MOVF       R6, 0
;__Lib_Math.c,848 :: 		
0x018B	0x1803      	BTFSC      STATUS, 0
;__Lib_Math.c,849 :: 		
0x018C	0x0F76      	INCFSZ     R6, 0
;__Lib_Math.c,850 :: 		
0x018D	0x07FA      	ADDWF      R10, 1
;__Lib_Math.c,851 :: 		
0x018E	0x0877      	MOVF       R7, 0
;__Lib_Math.c,852 :: 		
0x018F	0x1803      	BTFSC      STATUS, 0
;__Lib_Math.c,853 :: 		
0x0190	0x0F77      	INCFSZ     R7, 0
;__Lib_Math.c,854 :: 		
0x0191	0x07FB      	ADDWF      R11, 1
;__Lib_Math.c,856 :: 		
SOK22LB:
;__Lib_Math.c,857 :: 		
0x0192	0x0DF2      	RLF        R2, 1
;__Lib_Math.c,859 :: 		
0x0193	0x0BFC      	DECFSZ     R12, 1
;__Lib_Math.c,860 :: 		
0x0194	0x296F      	GOTO       LOOPS3232B
;__Lib_Math.c,862 :: 		
0x0195	0x0D71      	RLF        R1, 0
;__Lib_Math.c,863 :: 		
0x0196	0x0DF8      	RLF        R8, 1
;__Lib_Math.c,864 :: 		
0x0197	0x0DF9      	RLF        R9, 1
;__Lib_Math.c,865 :: 		
0x0198	0x0DFA      	RLF        R10, 1
;__Lib_Math.c,866 :: 		
0x0199	0x0DFB      	RLF        R11, 1
;__Lib_Math.c,867 :: 		
0x019A	0x0874      	MOVF       R4, 0
;__Lib_Math.c,868 :: 		
0x019B	0x1C72      	BTFSS      R2, 0
;__Lib_Math.c,869 :: 		
0x019C	0x29AB      	GOTO       SADD22L16
;__Lib_Math.c,871 :: 		
0x019D	0x02F8      	SUBWF      R8, 1
;__Lib_Math.c,872 :: 		
0x019E	0x0875      	MOVF       R5, 0
;__Lib_Math.c,873 :: 		
0x019F	0x1C03      	BTFSS      STATUS, 0
;__Lib_Math.c,874 :: 		
0x01A0	0x0F75      	INCFSZ     R5, 0
;__Lib_Math.c,875 :: 		
0x01A1	0x02F9      	SUBWF      R9, 1
;__Lib_Math.c,876 :: 		
0x01A2	0x0876      	MOVF       R6, 0
;__Lib_Math.c,877 :: 		
0x01A3	0x1C03      	BTFSS      STATUS, 0
;__Lib_Math.c,878 :: 		
0x01A4	0x0F76      	INCFSZ     R6, 0
;__Lib_Math.c,879 :: 		
0x01A5	0x02FA      	SUBWF      R10, 1
;__Lib_Math.c,880 :: 		
0x01A6	0x0877      	MOVF       R7, 0
;__Lib_Math.c,881 :: 		
0x01A7	0x1C03      	BTFSS      STATUS, 0
;__Lib_Math.c,882 :: 		
0x01A8	0x0F77      	INCFSZ     R7, 0
;__Lib_Math.c,883 :: 		
0x01A9	0x02FB      	SUBWF      R11, 1
;__Lib_Math.c,884 :: 		
0x01AA	0x29B8      	GOTO       SOK22L16
;__Lib_Math.c,886 :: 		
SADD22L16:
;__Lib_Math.c,887 :: 		
0x01AB	0x07F8      	ADDWF      R8, 1
;__Lib_Math.c,888 :: 		
0x01AC	0x0875      	MOVF       R5, 0
;__Lib_Math.c,889 :: 		
0x01AD	0x1803      	BTFSC      STATUS, 0
;__Lib_Math.c,890 :: 		
0x01AE	0x0F75      	INCFSZ     R5, 0
;__Lib_Math.c,891 :: 		
0x01AF	0x07F9      	ADDWF      R9, 1
;__Lib_Math.c,892 :: 		
0x01B0	0x0876      	MOVF       R6, 0
;__Lib_Math.c,893 :: 		
0x01B1	0x1803      	BTFSC      STATUS, 0
;__Lib_Math.c,894 :: 		
0x01B2	0x0F76      	INCFSZ     R6, 0
;__Lib_Math.c,895 :: 		
0x01B3	0x07FA      	ADDWF      R10, 1
;__Lib_Math.c,896 :: 		
0x01B4	0x0877      	MOVF       R7, 0
;__Lib_Math.c,897 :: 		
0x01B5	0x1803      	BTFSC      STATUS, 0
;__Lib_Math.c,898 :: 		
0x01B6	0x0F77      	INCFSZ     R7, 0
;__Lib_Math.c,899 :: 		
0x01B7	0x07FB      	ADDWF      R11, 1
;__Lib_Math.c,901 :: 		
SOK22L16:
;__Lib_Math.c,902 :: 		
0x01B8	0x0DF1      	RLF        R1, 1
;__Lib_Math.c,904 :: 		
0x01B9	0x3007      	MOVLW      7
;__Lib_Math.c,905 :: 		
0x01BA	0x00FC      	MOVWF      R12
;__Lib_Math.c,907 :: 		
LOOPS3232C:
;__Lib_Math.c,908 :: 		
0x01BB	0x0D71      	RLF        R1, 0
;__Lib_Math.c,909 :: 		
0x01BC	0x0DF8      	RLF        R8, 1
;__Lib_Math.c,910 :: 		
0x01BD	0x0DF9      	RLF        R9, 1
;__Lib_Math.c,911 :: 		
0x01BE	0x0DFA      	RLF        R10, 1
;__Lib_Math.c,912 :: 		
0x01BF	0x0DFB      	RLF        R11, 1
;__Lib_Math.c,913 :: 		
0x01C0	0x0874      	MOVF       R4, 0
;__Lib_Math.c,914 :: 		
0x01C1	0x1C71      	BTFSS      R1, 0
;__Lib_Math.c,915 :: 		
0x01C2	0x29D1      	GOTO       SADD22LC
;__Lib_Math.c,917 :: 		
0x01C3	0x02F8      	SUBWF      R8, 1
;__Lib_Math.c,918 :: 		
0x01C4	0x0875      	MOVF       R5, 0
;__Lib_Math.c,919 :: 		
0x01C5	0x1C03      	BTFSS      STATUS, 0
;__Lib_Math.c,920 :: 		
0x01C6	0x0F75      	INCFSZ     R5, 0
;__Lib_Math.c,921 :: 		
0x01C7	0x02F9      	SUBWF      R9, 1
;__Lib_Math.c,922 :: 		
0x01C8	0x0876      	MOVF       R6, 0
;__Lib_Math.c,923 :: 		
0x01C9	0x1C03      	BTFSS      STATUS, 0
;__Lib_Math.c,924 :: 		
0x01CA	0x0F76      	INCFSZ     R6, 0
;__Lib_Math.c,925 :: 		
0x01CB	0x02FA      	SUBWF      R10, 1
;__Lib_Math.c,926 :: 		
0x01CC	0x0877      	MOVF       R7, 0
;__Lib_Math.c,927 :: 		
0x01CD	0x1C03      	BTFSS      STATUS, 0
;__Lib_Math.c,928 :: 		
0x01CE	0x0F77      	INCFSZ     R7, 0
;__Lib_Math.c,929 :: 		
0x01CF	0x02FB      	SUBWF      R11, 1
;__Lib_Math.c,930 :: 		
0x01D0	0x29DE      	GOTO       SOK22LC
;__Lib_Math.c,932 :: 		
SADD22LC:
;__Lib_Math.c,933 :: 		
0x01D1	0x07F8      	ADDWF      R8, 1
;__Lib_Math.c,934 :: 		
0x01D2	0x0875      	MOVF       R5, 0
;__Lib_Math.c,935 :: 		
0x01D3	0x1803      	BTFSC      STATUS, 0
;__Lib_Math.c,936 :: 		
0x01D4	0x0F75      	INCFSZ     R5, 0
;__Lib_Math.c,937 :: 		
0x01D5	0x07F9      	ADDWF      R9, 1
;__Lib_Math.c,938 :: 		
0x01D6	0x0876      	MOVF       R6, 0
;__Lib_Math.c,939 :: 		
0x01D7	0x1803      	BTFSC      STATUS, 0
;__Lib_Math.c,940 :: 		
0x01D8	0x0F76      	INCFSZ     R6, 0
;__Lib_Math.c,941 :: 		
0x01D9	0x07FA      	ADDWF      R10, 1
;__Lib_Math.c,942 :: 		
0x01DA	0x0877      	MOVF       R7, 0
;__Lib_Math.c,943 :: 		
0x01DB	0x1803      	BTFSC      STATUS, 0
;__Lib_Math.c,944 :: 		
0x01DC	0x0F77      	INCFSZ     R7, 0
;__Lib_Math.c,945 :: 		
0x01DD	0x07FB      	ADDWF      R11, 1
;__Lib_Math.c,947 :: 		
SOK22LC:
;__Lib_Math.c,948 :: 		
0x01DE	0x0DF1      	RLF        R1, 1
;__Lib_Math.c,950 :: 		
0x01DF	0x0BFC      	DECFSZ     R12, 1
;__Lib_Math.c,951 :: 		
0x01E0	0x29BB      	GOTO       LOOPS3232C
;__Lib_Math.c,953 :: 		
0x01E1	0x0D70      	RLF        R0, 0
;__Lib_Math.c,954 :: 		
0x01E2	0x0DF8      	RLF        R8, 1
;__Lib_Math.c,955 :: 		
0x01E3	0x0DF9      	RLF        R9, 1
;__Lib_Math.c,956 :: 		
0x01E4	0x0DFA      	RLF        R10, 1
;__Lib_Math.c,957 :: 		
0x01E5	0x0DFB      	RLF        R11, 1
;__Lib_Math.c,958 :: 		
0x01E6	0x0874      	MOVF       R4, 0
;__Lib_Math.c,959 :: 		
0x01E7	0x1C71      	BTFSS      R1, 0
;__Lib_Math.c,960 :: 		
0x01E8	0x29F7      	GOTO       SADD22L24
;__Lib_Math.c,962 :: 		
0x01E9	0x02F8      	SUBWF      R8, 1
;__Lib_Math.c,963 :: 		
0x01EA	0x0875      	MOVF       R5, 0
;__Lib_Math.c,964 :: 		
0x01EB	0x1C03      	BTFSS      STATUS, 0
;__Lib_Math.c,965 :: 		
0x01EC	0x0F75      	INCFSZ     R5, 0
;__Lib_Math.c,966 :: 		
0x01ED	0x02F9      	SUBWF      R9, 1
;__Lib_Math.c,967 :: 		
0x01EE	0x0876      	MOVF       R6, 0
;__Lib_Math.c,968 :: 		
0x01EF	0x1C03      	BTFSS      STATUS, 0
;__Lib_Math.c,969 :: 		
0x01F0	0x0F76      	INCFSZ     R6, 0
;__Lib_Math.c,970 :: 		
0x01F1	0x02FA      	SUBWF      R10, 1
;__Lib_Math.c,971 :: 		
0x01F2	0x0877      	MOVF       R7, 0
;__Lib_Math.c,972 :: 		
0x01F3	0x1C03      	BTFSS      STATUS, 0
;__Lib_Math.c,973 :: 		
0x01F4	0x0F77      	INCFSZ     R7, 0
;__Lib_Math.c,974 :: 		
0x01F5	0x02FB      	SUBWF      R11, 1
;__Lib_Math.c,975 :: 		
0x01F6	0x2A04      	GOTO       SOK22L24
;__Lib_Math.c,977 :: 		
SADD22L24:
;__Lib_Math.c,978 :: 		
0x01F7	0x07F8      	ADDWF      R8, 1
;__Lib_Math.c,979 :: 		
0x01F8	0x0875      	MOVF       R5, 0
;__Lib_Math.c,980 :: 		
0x01F9	0x1803      	BTFSC      STATUS, 0
;__Lib_Math.c,981 :: 		
0x01FA	0x0F75      	INCFSZ     R5, 0
;__Lib_Math.c,982 :: 		
0x01FB	0x07F9      	ADDWF      R9, 1
;__Lib_Math.c,983 :: 		
0x01FC	0x0876      	MOVF       R6, 0
;__Lib_Math.c,984 :: 		
0x01FD	0x1803      	BTFSC      STATUS, 0
;__Lib_Math.c,985 :: 		
0x01FE	0x0F76      	INCFSZ     R6, 0
;__Lib_Math.c,986 :: 		
0x01FF	0x07FA      	ADDWF      R10, 1
;__Lib_Math.c,987 :: 		
0x0200	0x0877      	MOVF       R7, 0
;__Lib_Math.c,988 :: 		
0x0201	0x1803      	BTFSC      STATUS, 0
;__Lib_Math.c,989 :: 		
0x0202	0x0F77      	INCFSZ     R7, 0
;__Lib_Math.c,990 :: 		
0x0203	0x07FB      	ADDWF      R11, 1
;__Lib_Math.c,992 :: 		
SOK22L24:
;__Lib_Math.c,993 :: 		
0x0204	0x0DF0      	RLF        R0, 1
;__Lib_Math.c,995 :: 		
0x0205	0x3007      	MOVLW      7
;__Lib_Math.c,996 :: 		
0x0206	0x00FC      	MOVWF      R12
;__Lib_Math.c,998 :: 		
LOOPS3232D:
;__Lib_Math.c,999 :: 		
0x0207	0x0D70      	RLF        R0, 0
;__Lib_Math.c,1000 :: 		
0x0208	0x0DF8      	RLF        R8, 1
;__Lib_Math.c,1001 :: 		
0x0209	0x0DF9      	RLF        R9, 1
;__Lib_Math.c,1002 :: 		
0x020A	0x0DFA      	RLF        R10, 1
;__Lib_Math.c,1003 :: 		
0x020B	0x0DFB      	RLF        R11, 1
;__Lib_Math.c,1004 :: 		
0x020C	0x0874      	MOVF       R4, 0
;__Lib_Math.c,1005 :: 		
0x020D	0x1C70      	BTFSS      R0, 0
;__Lib_Math.c,1006 :: 		
0x020E	0x2A1D      	GOTO       SADD22LD
;__Lib_Math.c,1008 :: 		
0x020F	0x02F8      	SUBWF      R8, 1
;__Lib_Math.c,1009 :: 		
0x0210	0x0875      	MOVF       R5, 0
;__Lib_Math.c,1010 :: 		
0x0211	0x1C03      	BTFSS      STATUS, 0
;__Lib_Math.c,1011 :: 		
0x0212	0x0F75      	INCFSZ     R5, 0
;__Lib_Math.c,1012 :: 		
0x0213	0x02F9      	SUBWF      R9, 1
;__Lib_Math.c,1013 :: 		
0x0214	0x0876      	MOVF       R6, 0
;__Lib_Math.c,1014 :: 		
0x0215	0x1C03      	BTFSS      STATUS, 0
;__Lib_Math.c,1015 :: 		
0x0216	0x0F76      	INCFSZ     R6, 0
;__Lib_Math.c,1016 :: 		
0x0217	0x02FA      	SUBWF      R10, 1
;__Lib_Math.c,1017 :: 		
0x0218	0x0877      	MOVF       R7, 0
;__Lib_Math.c,1018 :: 		
0x0219	0x1C03      	BTFSS      STATUS, 0
;__Lib_Math.c,1019 :: 		
0x021A	0x0F77      	INCFSZ     R7, 0
;__Lib_Math.c,1020 :: 		
0x021B	0x02FB      	SUBWF      R11, 1
;__Lib_Math.c,1021 :: 		
0x021C	0x2A2A      	GOTO       SOK22LD
;__Lib_Math.c,1023 :: 		
SADD22LD:
;__Lib_Math.c,1024 :: 		
0x021D	0x07F8      	ADDWF      R8, 1
;__Lib_Math.c,1025 :: 		
0x021E	0x0875      	MOVF       R5, 0
;__Lib_Math.c,1026 :: 		
0x021F	0x1803      	BTFSC      STATUS, 0
;__Lib_Math.c,1027 :: 		
0x0220	0x0F75      	INCFSZ     R5, 0
;__Lib_Math.c,1028 :: 		
0x0221	0x07F9      	ADDWF      R9, 1
;__Lib_Math.c,1029 :: 		
0x0222	0x0876      	MOVF       R6, 0
;__Lib_Math.c,1030 :: 		
0x0223	0x1803      	BTFSC      STATUS, 0
;__Lib_Math.c,1031 :: 		
0x0224	0x0F76      	INCFSZ     R6, 0
;__Lib_Math.c,1032 :: 		
0x0225	0x07FA      	ADDWF      R10, 1
;__Lib_Math.c,1033 :: 		
0x0226	0x0877      	MOVF       R7, 0
;__Lib_Math.c,1034 :: 		
0x0227	0x1803      	BTFSC      STATUS, 0
;__Lib_Math.c,1036 :: 		
0x0228	0x0F77      	INCFSZ     R7, 0
;__Lib_Math.c,1037 :: 		
0x0229	0x07FB      	ADDWF      R11, 1
;__Lib_Math.c,1039 :: 		
SOK22LD:
;__Lib_Math.c,1040 :: 		
0x022A	0x0DF0      	RLF        R0, 1
;__Lib_Math.c,1042 :: 		
0x022B	0x0BFC      	DECFSZ     R12, 1
;__Lib_Math.c,1043 :: 		
0x022C	0x2A07      	GOTO       LOOPS3232D
;__Lib_Math.c,1045 :: 		
0x022D	0x1870      	BTFSC      R0, 0
;__Lib_Math.c,1046 :: 		
0x022E	0x2A3D      	GOTO       SOK22L
;__Lib_Math.c,1047 :: 		
0x022F	0x0874      	MOVF       R4, 0
;__Lib_Math.c,1048 :: 		
0x0230	0x07F8      	ADDWF      R8, 1
;__Lib_Math.c,1049 :: 		
0x0231	0x0875      	MOVF       R5, 0
;__Lib_Math.c,1050 :: 		
0x0232	0x1803      	BTFSC      STATUS, 0
;__Lib_Math.c,1051 :: 		
0x0233	0x0F75      	INCFSZ     R5, 0
;__Lib_Math.c,1052 :: 		
0x0234	0x07F9      	ADDWF      R9, 1
;__Lib_Math.c,1053 :: 		
0x0235	0x0876      	MOVF       R6, 0
;__Lib_Math.c,1054 :: 		
0x0236	0x1803      	BTFSC      STATUS, 0
;__Lib_Math.c,1055 :: 		
0x0237	0x0F76      	INCFSZ     R6, 0
;__Lib_Math.c,1056 :: 		
0x0238	0x07FA      	ADDWF      R10, 1
;__Lib_Math.c,1057 :: 		
0x0239	0x0877      	MOVF       R7, 0
;__Lib_Math.c,1058 :: 		
0x023A	0x1803      	BTFSC      STATUS, 0
;__Lib_Math.c,1059 :: 		
0x023B	0x0F77      	INCFSZ     R7, 0
;__Lib_Math.c,1060 :: 		
0x023C	0x07FB      	ADDWF      R11, 1
;__Lib_Math.c,1061 :: 		
SOK22L:
;__Lib_Math.c,1064 :: 		
L_end_SDIV3232L:
0x023D	0x0008      	RETURN
; end of _SDIV3232L
_COMFREM:
;__Lib_Math.c,1066 :: 		
;__Lib_Math.c,1070 :: 		
0x023E	0x09FB      	COMF       R11, 1
;__Lib_Math.c,1071 :: 		
0x023F	0x09FA      	COMF       R10, 1
;__Lib_Math.c,1072 :: 		
0x0240	0x09F9      	COMF       R9, 1
;__Lib_Math.c,1073 :: 		
0x0241	0x09F8      	COMF       R8, 1
;__Lib_Math.c,1074 :: 		
0x0242	0x0AF8      	INCF       R8, 1
;__Lib_Math.c,1075 :: 		
0x0243	0x1903      	BTFSC      STATUS, 2
;__Lib_Math.c,1076 :: 		
0x0244	0x0AF9      	INCF       R9, 1
;__Lib_Math.c,1077 :: 		
0x0245	0x1903      	BTFSC      STATUS, 2
;__Lib_Math.c,1078 :: 		
0x0246	0x0AFA      	INCF       R10, 1
;__Lib_Math.c,1079 :: 		
0x0247	0x1903      	BTFSC      STATUS, 2
;__Lib_Math.c,1080 :: 		
0x0248	0x0AFB      	INCF       R11, 1
;__Lib_Math.c,1082 :: 		
L_end_COMFREM:
0x0249	0x0008      	RETURN
; end of _COMFREM
_Delay_22us:
;__Lib_Delays.c,15 :: 		void Delay_22us() {
;__Lib_Delays.c,16 :: 		Delay_us(22);
0x024A	0x300E      	MOVLW      14
0x024B	0x1283      	BCF        STATUS, 5
0x024C	0x1303      	BCF        STATUS, 6
0x024D	0x00FD      	MOVWF      R13
L_Delay_22us1:
0x024E	0x0BFD      	DECFSZ     R13, 1
0x024F	0x2A4E      	GOTO       L_Delay_22us1
0x0250	0x0000      	NOP
;__Lib_Delays.c,17 :: 		}
L_end_Delay_22us:
0x0251	0x0008      	RETURN
; end of _Delay_22us
_ADC_Read:
;__Lib_ADC_A_C.c,68 :: 		
;__Lib_ADC_A_C.c,70 :: 		
0x0252	0x1283      	BCF        STATUS, 5
0x0253	0x1303      	BCF        STATUS, 6
0x0254	0x019F      	CLRF       ADCON0
;__Lib_ADC_A_C.c,71 :: 		
0x0255	0x30C0      	MOVLW      192
0x0256	0x049F      	IORWF      ADCON0, 1
;__Lib_ADC_A_C.c,72 :: 		
0x0257	0x0939      	COMF       _vref_mask, 0
0x0258	0x00F0      	MOVWF      R0
0x0259	0x0870      	MOVF       R0, 0
0x025A	0x1683      	BSF        STATUS, 5
0x025B	0x059F      	ANDWF      ADCON1, 1
;__Lib_ADC_A_C.c,73 :: 		
0x025C	0x171F      	BSF        ADCON1, 6
;__Lib_ADC_A_C.c,74 :: 		
0x025D	0x179F      	BSF        ADCON1, 7
;__Lib_ADC_A_C.c,75 :: 		
0x025E	0x1283      	BCF        STATUS, 5
0x025F	0x0853      	MOVF       FARG_ADC_Read_channel, 0
0x0260	0x00F0      	MOVWF      R0
0x0261	0x0DF0      	RLF        R0, 1
0x0262	0x1070      	BCF        R0, 0
0x0263	0x0DF0      	RLF        R0, 1
0x0264	0x1070      	BCF        R0, 0
0x0265	0x0DF0      	RLF        R0, 1
0x0266	0x1070      	BCF        R0, 0
0x0267	0x0870      	MOVF       R0, 0
0x0268	0x049F      	IORWF      ADCON0, 1
;__Lib_ADC_A_C.c,78 :: 		
0x0269	0x141F      	BSF        ADCON0, 0
;__Lib_ADC_A_C.c,81 :: 		
0x026A	0x224A      	CALL       _Delay_22us
;__Lib_ADC_A_C.c,84 :: 		
0x026B	0x151F      	BSF        ADCON0, 2
;__Lib_ADC_A_C.c,87 :: 		
L_ADC_Read2:
0x026C	0x1D1F      	BTFSS      ADCON0, 2
0x026D	0x2A70      	GOTO       L_ADC_Read3
;__Lib_ADC_A_C.c,88 :: 		
0x026E	0x0000      	NOP
0x026F	0x2A6C      	GOTO       L_ADC_Read2
L_ADC_Read3:
;__Lib_ADC_A_C.c,91 :: 		
0x0270	0x101F      	BCF        ADCON0, 0
;__Lib_ADC_A_C.c,94 :: 		
0x0271	0x081E      	MOVF       ADRESH, 0
0x0272	0x00F1      	MOVWF      R0+1
0x0273	0x01F0      	CLRF       R0
0x0274	0x1683      	BSF        STATUS, 5
0x0275	0x081E      	MOVF       ADRESL, 0
0x0276	0x04F0      	IORWF      R0, 1
0x0277	0x3000      	MOVLW      0
0x0278	0x04F1      	IORWF      R0+1, 1
;__Lib_ADC_A_C.c,95 :: 		
L_end_ADC_Read:
0x0279	0x0008      	RETURN
; end of _ADC_Read
_Div_32x32_S:
;__Lib_Math.c,1091 :: 		
;__Lib_Math.c,1102 :: 		
;__Lib_Math.c,1105 :: 		
0x027A	0x1283      	BCF        STATUS, 5
0x027B	0x1303      	BCF        STATUS, 6
0x027C	0x0874      	MOVF       R4, 0
0x027D	0x3A00      	XORLW      0
0x027E	0x1D03      	BTFSS      STATUS, 2
0x027F	0x2A95      	GOTO       L_Div_32x32_S6
;__Lib_Math.c,1106 :: 		
0x0280	0x0875      	MOVF       R5, 0
0x0281	0x3A00      	XORLW      0
0x0282	0x1D03      	BTFSS      STATUS, 2
0x0283	0x2A95      	GOTO       L_Div_32x32_S7
;__Lib_Math.c,1107 :: 		
0x0284	0x0876      	MOVF       R6, 0
0x0285	0x3A00      	XORLW      0
0x0286	0x1D03      	BTFSS      STATUS, 2
0x0287	0x2A95      	GOTO       L_Div_32x32_S8
;__Lib_Math.c,1108 :: 		
0x0288	0x0877      	MOVF       R7, 0
0x0289	0x3A00      	XORLW      0
0x028A	0x1D03      	BTFSS      STATUS, 2
0x028B	0x2A95      	GOTO       L_Div_32x32_S9
;__Lib_Math.c,1109 :: 		
0x028C	0x30FF      	MOVLW      255
0x028D	0x00F0      	MOVWF      R0
;__Lib_Math.c,1110 :: 		
0x028E	0x30FF      	MOVLW      255
0x028F	0x00F1      	MOVWF      R1
;__Lib_Math.c,1111 :: 		
0x0290	0x30FF      	MOVLW      255
0x0291	0x00F2      	MOVWF      R2
;__Lib_Math.c,1112 :: 		
0x0292	0x307F      	MOVLW      127
0x0293	0x00F3      	MOVWF      R3
;__Lib_Math.c,1113 :: 		
0x0294	0x2B2E      	GOTO       L_end_Div_32x32_S
;__Lib_Math.c,1114 :: 		
L_Div_32x32_S9:
L_Div_32x32_S8:
L_Div_32x32_S7:
L_Div_32x32_S6:
;__Lib_Math.c,1117 :: 		
0x0295	0x1283      	BCF        STATUS, 5
;__Lib_Math.c,1118 :: 		
0x0296	0x1303      	BCF        STATUS, 6
;__Lib_Math.c,1120 :: 		
0x0297	0x01FC      	CLRF       R12
;__Lib_Math.c,1121 :: 		
0x0298	0x1BF7      	BTFSC      R7, 7
;__Lib_Math.c,1122 :: 		
0x0299	0x0AFC      	INCF       R12, 1
;__Lib_Math.c,1124 :: 		
0x029A	0x01FD      	CLRF       R13
;__Lib_Math.c,1125 :: 		
0x029B	0x01FB      	CLRF       R11
;__Lib_Math.c,1126 :: 		
0x029C	0x01FA      	CLRF       R10
;__Lib_Math.c,1127 :: 		
0x029D	0x01F9      	CLRF       R9
;__Lib_Math.c,1128 :: 		
0x029E	0x01F8      	CLRF       R8
;__Lib_Math.c,1129 :: 		
0x029F	0x0873      	MOVF       R3, 0
;__Lib_Math.c,1130 :: 		
0x02A0	0x0472      	IORWF      R2, 0
;__Lib_Math.c,1131 :: 		
0x02A1	0x0471      	IORWF      R1, 0
;__Lib_Math.c,1132 :: 		
0x02A2	0x0470      	IORWF      R0, 0
;__Lib_Math.c,1133 :: 		
0x02A3	0x1903      	BTFSC      STATUS, 2
;__Lib_Math.c,1134 :: 		
0x02A4	0x2B29      	GOTO       END_ALL
;__Lib_Math.c,1136 :: 		
0x02A5	0x0873      	MOVF       R3, 0
;__Lib_Math.c,1137 :: 		
0x02A6	0x0677      	XORWF      R7, 0
;__Lib_Math.c,1138 :: 		
0x02A7	0x00A0      	MOVWF      ___math_tempb
;__Lib_Math.c,1139 :: 		
0x02A8	0x1BA0      	BTFSC      ___math_tempb, 7
;__Lib_Math.c,1140 :: 		
0x02A9	0x09FD      	COMF       R13, 1
;__Lib_Math.c,1144 :: 		
0x02AA	0x1FF7      	BTFSS      R7, 7
;__Lib_Math.c,1145 :: 		
0x02AB	0x2AB7      	GOTO       CA3232S
;__Lib_Math.c,1147 :: 		
0x02AC	0x09F4      	COMF       R4, 1
;__Lib_Math.c,1148 :: 		
0x02AD	0x09F5      	COMF       R5, 1
;__Lib_Math.c,1149 :: 		
0x02AE	0x09F6      	COMF       R6, 1
;__Lib_Math.c,1150 :: 		
0x02AF	0x09F7      	COMF       R7, 1
;__Lib_Math.c,1151 :: 		
0x02B0	0x0AF4      	INCF       R4, 1
;__Lib_Math.c,1152 :: 		
0x02B1	0x1903      	BTFSC      STATUS, 2
;__Lib_Math.c,1153 :: 		
0x02B2	0x0AF5      	INCF       R5, 1
;__Lib_Math.c,1154 :: 		
0x02B3	0x1903      	BTFSC      STATUS, 2
;__Lib_Math.c,1155 :: 		
0x02B4	0x0AF6      	INCF       R6, 1
;__Lib_Math.c,1156 :: 		
0x02B5	0x1903      	BTFSC      STATUS, 2
;__Lib_Math.c,1157 :: 		
0x02B6	0x0AF7      	INCF       R7, 1
;__Lib_Math.c,1159 :: 		
CA3232S:
;__Lib_Math.c,1160 :: 		
0x02B7	0x1FF3      	BTFSS      R3, 7
;__Lib_Math.c,1161 :: 		
0x02B8	0x2AC4      	GOTO       C3232SX
;__Lib_Math.c,1163 :: 		
0x02B9	0x09F0      	COMF       R0, 1
;__Lib_Math.c,1164 :: 		
0x02BA	0x09F1      	COMF       R1, 1
;__Lib_Math.c,1165 :: 		
0x02BB	0x09F2      	COMF       R2, 1
;__Lib_Math.c,1166 :: 		
0x02BC	0x09F3      	COMF       R3, 1
;__Lib_Math.c,1167 :: 		
0x02BD	0x0AF0      	INCF       R0, 1
;__Lib_Math.c,1168 :: 		
0x02BE	0x1903      	BTFSC      STATUS, 2
;__Lib_Math.c,1169 :: 		
0x02BF	0x0AF1      	INCF       R1, 1
;__Lib_Math.c,1170 :: 		
0x02C0	0x1903      	BTFSC      STATUS, 2
;__Lib_Math.c,1171 :: 		
0x02C1	0x0AF2      	INCF       R2, 1
;__Lib_Math.c,1172 :: 		
0x02C2	0x1903      	BTFSC      STATUS, 2
;__Lib_Math.c,1173 :: 		
0x02C3	0x0AF3      	INCF       R3, 1
;__Lib_Math.c,1175 :: 		
C3232SX:
;__Lib_Math.c,1176 :: 		
0x02C4	0x0873      	MOVF       R3, 0
;__Lib_Math.c,1177 :: 		
0x02C5	0x0477      	IORWF      R7, 0
;__Lib_Math.c,1178 :: 		
0x02C6	0x00A0      	MOVWF      ___math_tempb
;__Lib_Math.c,1179 :: 		
0x02C7	0x1BA0      	BTFSC      ___math_tempb, 7
;__Lib_Math.c,1180 :: 		
0x02C8	0x2AE5      	GOTO       C3232SX1
;__Lib_Math.c,1182 :: 		
C3232S:
;__Lib_Math.c,1185 :: 		
0x02C9	0x2112      	CALL       _SDIV3232L
;__Lib_Math.c,1189 :: 		
0x02CA	0x1BFC      	BTFSC      R12, 7
;__Lib_Math.c,1190 :: 		
0x02CB	0x2B02      	GOTO       C3232SX4
;__Lib_Math.c,1192 :: 		
C3232SOK:
;__Lib_Math.c,1193 :: 		
0x02CC	0x1FFD      	BTFSS      R13, 7
;__Lib_Math.c,1194 :: 		
0x02CD	0x2B29      	GOTO       END_ALL
;__Lib_Math.c,1196 :: 		
0x02CE	0x09F0      	COMF       R0, 1
;__Lib_Math.c,1197 :: 		
0x02CF	0x09F1      	COMF       R1, 1
;__Lib_Math.c,1198 :: 		
0x02D0	0x09F2      	COMF       R2, 1
;__Lib_Math.c,1199 :: 		
0x02D1	0x09F3      	COMF       R3, 1
;__Lib_Math.c,1200 :: 		
0x02D2	0x0AF0      	INCF       R0, 1
;__Lib_Math.c,1201 :: 		
0x02D3	0x1903      	BTFSC      STATUS, 2
;__Lib_Math.c,1202 :: 		
0x02D4	0x0AF1      	INCF       R1, 1
;__Lib_Math.c,1203 :: 		
0x02D5	0x1903      	BTFSC      STATUS, 2
;__Lib_Math.c,1204 :: 		
0x02D6	0x0AF2      	INCF       R2, 1
;__Lib_Math.c,1205 :: 		
0x02D7	0x1903      	BTFSC      STATUS, 2
;__Lib_Math.c,1206 :: 		
0x02D8	0x0AF3      	INCF       R3, 1
;__Lib_Math.c,1208 :: 		
0x02D9	0x09F8      	COMF       R8, 1
;__Lib_Math.c,1209 :: 		
0x02DA	0x09F9      	COMF       R9, 1
;__Lib_Math.c,1210 :: 		
0x02DB	0x09FA      	COMF       R10, 1
;__Lib_Math.c,1211 :: 		
0x02DC	0x09FB      	COMF       R11, 1
;__Lib_Math.c,1212 :: 		
0x02DD	0x0AF8      	INCF       R8, 1
;__Lib_Math.c,1213 :: 		
0x02DE	0x1903      	BTFSC      STATUS, 2
;__Lib_Math.c,1214 :: 		
0x02DF	0x0AF9      	INCF       R9, 1
;__Lib_Math.c,1215 :: 		
0x02E0	0x1903      	BTFSC      STATUS, 2
;__Lib_Math.c,1216 :: 		
0x02E1	0x0AFA      	INCF       R10, 1
;__Lib_Math.c,1217 :: 		
0x02E2	0x1903      	BTFSC      STATUS, 2
;__Lib_Math.c,1218 :: 		
0x02E3	0x0AFB      	INCF       R11, 1
;__Lib_Math.c,1220 :: 		
0x02E4	0x2B29      	GOTO       END_ALL
;__Lib_Math.c,1222 :: 		
C3232SX1:
;__Lib_Math.c,1223 :: 		
0x02E5	0x1FF7      	BTFSS      R7, 7
;__Lib_Math.c,1224 :: 		
0x02E6	0x2AFC      	GOTO       C3232SX3
;__Lib_Math.c,1225 :: 		
0x02E7	0x1BF3      	BTFSC      R3, 7
;__Lib_Math.c,1226 :: 		
0x02E8	0x2AF6      	GOTO       C3232SX2
;__Lib_Math.c,1227 :: 		
0x02E9	0x0873      	MOVF       R3, 0
;__Lib_Math.c,1228 :: 		
0x02EA	0x00FB      	MOVWF      R11
;__Lib_Math.c,1229 :: 		
0x02EB	0x0872      	MOVF       R2, 0
;__Lib_Math.c,1230 :: 		
0x02EC	0x00FA      	MOVWF      R10
;__Lib_Math.c,1231 :: 		
0x02ED	0x0871      	MOVF       R1, 0
;__Lib_Math.c,1232 :: 		
0x02EE	0x00F9      	MOVWF      R9
;__Lib_Math.c,1233 :: 		
0x02EF	0x0870      	MOVF       R0, 0
;__Lib_Math.c,1234 :: 		
0x02F0	0x00F8      	MOVWF      R8
;__Lib_Math.c,1235 :: 		
0x02F1	0x01F3      	CLRF       R3
;__Lib_Math.c,1236 :: 		
0x02F2	0x01F2      	CLRF       R2
;__Lib_Math.c,1237 :: 		
0x02F3	0x01F1      	CLRF       R1
;__Lib_Math.c,1238 :: 		
0x02F4	0x01F0      	CLRF       R0
;__Lib_Math.c,1239 :: 		
0x02F5	0x2ACC      	GOTO       C3232SOK
;__Lib_Math.c,1240 :: 		
C3232SX2:
;__Lib_Math.c,1241 :: 		
0x02F6	0x01F3      	CLRF       R3
;__Lib_Math.c,1242 :: 		
0x02F7	0x01F2      	CLRF       R2
;__Lib_Math.c,1243 :: 		
0x02F8	0x01F1      	CLRF       R1
;__Lib_Math.c,1244 :: 		
0x02F9	0x01F0      	CLRF       R0
;__Lib_Math.c,1245 :: 		
0x02FA	0x0AF0      	INCF       R0, 1
;__Lib_Math.c,1246 :: 		
0x02FB	0x3400      	RETLW      0
;__Lib_Math.c,1248 :: 		
C3232SX3:
;__Lib_Math.c,1249 :: 		
0x02FC	0x09F3      	COMF       R3, 1
;__Lib_Math.c,1250 :: 		
0x02FD	0x09F2      	COMF       R2, 1
;__Lib_Math.c,1251 :: 		
0x02FE	0x09F1      	COMF       R1, 1
;__Lib_Math.c,1252 :: 		
0x02FF	0x09F0      	COMF       R0, 1
;__Lib_Math.c,1254 :: 		
0x0300	0x17FC      	BSF        R12, 7
;__Lib_Math.c,1256 :: 		
0x0301	0x2AC9      	GOTO       C3232S
;__Lib_Math.c,1258 :: 		
C3232SX4:
;__Lib_Math.c,1259 :: 		
0x0302	0x0AF8      	INCF       R8, 1
;__Lib_Math.c,1260 :: 		
0x0303	0x1903      	BTFSC      STATUS, 2
;__Lib_Math.c,1261 :: 		
0x0304	0x0AF9      	INCF       R9, 1
;__Lib_Math.c,1262 :: 		
0x0305	0x1903      	BTFSC      STATUS, 2
;__Lib_Math.c,1263 :: 		
0x0306	0x0AFA      	INCF       R10, 1
;__Lib_Math.c,1264 :: 		
0x0307	0x1903      	BTFSC      STATUS, 2
;__Lib_Math.c,1265 :: 		
0x0308	0x0AFB      	INCF       R11, 1
;__Lib_Math.c,1266 :: 		
0x0309	0x0874      	MOVF       R4, 0
;__Lib_Math.c,1267 :: 		
0x030A	0x0278      	SUBWF      R8, 0
;__Lib_Math.c,1268 :: 		
0x030B	0x1D03      	BTFSS      STATUS, 2
;__Lib_Math.c,1269 :: 		
0x030C	0x2ACC      	GOTO       C3232SOK
;__Lib_Math.c,1270 :: 		
0x030D	0x0875      	MOVF       R5, 0
;__Lib_Math.c,1271 :: 		
0x030E	0x0279      	SUBWF      R9, 0
;__Lib_Math.c,1272 :: 		
0x030F	0x1D03      	BTFSS      STATUS, 2
;__Lib_Math.c,1273 :: 		
0x0310	0x2ACC      	GOTO       C3232SOK
;__Lib_Math.c,1274 :: 		
0x0311	0x0876      	MOVF       R6, 0
;__Lib_Math.c,1275 :: 		
0x0312	0x027A      	SUBWF      R10, 0
;__Lib_Math.c,1276 :: 		
0x0313	0x1D03      	BTFSS      STATUS, 2
;__Lib_Math.c,1277 :: 		
0x0314	0x2ACC      	GOTO       C3232SOK
;__Lib_Math.c,1278 :: 		
0x0315	0x0877      	MOVF       R7, 0
;__Lib_Math.c,1279 :: 		
0x0316	0x027B      	SUBWF      R11, 0
;__Lib_Math.c,1280 :: 		
0x0317	0x1D03      	BTFSS      STATUS, 2
;__Lib_Math.c,1281 :: 		
0x0318	0x2ACC      	GOTO       C3232SOK
;__Lib_Math.c,1282 :: 		
0x0319	0x01FB      	CLRF       R11
;__Lib_Math.c,1283 :: 		
0x031A	0x01FA      	CLRF       R10
;__Lib_Math.c,1284 :: 		
0x031B	0x01F9      	CLRF       R9
;__Lib_Math.c,1285 :: 		
0x031C	0x01F8      	CLRF       R8
;__Lib_Math.c,1286 :: 		
0x031D	0x0AF0      	INCF       R0, 1
;__Lib_Math.c,1287 :: 		
0x031E	0x1903      	BTFSC      STATUS, 2
;__Lib_Math.c,1288 :: 		
0x031F	0x0AF1      	INCF       R1, 1
;__Lib_Math.c,1289 :: 		
0x0320	0x1903      	BTFSC      STATUS, 2
;__Lib_Math.c,1290 :: 		
0x0321	0x0AF2      	INCF       R2, 1
;__Lib_Math.c,1291 :: 		
0x0322	0x1903      	BTFSC      STATUS, 2
;__Lib_Math.c,1292 :: 		
0x0323	0x0AF3      	INCF       R3, 1
;__Lib_Math.c,1293 :: 		
0x0324	0x1FF3      	BTFSS      R3, 7
;__Lib_Math.c,1294 :: 		
0x0325	0x2ACC      	GOTO       C3232SOK
;__Lib_Math.c,1295 :: 		
0x0326	0x01A0      	CLRF       ___math_tempb
;__Lib_Math.c,1296 :: 		
0x0327	0x1620      	BSF        ___math_tempb, 4
;__Lib_Math.c,1297 :: 		
0x0328	0x34FF      	RETLW      255
;__Lib_Math.c,1298 :: 		
END_ALL:
;__Lib_Math.c,1299 :: 		
0x0329	0x01A0      	CLRF       ___math_tempb
;__Lib_Math.c,1300 :: 		
0x032A	0x1C7C      	BTFSS      R12, 0
;__Lib_Math.c,1301 :: 		
0x032B	0x2B2D      	GOTO       avoid_comfrem
;__Lib_Math.c,1303 :: 		
0x032C	0x223E      	CALL       _COMFREM
;__Lib_Math.c,1305 :: 		
avoid_comfrem:
;__Lib_Math.c,1306 :: 		
0x032D	0x3E00      	ADDLW      0
;__Lib_Math.c,1308 :: 		
L_end_Div_32x32_S:
0x032E	0x0008      	RETURN
; end of _Div_32x32_S
_average_volt:
;vAula100_source_file.c,201 :: 		long average_volt()                            //Função que calcula a média de 100 leituras de tensão
;vAula100_source_file.c,204 :: 		long volt_store = 0;                      //Variável local para armazenar o valor da tensão
0x032F	0x1283      	BCF        STATUS, 5
0x0330	0x1303      	BCF        STATUS, 6
0x0331	0x01CF      	CLRF       average_volt_volt_store_L0
0x0332	0x01D0      	CLRF       average_volt_volt_store_L0+1
0x0333	0x01D1      	CLRF       average_volt_volt_store_L0+2
0x0334	0x01D2      	CLRF       average_volt_volt_store_L0+3
;vAula100_source_file.c,206 :: 		for(i=0; i<100; i++)                      //Somatório de 100 leituras
0x0335	0x01CE      	CLRF       average_volt_i_L0
L_average_volt19:
0x0336	0x3064      	MOVLW      100
0x0337	0x024E      	SUBWF      average_volt_i_L0, 0
0x0338	0x1803      	BTFSC      STATUS, 0
0x0339	0x2B58      	GOTO       L_average_volt20
;vAula100_source_file.c,208 :: 		volt_store += ADC_Read(0);       //temp_store = temp_store + ADC_Read(0) (faz o somatório das 100 iterações)
0x033A	0x01D3      	CLRF       FARG_ADC_Read_channel
0x033B	0x2252      	CALL       _ADC_Read
0x033C	0x3000      	MOVLW      0
0x033D	0x00F2      	MOVWF      R0+2
0x033E	0x00F3      	MOVWF      R0+3
0x033F	0x1283      	BCF        STATUS, 5
0x0340	0x084F      	MOVF       average_volt_volt_store_L0, 0
0x0341	0x07F0      	ADDWF      R0, 1
0x0342	0x0850      	MOVF       average_volt_volt_store_L0+1, 0
0x0343	0x1803      	BTFSC      STATUS, 0
0x0344	0x0F50      	INCFSZ     average_volt_volt_store_L0+1, 0
0x0345	0x07F1      	ADDWF      R0+1, 1
0x0346	0x0851      	MOVF       average_volt_volt_store_L0+2, 0
0x0347	0x1803      	BTFSC      STATUS, 0
0x0348	0x0F51      	INCFSZ     average_volt_volt_store_L0+2, 0
0x0349	0x07F2      	ADDWF      R0+2, 1
0x034A	0x0852      	MOVF       average_volt_volt_store_L0+3, 0
0x034B	0x1803      	BTFSC      STATUS, 0
0x034C	0x0F52      	INCFSZ     average_volt_volt_store_L0+3, 0
0x034D	0x07F3      	ADDWF      R0+3, 1
0x034E	0x0870      	MOVF       R0, 0
0x034F	0x00CF      	MOVWF      average_volt_volt_store_L0
0x0350	0x0871      	MOVF       R0+1, 0
0x0351	0x00D0      	MOVWF      average_volt_volt_store_L0+1
0x0352	0x0872      	MOVF       R0+2, 0
0x0353	0x00D1      	MOVWF      average_volt_volt_store_L0+2
0x0354	0x0873      	MOVF       R0+3, 0
0x0355	0x00D2      	MOVWF      average_volt_volt_store_L0+3
;vAula100_source_file.c,206 :: 		for(i=0; i<100; i++)                      //Somatório de 100 leituras
0x0356	0x0ACE      	INCF       average_volt_i_L0, 1
;vAula100_source_file.c,209 :: 		}
0x0357	0x2B36      	GOTO       L_average_volt19
L_average_volt20:
;vAula100_source_file.c,211 :: 		return(volt_store/100);                   //retorna a média das iterações
0x0358	0x3064      	MOVLW      100
0x0359	0x00F4      	MOVWF      R4
0x035A	0x01F5      	CLRF       R4+1
0x035B	0x01F6      	CLRF       R4+2
0x035C	0x01F7      	CLRF       R4+3
0x035D	0x084F      	MOVF       average_volt_volt_store_L0, 0
0x035E	0x00F0      	MOVWF      R0
0x035F	0x0850      	MOVF       average_volt_volt_store_L0+1, 0
0x0360	0x00F1      	MOVWF      R0+1
0x0361	0x0851      	MOVF       average_volt_volt_store_L0+2, 0
0x0362	0x00F2      	MOVWF      R0+2
0x0363	0x0852      	MOVF       average_volt_volt_store_L0+3, 0
0x0364	0x00F3      	MOVWF      R0+3
0x0365	0x227A      	CALL       _Div_32x32_S
;vAula100_source_file.c,213 :: 		} //end average_temp
L_end_average_volt:
0x0366	0x0008      	RETURN
; end of _average_volt
_____DoICP:
;__Lib_System.c,6 :: 		
;__Lib_System.c,9 :: 		
0x0367	0x1283      	BCF        STATUS, 5
0x0368	0x1303      	BCF        STATUS, 6
0x0369	0x083B      	MOVF       ___DoICPAddr+1, 0
0x036A	0x008A      	MOVWF      PCLATH
;__Lib_System.c,10 :: 		
0x036B	0x083A      	MOVF       ___DoICPAddr, 0
0x036C	0x0082      	MOVWF      PCL
;__Lib_System.c,12 :: 		
L_end_____DoICP:
0x036D	0x0008      	RETURN
; end of _____DoICP
_Mul_32x32_U:
;__Lib_Math.c,1774 :: 		
;__Lib_Math.c,1789 :: 		
0x036E	0x1283      	BCF        STATUS, 5
;__Lib_Math.c,1790 :: 		
0x036F	0x1303      	BCF        STATUS, 6
;__Lib_Math.c,1791 :: 		
0x0370	0x3022      	MOVLW      34
;__Lib_Math.c,1792 :: 		
0x0371	0x00FC      	MOVWF      R12
;__Lib_Math.c,1793 :: 		
0x0372	0x01F8      	CLRF       R8
;__Lib_Math.c,1794 :: 		
0x0373	0x01F9      	CLRF       R9
;__Lib_Math.c,1795 :: 		
0x0374	0x01FA      	CLRF       R10
;__Lib_Math.c,1796 :: 		
0x0375	0x01FB      	CLRF       R11
;__Lib_Math.c,1798 :: 		
_NEXT:
;__Lib_Math.c,1802 :: 		
0x0376	0x03FC      	DECF       R12, 1
;__Lib_Math.c,1803 :: 		
0x0377	0x1903      	BTFSC      STATUS, 2
;__Lib_Math.c,1804 :: 		
0x0378	0x2BA4      	GOTO       _EXIT2
;__Lib_Math.c,1805 :: 		
0x0379	0x1003      	BCF        STATUS, 0
;__Lib_Math.c,1807 :: 		
_LOOP:
;__Lib_Math.c,1816 :: 		
0x037A	0x0CFB      	RRF        R11, 1
;__Lib_Math.c,1817 :: 		
0x037B	0x0CFA      	RRF        R10, 1
;__Lib_Math.c,1818 :: 		
0x037C	0x0CF9      	RRF        R9, 1
;__Lib_Math.c,1819 :: 		
0x037D	0x0CF8      	RRF        R8, 1
;__Lib_Math.c,1820 :: 		
0x037E	0x0CF3      	RRF        R3, 1
;__Lib_Math.c,1821 :: 		
0x037F	0x0CF2      	RRF        R2, 1
;__Lib_Math.c,1822 :: 		
0x0380	0x0CF1      	RRF        R1, 1
;__Lib_Math.c,1823 :: 		
0x0381	0x0CF0      	RRF        R0, 1
;__Lib_Math.c,1828 :: 		
0x0382	0x1C03      	BTFSS      STATUS, 0
;__Lib_Math.c,1829 :: 		
0x0383	0x2B76      	GOTO       _NEXT
;__Lib_Math.c,1830 :: 		
0x0384	0x03FC      	DECF       R12, 1
;__Lib_Math.c,1831 :: 		
0x0385	0x1903      	BTFSC      STATUS, 2
;__Lib_Math.c,1832 :: 		
0x0386	0x2B96      	GOTO       _EXIT1
;__Lib_Math.c,1839 :: 		
0x0387	0x0874      	MOVF       R4, 0
;__Lib_Math.c,1840 :: 		
0x0388	0x07F8      	ADDWF      R8, 1
;__Lib_Math.c,1841 :: 		
0x0389	0x0875      	MOVF       R5, 0
;__Lib_Math.c,1842 :: 		
0x038A	0x1803      	BTFSC      STATUS, 0
;__Lib_Math.c,1843 :: 		
0x038B	0x0F75      	INCFSZ     R5, 0
;__Lib_Math.c,1844 :: 		
0x038C	0x07F9      	ADDWF      R9, 1
;__Lib_Math.c,1845 :: 		
0x038D	0x0876      	MOVF       R6, 0
;__Lib_Math.c,1846 :: 		
0x038E	0x1803      	BTFSC      STATUS, 0
;__Lib_Math.c,1847 :: 		
0x038F	0x0F76      	INCFSZ     R6, 0
;__Lib_Math.c,1848 :: 		
0x0390	0x07FA      	ADDWF      R10, 1
;__Lib_Math.c,1849 :: 		
0x0391	0x0877      	MOVF       R7, 0
;__Lib_Math.c,1850 :: 		
0x0392	0x1803      	BTFSC      STATUS, 0
;__Lib_Math.c,1851 :: 		
0x0393	0x0F77      	INCFSZ     R7, 0
;__Lib_Math.c,1852 :: 		
0x0394	0x07FB      	ADDWF      R11, 1
;__Lib_Math.c,1854 :: 		
0x0395	0x2B7A      	GOTO       _LOOP
;__Lib_Math.c,1856 :: 		
_EXIT1:
;__Lib_Math.c,1861 :: 		
0x0396	0x0874      	MOVF       R4, 0
;__Lib_Math.c,1862 :: 		
0x0397	0x07F8      	ADDWF      R8, 1
;__Lib_Math.c,1863 :: 		
0x0398	0x0875      	MOVF       R5, 0
;__Lib_Math.c,1864 :: 		
0x0399	0x1803      	BTFSC      STATUS, 0
;__Lib_Math.c,1865 :: 		
0x039A	0x0F75      	INCFSZ     R5, 0
;__Lib_Math.c,1866 :: 		
0x039B	0x07F9      	ADDWF      R9, 1
;__Lib_Math.c,1867 :: 		
0x039C	0x0876      	MOVF       R6, 0
;__Lib_Math.c,1868 :: 		
0x039D	0x1803      	BTFSC      STATUS, 0
;__Lib_Math.c,1869 :: 		
0x039E	0x0F76      	INCFSZ     R6, 0
;__Lib_Math.c,1870 :: 		
0x039F	0x07FA      	ADDWF      R10, 1
;__Lib_Math.c,1871 :: 		
0x03A0	0x0877      	MOVF       R7, 0
;__Lib_Math.c,1872 :: 		
0x03A1	0x1803      	BTFSC      STATUS, 0
;__Lib_Math.c,1873 :: 		
0x03A2	0x0F77      	INCFSZ     R7, 0
;__Lib_Math.c,1874 :: 		
0x03A3	0x07FB      	ADDWF      R11, 1
;__Lib_Math.c,1877 :: 		
_EXIT2:
;__Lib_Math.c,1879 :: 		
L_end_Mul_32x32_U:
0x03A4	0x0008      	RETURN
; end of _Mul_32x32_U
_volts:
;vAula100_source_file.c,190 :: 		void volts()                                   //Função para cálculo da tensão em Volts
;vAula100_source_file.c,192 :: 		store_old=store;
0x03A5	0x1283      	BCF        STATUS, 5
0x03A6	0x1303      	BCF        STATUS, 6
0x03A7	0x0830      	MOVF       _store, 0
0x03A8	0x00B4      	MOVWF      _store_old
0x03A9	0x0831      	MOVF       _store+1, 0
0x03AA	0x00B5      	MOVWF      _store_old+1
0x03AB	0x0832      	MOVF       _store+2, 0
0x03AC	0x00B6      	MOVWF      _store_old+2
0x03AD	0x0833      	MOVF       _store+3, 0
0x03AE	0x00B7      	MOVWF      _store_old+3
;vAula100_source_file.c,193 :: 		store = average_volt();                   //Recebe o valor médio da tensão retornado pela função average_volts()
0x03AF	0x232F      	CALL       _average_volt
0x03B0	0x0870      	MOVF       R0, 0
0x03B1	0x00B0      	MOVWF      _store
0x03B2	0x0871      	MOVF       R0+1, 0
0x03B3	0x00B1      	MOVWF      _store+1
0x03B4	0x0872      	MOVF       R0+2, 0
0x03B5	0x00B2      	MOVWF      _store+2
0x03B6	0x0873      	MOVF       R0+3, 0
0x03B7	0x00B3      	MOVWF      _store+3
;vAula100_source_file.c,194 :: 		t_Volts = (store*183 )/37;               //Converte o valor para Volts
0x03B8	0x30B7      	MOVLW      183
0x03B9	0x00F4      	MOVWF      R4
0x03BA	0x01F5      	CLRF       R4+1
0x03BB	0x01F6      	CLRF       R4+2
0x03BC	0x01F7      	CLRF       R4+3
0x03BD	0x236E      	CALL       _Mul_32x32_U
0x03BE	0x3025      	MOVLW      37
0x03BF	0x00F4      	MOVWF      R4
0x03C0	0x01F5      	CLRF       R4+1
0x03C1	0x01F6      	CLRF       R4+2
0x03C2	0x01F7      	CLRF       R4+3
0x03C3	0x227A      	CALL       _Div_32x32_S
0x03C4	0x0870      	MOVF       R0, 0
0x03C5	0x00C8      	MOVWF      _t_Volts
0x03C6	0x0871      	MOVF       R0+1, 0
0x03C7	0x00C9      	MOVWF      _t_Volts+1
0x03C8	0x0872      	MOVF       R0+2, 0
0x03C9	0x00CA      	MOVWF      _t_Volts+2
0x03CA	0x0873      	MOVF       R0+3, 0
0x03CB	0x00CB      	MOVWF      _t_Volts+3
;vAula100_source_file.c,195 :: 		t_Volts = t_Volts*1000;
0x03CC	0x30E8      	MOVLW      232
0x03CD	0x00F4      	MOVWF      R4
0x03CE	0x3003      	MOVLW      3
0x03CF	0x00F5      	MOVWF      R4+1
0x03D0	0x01F6      	CLRF       R4+2
0x03D1	0x01F7      	CLRF       R4+3
0x03D2	0x236E      	CALL       _Mul_32x32_U
0x03D3	0x0870      	MOVF       R0, 0
0x03D4	0x00C8      	MOVWF      _t_Volts
0x03D5	0x0871      	MOVF       R0+1, 0
0x03D6	0x00C9      	MOVWF      _t_Volts+1
0x03D7	0x0872      	MOVF       R0+2, 0
0x03D8	0x00CA      	MOVWF      _t_Volts+2
0x03D9	0x0873      	MOVF       R0+3, 0
0x03DA	0x00CB      	MOVWF      _t_Volts+3
;vAula100_source_file.c,196 :: 		m_amps = t_Volts/shunt;
0x03DB	0x3010      	MOVLW      16
0x03DC	0x00F4      	MOVWF      R4
0x03DD	0x3027      	MOVLW      39
0x03DE	0x00F5      	MOVWF      R4+1
0x03DF	0x01F6      	CLRF       R4+2
0x03E0	0x01F7      	CLRF       R4+3
0x03E1	0x227A      	CALL       _Div_32x32_S
0x03E2	0x0870      	MOVF       R0, 0
0x03E3	0x00C4      	MOVWF      _m_amps
0x03E4	0x0871      	MOVF       R0+1, 0
0x03E5	0x00C5      	MOVWF      _m_amps+1
0x03E6	0x0872      	MOVF       R0+2, 0
0x03E7	0x00C6      	MOVWF      _m_amps+2
0x03E8	0x0873      	MOVF       R0+3, 0
0x03E9	0x00C7      	MOVWF      _m_amps+3
;vAula100_source_file.c,199 :: 		} //end celsius
L_end_volts:
0x03EA	0x0008      	RETURN
; end of _volts
___CC2DW:
;__Lib_System.c,134 :: 		
;__Lib_System.c,137 :: 		
_CC2D_Loop1:
;__Lib_System.c,139 :: 		
0x03EB	0x2367      	CALL       _____DoICP
0x03EC	0x118A      	BCF        PCLATH, 3
0x03ED	0x120A      	BCF        PCLATH, 4
;__Lib_System.c,141 :: 		
0x03EE	0x0080      	MOVWF      INDF
;__Lib_System.c,142 :: 		
0x03EF	0x0A84      	INCF       FSR, 1
;__Lib_System.c,143 :: 		
0x03F0	0x0ABA      	INCF       ___DoICPAddr, 1
;__Lib_System.c,145 :: 		
0x03F1	0x1903      	BTFSC      STATUS, 2
;__Lib_System.c,146 :: 		
0x03F2	0x0ABB      	INCF       ___DoICPAddr+1, 1
;__Lib_System.c,147 :: 		
0x03F3	0x03F0      	DECF       R0, 1
;__Lib_System.c,149 :: 		
0x03F4	0x1D03      	BTFSS      STATUS, 2
;__Lib_System.c,150 :: 		
0x03F5	0x2BEB      	GOTO       _CC2D_Loop1
;__Lib_System.c,152 :: 		
L_end___CC2DW:
0x03F6	0x0008      	RETURN
; end of ___CC2DW
_display:
;vAula100_source_file.c,146 :: 		int display(int num)
;vAula100_source_file.c,160 :: 		0x67};                 //BCD nove   '9'
0x03F7	0x303F      	MOVLW      63
0x03F8	0x1283      	BCF        STATUS, 5
0x03F9	0x1303      	BCF        STATUS, 6
0x03FA	0x00D6      	MOVWF      display_SEGMENTO_L0
0x03FB	0x3000      	MOVLW      0
0x03FC	0x00D7      	MOVWF      display_SEGMENTO_L0+1
0x03FD	0x3006      	MOVLW      6
0x03FE	0x00D8      	MOVWF      display_SEGMENTO_L0+2
0x03FF	0x3000      	MOVLW      0
0x0400	0x00D9      	MOVWF      display_SEGMENTO_L0+3
0x0401	0x305B      	MOVLW      91
0x0402	0x00DA      	MOVWF      display_SEGMENTO_L0+4
0x0403	0x3000      	MOVLW      0
0x0404	0x00DB      	MOVWF      display_SEGMENTO_L0+5
0x0405	0x304F      	MOVLW      79
0x0406	0x00DC      	MOVWF      display_SEGMENTO_L0+6
0x0407	0x3000      	MOVLW      0
0x0408	0x00DD      	MOVWF      display_SEGMENTO_L0+7
0x0409	0x3066      	MOVLW      102
0x040A	0x00DE      	MOVWF      display_SEGMENTO_L0+8
0x040B	0x3000      	MOVLW      0
0x040C	0x00DF      	MOVWF      display_SEGMENTO_L0+9
0x040D	0x306D      	MOVLW      109
0x040E	0x00E0      	MOVWF      display_SEGMENTO_L0+10
0x040F	0x3000      	MOVLW      0
0x0410	0x00E1      	MOVWF      display_SEGMENTO_L0+11
0x0411	0x307D      	MOVLW      125
0x0412	0x00E2      	MOVWF      display_SEGMENTO_L0+12
0x0413	0x3000      	MOVLW      0
0x0414	0x00E3      	MOVWF      display_SEGMENTO_L0+13
0x0415	0x3007      	MOVLW      7
0x0416	0x00E4      	MOVWF      display_SEGMENTO_L0+14
0x0417	0x3000      	MOVLW      0
0x0418	0x00E5      	MOVWF      display_SEGMENTO_L0+15
0x0419	0x307F      	MOVLW      127
0x041A	0x00E6      	MOVWF      display_SEGMENTO_L0+16
0x041B	0x3000      	MOVLW      0
0x041C	0x00E7      	MOVWF      display_SEGMENTO_L0+17
0x041D	0x3067      	MOVLW      103
0x041E	0x00E8      	MOVWF      display_SEGMENTO_L0+18
0x041F	0x3000      	MOVLW      0
0x0420	0x00E9      	MOVWF      display_SEGMENTO_L0+19
;vAula100_source_file.c,162 :: 		cathode = SEGMENTO[num];                   //para retornar o cathode
0x0421	0x0854      	MOVF       FARG_display_num, 0
0x0422	0x00F0      	MOVWF      R0
0x0423	0x0855      	MOVF       FARG_display_num+1, 0
0x0424	0x00F1      	MOVWF      R0+1
0x0425	0x0DF0      	RLF        R0, 1
0x0426	0x0DF1      	RLF        R0+1, 1
0x0427	0x1070      	BCF        R0, 0
0x0428	0x0870      	MOVF       R0, 0
0x0429	0x3E56      	ADDLW      display_SEGMENTO_L0
0x042A	0x0084      	MOVWF      FSR
;vAula100_source_file.c,164 :: 		return(cathode);                           //retorna o número BCD
0x042B	0x0800      	MOVF       INDF, 0
0x042C	0x00F0      	MOVWF      R0
0x042D	0x0A84      	INCF       FSR, 1
0x042E	0x0800      	MOVF       INDF, 0
0x042F	0x00F1      	MOVWF      R0+1
;vAula100_source_file.c,166 :: 		} //end display
L_end_display:
0x0430	0x0008      	RETURN
; end of _display
_main:
0x0431	0x2464      	CALL       1124
;vAula100_source_file.c,116 :: 		void main()
;vAula100_source_file.c,118 :: 		ADCON0     = 0x01;                        //Aciona o módulo conversor AD, Canal AN0
0x0432	0x3001      	MOVLW      1
0x0433	0x1283      	BCF        STATUS, 5
0x0434	0x1303      	BCF        STATUS, 6
0x0435	0x009F      	MOVWF      ADCON0
;vAula100_source_file.c,119 :: 		ADCON1     = 0x0E;                        //Entrada AN0 como analógica
0x0436	0x300E      	MOVLW      14
0x0437	0x1683      	BSF        STATUS, 5
0x0438	0x009F      	MOVWF      ADCON1
;vAula100_source_file.c,120 :: 		CMCON      = 0x07;                        //Desabilita comparadores
0x0439	0x3007      	MOVLW      7
0x043A	0x009C      	MOVWF      CMCON
;vAula100_source_file.c,121 :: 		INTCON     = 0xA0;                        //Interrupção global, habilita interrupção do Timer0
0x043B	0x30A0      	MOVLW      160
0x043C	0x008B      	MOVWF      INTCON
;vAula100_source_file.c,122 :: 		OPTION_REG = 0x83;                        //Timer0 incrementa pelo ciclo de máquina
0x043D	0x3083      	MOVLW      131
0x043E	0x0081      	MOVWF      OPTION_REG
;vAula100_source_file.c,124 :: 		TRISB      = 0xF0;                        //Configura TRISB<7:4> como entrada, TRISB<3:0> como saída
0x043F	0x30F0      	MOVLW      240
0x0440	0x0086      	MOVWF      TRISB
;vAula100_source_file.c,125 :: 		TRISC      = 0x00;                        //Configura todo PORTC como saída
0x0441	0x0187      	CLRF       TRISC
;vAula100_source_file.c,126 :: 		PORTB      = 0xF0;                        //Inicializa PORTB (dígitos desligados)
0x0442	0x30F0      	MOVLW      240
0x0443	0x1283      	BCF        STATUS, 5
0x0444	0x0086      	MOVWF      PORTB
;vAula100_source_file.c,127 :: 		PORTC      = 0x00;                        //Inicializa PORTC (segmentos desligados), RBC em nível alto
0x0445	0x0187      	CLRF       PORTC
;vAula100_source_file.c,130 :: 		while(1)
L_main16:
;vAula100_source_file.c,133 :: 		volts();                                //Chama a função para cálculo da tensão em Volts
0x0446	0x23A5      	CALL       _volts
;vAula100_source_file.c,134 :: 		delay_ms(200);                          //taxa de atualização
0x0447	0x3003      	MOVLW      3
0x0448	0x00FB      	MOVWF      R11
0x0449	0x3008      	MOVLW      8
0x044A	0x00FC      	MOVWF      R12
0x044B	0x3077      	MOVLW      119
0x044C	0x00FD      	MOVWF      R13
L_main18:
0x044D	0x0BFD      	DECFSZ     R13, 1
0x044E	0x2C4D      	GOTO       L_main18
0x044F	0x0BFC      	DECFSZ     R12, 1
0x0450	0x2C4D      	GOTO       L_main18
0x0451	0x0BFB      	DECFSZ     R11, 1
0x0452	0x2C4D      	GOTO       L_main18
;vAula100_source_file.c,136 :: 		} //end while
0x0453	0x2C46      	GOTO       L_main16
;vAula100_source_file.c,138 :: 		} //end main
L_end_main:
0x0454	0x2C54      	GOTO       $+0
; end of _main
0x0464	0x3030      	MOVLW      48
0x0465	0x0084      	MOVWF      FSR
0x0466	0x300A      	MOVLW      10
0x0467	0x1283      	BCF        STATUS, 5
0x0468	0x1303      	BCF        STATUS, 6
0x0469	0x00F0      	MOVWF      R0
0x046A	0x305A      	MOVLW      90
0x046B	0x00BA      	MOVWF      ___DoICPAddr
0x046C	0x3004      	MOVLW      4
0x046D	0x00BB      	MOVWF      59
0x046E	0x23EB      	CALL       1003
0x046F	0x0008      	RETURN
;vAula100_source_file.c,0 :: ?ICS_store
0x045A	0x3400 ;?ICS_store+0
0x045B	0x3400 ;?ICS_store+1
0x045C	0x3400 ;?ICS_store+2
0x045D	0x3400 ;?ICS_store+3
; end of ?ICS_store
;vAula100_source_file.c,0 :: ?ICS_store_old
0x045E	0x3400 ;?ICS_store_old+0
0x045F	0x3400 ;?ICS_store_old+1
0x0460	0x3400 ;?ICS_store_old+2
0x0461	0x3400 ;?ICS_store_old+3
; end of ?ICS_store_old
;vAula100_source_file.c,0 :: ?ICS_control
0x0462	0x3401 ;?ICS_control+0
; end of ?ICS_control
;__Lib_ADC_A_C.c,0 :: ?ICS_vref_mask
0x0463	0x340F ;?ICS_vref_mask+0
; end of ?ICS_vref_mask
Symbol List:
//** Routines locations **
//ADDRESS    SIZE    PROCEDURE
//----------------------------------------------
0x0004     [270]    _interrupt
0x0112     [300]    _SDIV3232L
0x023E      [12]    _COMFREM
0x024A       [8]    _Delay_22us
0x0252      [40]    _ADC_Read
0x027A     [181]    _Div_32x32_S
0x032F      [56]    _average_volt
0x0367       [7]    _____DoICP
0x036E      [55]    _Mul_32x32_U
0x03A5      [70]    _volts
0x03EB      [12]    ___CC2DW
0x03F7      [58]    _display
0x0431      [35]    _main
//** Variables locations ** 
//ADDRESS    SIZE    VARIABLE
//----------------------------------------------
0x0000       [1]    INDF
0x0002       [1]    PCL
0x0003       [1]    STATUS
0x0004       [1]    FSR
0x0006       [0]    RB1_bit
0x0006       [0]    RB0_bit
0x0006       [1]    PORTB
0x0006       [0]    RB3_bit
0x0006       [0]    RB2_bit
0x0007       [1]    PORTC
0x000A       [1]    PCLATH
0x000B       [1]    INTCON
0x000B       [0]    TMR0IF_bit
0x001E       [1]    ADRESH
0x001F       [1]    ADCON0
0x0020       [1]    ___math_tempb
0x0030       [4]    _store
0x0034       [4]    _store_old
0x0038       [1]    _control
0x0039       [1]    _vref_mask
0x003A       [2]    ___DoICPAddr
0x003C       [2]    _cen
0x003E       [2]    _mil
0x0040       [2]    _uni
0x0042       [2]    _dez
0x0044       [4]    _m_amps
0x0048       [4]    _t_Volts
0x004C       [1]    ___saveSTATUS
0x004D       [1]    ___savePCLATH
0x004E       [1]    average_volt_i_L0
0x004F       [4]    average_volt_volt_store_L0
0x0053       [1]    FARG_ADC_Read_channel
0x0054       [2]    FARG_display_num
0x0056      [20]    display_SEGMENTO_L0
0x0070       [1]    R0
0x0071       [1]    R1
0x0072       [1]    R2
0x0073       [1]    R3
0x0074       [1]    R4
0x0075       [1]    R5
0x0076       [1]    R6
0x0077       [1]    R7
0x0078       [1]    R8
0x0079       [1]    R9
0x007A       [1]    R10
0x007B       [1]    R11
0x007C       [1]    R12
0x007D       [1]    R13
0x007E       [1]    R14
0x007F       [1]    R15
0x0081       [1]    OPTION_REG
0x0086       [1]    TRISB
0x0087       [1]    TRISC
0x009C       [1]    CMCON
0x009E       [1]    ADRESL
0x009F       [1]    ADCON1
//** Constants locations ** 
//ADDRESS    SIZE    CONSTANT
//----------------------------------------------
0x045A       [4]    ?ICS_store
0x045E       [4]    ?ICS_store_old
0x0462       [1]    ?ICS_control
0x0463       [1]    ?ICS_vref_mask
